<html>
<head>
<title>TestNG:  HGHWebApplicationTesting</title>
<link href="../testng.css" rel="stylesheet" type="text/css" />
<link href="../my-testng.css" rel="stylesheet" type="text/css" />

<style type="text/css">
.log { display: none;} 
.stack-trace { display: none;} 
</style>
<script type="text/javascript">
<!--
function flip(e) {
  current = e.style.display;
  if (current == 'block') {
    e.style.display = 'none';
    return 0;
  }
  else {
    e.style.display = 'block';
    return 1;
  }
}

function toggleBox(szDivId, elem, msg1, msg2)
{
  var res = -1;  if (document.getElementById) {
    res = flip(document.getElementById(szDivId));
  }
  else if (document.all) {
    // this is the way old msie versions work
    res = flip(document.all[szDivId]);
  }
  if(elem) {
    if(res == 0) elem.innerHTML = msg1; else elem.innerHTML = msg2;
  }

}

function toggleAllBoxes() {
  if (document.getElementsByTagName) {
    d = document.getElementsByTagName('div');
    for (i = 0; i < d.length; i++) {
      if (d[i].className == 'log') {
        flip(d[i]);
      }
    }
  }
}

// -->
</script>

</head>
<body>
<h2 align='center'>HGHWebApplicationTesting</h2><table border='1' align="center">
<tr>
<td>Tests passed/Failed/Skipped:</td><td>49/7/0</td>
</tr><tr>
<td>Started on:</td><td>Tue Mar 29 17:16:54 IST 2016</td>
</tr>
<tr><td>Total time:</td><td>1715 seconds (1715541 ms)</td>
</tr><tr>
<td>Included groups:</td><td>regression </td>
</tr><tr>
<td>Excluded groups:</td><td></td>
</tr>
</table><p/>
<small><i>(Hover the method name to see the test class name)</i></small><p/>
<table width='100%' border='1' class='invocation-failed'>
<tr><td colspan='4' align='center'><b>FAILED TESTS</b></td></tr>
<tr><td><b>Test method</b></td>
<td width="30%"><b>Exception</b></td>
<td width="10%"><b>Time (seconds)</b></td>
<td><b>Instance</b></td>
</tr>
<tr>
<td title='org.hgh.testmethods.HGHTestCustomer.TS_Login_001_TC_HGH_Login_008_Verify_Tab_focus()'><b>TS_Login_001_TC_HGH_Login_008_Verify_Tab_focus</b><br>Test class: org.hgh.testmethods.HGHTestCustomer</td>
<td><div><pre>java.lang.AssertionError: feature not present in the application expected [false] but found [true]
	at org.hgh.testmethods.HGHTestCustomer.TS_Login_001_TC_HGH_Login_008_Verify_Tab_focus(HGHTestCustomer.java:78)
... Removed 29 stack frames</pre></div><a href='#' onClick='toggleBox("stack-trace1860886124", this, "Click to show all stack frames", "Click to hide stack frames")'>Click to show all stack frames</a>
<div class='stack-trace' id='stack-trace1860886124'><pre>java.lang.AssertionError: feature not present in the application expected [false] but found [true]
	at org.testng.Assert.fail(Assert.java:94)
	at org.testng.Assert.failNotEquals(Assert.java:513)
	at org.testng.Assert.assertEqualsImpl(Assert.java:135)
	at org.testng.Assert.assertEquals(Assert.java:116)
	at org.testng.Assert.assertEquals(Assert.java:305)
	at org.hgh.testmethods.HGHTestCustomer.TS_Login_001_TC_HGH_Login_008_Verify_Tab_focus(HGHTestCustomer.java:78)
	at sun.reflect.NativeMethodAccessorImpl.invoke0(Native Method)
	at sun.reflect.NativeMethodAccessorImpl.invoke(Unknown Source)
	at sun.reflect.DelegatingMethodAccessorImpl.invoke(Unknown Source)
	at java.lang.reflect.Method.invoke(Unknown Source)
	at org.testng.internal.MethodInvocationHelper.invokeMethod(MethodInvocationHelper.java:86)
	at org.testng.internal.Invoker.invokeMethod(Invoker.java:645)
	at org.testng.internal.Invoker.invokeTestMethod(Invoker.java:822)
	at org.testng.internal.Invoker.invokeTestMethods(Invoker.java:1130)
	at org.testng.internal.TestMethodWorker.invokeTestMethods(TestMethodWorker.java:129)
	at org.testng.internal.TestMethodWorker.run(TestMethodWorker.java:112)
	at org.testng.TestRunner.privateRun(TestRunner.java:782)
	at org.testng.TestRunner.run(TestRunner.java:632)
	at org.testng.SuiteRunner.runTest(SuiteRunner.java:366)
	at org.testng.SuiteRunner.runSequentially(SuiteRunner.java:361)
	at org.testng.SuiteRunner.privateRun(SuiteRunner.java:319)
	at org.testng.SuiteRunner.run(SuiteRunner.java:268)
	at org.testng.SuiteRunnerWorker.runSuite(SuiteRunnerWorker.java:52)
	at org.testng.SuiteRunnerWorker.run(SuiteRunnerWorker.java:86)
	at org.testng.TestNG.runSuitesSequentially(TestNG.java:1244)
	at org.testng.TestNG.runSuitesLocally(TestNG.java:1169)
	at org.testng.TestNG.run(TestNG.java:1064)
	at org.testng.remote.RemoteTestNG.run(RemoteTestNG.java:113)
	at org.testng.remote.RemoteTestNG.initAndRun(RemoteTestNG.java:206)
	at org.testng.remote.RemoteTestNG.main(RemoteTestNG.java:177)
</pre></div></td>
<td>0</td>
<td>org.hgh.testmethods.HGHTestCustomer@1ed4004b</td></tr>
<tr>
<td title='org.hgh.testmethods.HGHTestCustomer.TS_Login_002_TC_HGH_Login_015_rememberMeAsALink()'><b>TS_Login_002_TC_HGH_Login_015_rememberMeAsALink</b><br>Test class: org.hgh.testmethods.HGHTestCustomer</td>
<td><div><pre>java.lang.AssertionError: remember me as a link expected [false] but found [true]
	at org.hgh.testmethods.HGHTestCustomer.TS_Login_002_TC_HGH_Login_015_rememberMeAsALink(HGHTestCustomer.java:197)
... Removed 29 stack frames</pre></div><a href='#' onClick='toggleBox("stack-trace2083854344", this, "Click to show all stack frames", "Click to hide stack frames")'>Click to show all stack frames</a>
<div class='stack-trace' id='stack-trace2083854344'><pre>java.lang.AssertionError: remember me as a link expected [false] but found [true]
	at org.testng.Assert.fail(Assert.java:94)
	at org.testng.Assert.failNotEquals(Assert.java:513)
	at org.testng.Assert.assertEqualsImpl(Assert.java:135)
	at org.testng.Assert.assertEquals(Assert.java:116)
	at org.testng.Assert.assertEquals(Assert.java:305)
	at org.hgh.testmethods.HGHTestCustomer.TS_Login_002_TC_HGH_Login_015_rememberMeAsALink(HGHTestCustomer.java:197)
	at sun.reflect.NativeMethodAccessorImpl.invoke0(Native Method)
	at sun.reflect.NativeMethodAccessorImpl.invoke(Unknown Source)
	at sun.reflect.DelegatingMethodAccessorImpl.invoke(Unknown Source)
	at java.lang.reflect.Method.invoke(Unknown Source)
	at org.testng.internal.MethodInvocationHelper.invokeMethod(MethodInvocationHelper.java:86)
	at org.testng.internal.Invoker.invokeMethod(Invoker.java:645)
	at org.testng.internal.Invoker.invokeTestMethod(Invoker.java:822)
	at org.testng.internal.Invoker.invokeTestMethods(Invoker.java:1130)
	at org.testng.internal.TestMethodWorker.invokeTestMethods(TestMethodWorker.java:129)
	at org.testng.internal.TestMethodWorker.run(TestMethodWorker.java:112)
	at org.testng.TestRunner.privateRun(TestRunner.java:782)
	at org.testng.TestRunner.run(TestRunner.java:632)
	at org.testng.SuiteRunner.runTest(SuiteRunner.java:366)
	at org.testng.SuiteRunner.runSequentially(SuiteRunner.java:361)
	at org.testng.SuiteRunner.privateRun(SuiteRunner.java:319)
	at org.testng.SuiteRunner.run(SuiteRunner.java:268)
	at org.testng.SuiteRunnerWorker.runSuite(SuiteRunnerWorker.java:52)
	at org.testng.SuiteRunnerWorker.run(SuiteRunnerWorker.java:86)
	at org.testng.TestNG.runSuitesSequentially(TestNG.java:1244)
	at org.testng.TestNG.runSuitesLocally(TestNG.java:1169)
	at org.testng.TestNG.run(TestNG.java:1064)
	at org.testng.remote.RemoteTestNG.run(RemoteTestNG.java:113)
	at org.testng.remote.RemoteTestNG.initAndRun(RemoteTestNG.java:206)
	at org.testng.remote.RemoteTestNG.main(RemoteTestNG.java:177)
</pre></div></td>
<td>0</td>
<td>org.hgh.testmethods.HGHTestCustomer@1ed4004b</td></tr>
<tr>
<td title='org.hgh.testmethods.HGHTestCustomer.TS_Login_005_TC_HGH_Login_021_loginVerifyOrderTopToBottom()'><b>TS_Login_005_TC_HGH_Login_021_loginVerifyOrderTopToBottom</b><br>Test class: org.hgh.testmethods.HGHTestCustomer</td>
<td><div><pre>java.lang.AssertionError: bug expected [false] but found [true]
	at org.hgh.testmethods.HGHTestCustomer.TS_Login_005_TC_HGH_Login_021_loginVerifyOrderTopToBottom(HGHTestCustomer.java:239)
... Removed 29 stack frames</pre></div><a href='#' onClick='toggleBox("stack-trace22446425", this, "Click to show all stack frames", "Click to hide stack frames")'>Click to show all stack frames</a>
<div class='stack-trace' id='stack-trace22446425'><pre>java.lang.AssertionError: bug expected [false] but found [true]
	at org.testng.Assert.fail(Assert.java:94)
	at org.testng.Assert.failNotEquals(Assert.java:513)
	at org.testng.Assert.assertEqualsImpl(Assert.java:135)
	at org.testng.Assert.assertEquals(Assert.java:116)
	at org.testng.Assert.assertEquals(Assert.java:305)
	at org.hgh.testmethods.HGHTestCustomer.TS_Login_005_TC_HGH_Login_021_loginVerifyOrderTopToBottom(HGHTestCustomer.java:239)
	at sun.reflect.NativeMethodAccessorImpl.invoke0(Native Method)
	at sun.reflect.NativeMethodAccessorImpl.invoke(Unknown Source)
	at sun.reflect.DelegatingMethodAccessorImpl.invoke(Unknown Source)
	at java.lang.reflect.Method.invoke(Unknown Source)
	at org.testng.internal.MethodInvocationHelper.invokeMethod(MethodInvocationHelper.java:86)
	at org.testng.internal.Invoker.invokeMethod(Invoker.java:645)
	at org.testng.internal.Invoker.invokeTestMethod(Invoker.java:822)
	at org.testng.internal.Invoker.invokeTestMethods(Invoker.java:1130)
	at org.testng.internal.TestMethodWorker.invokeTestMethods(TestMethodWorker.java:129)
	at org.testng.internal.TestMethodWorker.run(TestMethodWorker.java:112)
	at org.testng.TestRunner.privateRun(TestRunner.java:782)
	at org.testng.TestRunner.run(TestRunner.java:632)
	at org.testng.SuiteRunner.runTest(SuiteRunner.java:366)
	at org.testng.SuiteRunner.runSequentially(SuiteRunner.java:361)
	at org.testng.SuiteRunner.privateRun(SuiteRunner.java:319)
	at org.testng.SuiteRunner.run(SuiteRunner.java:268)
	at org.testng.SuiteRunnerWorker.runSuite(SuiteRunnerWorker.java:52)
	at org.testng.SuiteRunnerWorker.run(SuiteRunnerWorker.java:86)
	at org.testng.TestNG.runSuitesSequentially(TestNG.java:1244)
	at org.testng.TestNG.runSuitesLocally(TestNG.java:1169)
	at org.testng.TestNG.run(TestNG.java:1064)
	at org.testng.remote.RemoteTestNG.run(RemoteTestNG.java:113)
	at org.testng.remote.RemoteTestNG.initAndRun(RemoteTestNG.java:206)
	at org.testng.remote.RemoteTestNG.main(RemoteTestNG.java:177)
</pre></div></td>
<td>0</td>
<td>org.hgh.testmethods.HGHTestCustomer@1ed4004b</td></tr>
<tr>
<td title='org.hgh.testmethods.HGHTestCustomer.TS_Login_005_TC_HGH_Login_022_loginVerifyOrderBottomToTop()'><b>TS_Login_005_TC_HGH_Login_022_loginVerifyOrderBottomToTop</b><br>Test class: org.hgh.testmethods.HGHTestCustomer</td>
<td><div><pre>java.lang.AssertionError: bug expected [false] but found [true]
	at org.hgh.testmethods.HGHTestCustomer.TS_Login_005_TC_HGH_Login_022_loginVerifyOrderBottomToTop(HGHTestCustomer.java:246)
... Removed 29 stack frames</pre></div><a href='#' onClick='toggleBox("stack-trace1605988985", this, "Click to show all stack frames", "Click to hide stack frames")'>Click to show all stack frames</a>
<div class='stack-trace' id='stack-trace1605988985'><pre>java.lang.AssertionError: bug expected [false] but found [true]
	at org.testng.Assert.fail(Assert.java:94)
	at org.testng.Assert.failNotEquals(Assert.java:513)
	at org.testng.Assert.assertEqualsImpl(Assert.java:135)
	at org.testng.Assert.assertEquals(Assert.java:116)
	at org.testng.Assert.assertEquals(Assert.java:305)
	at org.hgh.testmethods.HGHTestCustomer.TS_Login_005_TC_HGH_Login_022_loginVerifyOrderBottomToTop(HGHTestCustomer.java:246)
	at sun.reflect.NativeMethodAccessorImpl.invoke0(Native Method)
	at sun.reflect.NativeMethodAccessorImpl.invoke(Unknown Source)
	at sun.reflect.DelegatingMethodAccessorImpl.invoke(Unknown Source)
	at java.lang.reflect.Method.invoke(Unknown Source)
	at org.testng.internal.MethodInvocationHelper.invokeMethod(MethodInvocationHelper.java:86)
	at org.testng.internal.Invoker.invokeMethod(Invoker.java:645)
	at org.testng.internal.Invoker.invokeTestMethod(Invoker.java:822)
	at org.testng.internal.Invoker.invokeTestMethods(Invoker.java:1130)
	at org.testng.internal.TestMethodWorker.invokeTestMethods(TestMethodWorker.java:129)
	at org.testng.internal.TestMethodWorker.run(TestMethodWorker.java:112)
	at org.testng.TestRunner.privateRun(TestRunner.java:782)
	at org.testng.TestRunner.run(TestRunner.java:632)
	at org.testng.SuiteRunner.runTest(SuiteRunner.java:366)
	at org.testng.SuiteRunner.runSequentially(SuiteRunner.java:361)
	at org.testng.SuiteRunner.privateRun(SuiteRunner.java:319)
	at org.testng.SuiteRunner.run(SuiteRunner.java:268)
	at org.testng.SuiteRunnerWorker.runSuite(SuiteRunnerWorker.java:52)
	at org.testng.SuiteRunnerWorker.run(SuiteRunnerWorker.java:86)
	at org.testng.TestNG.runSuitesSequentially(TestNG.java:1244)
	at org.testng.TestNG.runSuitesLocally(TestNG.java:1169)
	at org.testng.TestNG.run(TestNG.java:1064)
	at org.testng.remote.RemoteTestNG.run(RemoteTestNG.java:113)
	at org.testng.remote.RemoteTestNG.initAndRun(RemoteTestNG.java:206)
	at org.testng.remote.RemoteTestNG.main(RemoteTestNG.java:177)
</pre></div></td>
<td>0</td>
<td>org.hgh.testmethods.HGHTestCustomer@1ed4004b</td></tr>
<tr>
<td title='org.hgh.testmethods.HGHTestCustomer.TS_ShoppingCart_001_TC_ShoppingCart_013_HGH_shipViaMethodModication()'><b>TS_ShoppingCart_001_TC_ShoppingCart_013_HGH_shipViaMethodModication</b><br>Test class: org.hgh.testmethods.HGHTestCustomer</td>
<td><div><pre>java.lang.AssertionError: feature not present in the application expected [false] but found [true]
	at org.hgh.testmethods.HGHTestCustomer.TS_ShoppingCart_001_TC_ShoppingCart_013_HGH_shipViaMethodModication(HGHTestCustomer.java:471)
... Removed 29 stack frames</pre></div><a href='#' onClick='toggleBox("stack-trace75356024", this, "Click to show all stack frames", "Click to hide stack frames")'>Click to show all stack frames</a>
<div class='stack-trace' id='stack-trace75356024'><pre>java.lang.AssertionError: feature not present in the application expected [false] but found [true]
	at org.testng.Assert.fail(Assert.java:94)
	at org.testng.Assert.failNotEquals(Assert.java:513)
	at org.testng.Assert.assertEqualsImpl(Assert.java:135)
	at org.testng.Assert.assertEquals(Assert.java:116)
	at org.testng.Assert.assertEquals(Assert.java:305)
	at org.hgh.testmethods.HGHTestCustomer.TS_ShoppingCart_001_TC_ShoppingCart_013_HGH_shipViaMethodModication(HGHTestCustomer.java:471)
	at sun.reflect.NativeMethodAccessorImpl.invoke0(Native Method)
	at sun.reflect.NativeMethodAccessorImpl.invoke(Unknown Source)
	at sun.reflect.DelegatingMethodAccessorImpl.invoke(Unknown Source)
	at java.lang.reflect.Method.invoke(Unknown Source)
	at org.testng.internal.MethodInvocationHelper.invokeMethod(MethodInvocationHelper.java:86)
	at org.testng.internal.Invoker.invokeMethod(Invoker.java:645)
	at org.testng.internal.Invoker.invokeTestMethod(Invoker.java:822)
	at org.testng.internal.Invoker.invokeTestMethods(Invoker.java:1130)
	at org.testng.internal.TestMethodWorker.invokeTestMethods(TestMethodWorker.java:129)
	at org.testng.internal.TestMethodWorker.run(TestMethodWorker.java:112)
	at org.testng.TestRunner.privateRun(TestRunner.java:782)
	at org.testng.TestRunner.run(TestRunner.java:632)
	at org.testng.SuiteRunner.runTest(SuiteRunner.java:366)
	at org.testng.SuiteRunner.runSequentially(SuiteRunner.java:361)
	at org.testng.SuiteRunner.privateRun(SuiteRunner.java:319)
	at org.testng.SuiteRunner.run(SuiteRunner.java:268)
	at org.testng.SuiteRunnerWorker.runSuite(SuiteRunnerWorker.java:52)
	at org.testng.SuiteRunnerWorker.run(SuiteRunnerWorker.java:86)
	at org.testng.TestNG.runSuitesSequentially(TestNG.java:1244)
	at org.testng.TestNG.runSuitesLocally(TestNG.java:1169)
	at org.testng.TestNG.run(TestNG.java:1064)
	at org.testng.remote.RemoteTestNG.run(RemoteTestNG.java:113)
	at org.testng.remote.RemoteTestNG.initAndRun(RemoteTestNG.java:206)
	at org.testng.remote.RemoteTestNG.main(RemoteTestNG.java:177)
</pre></div></td>
<td>0</td>
<td>org.hgh.testmethods.HGHTestCustomer@1ed4004b</td></tr>
<tr>
<td title='org.hgh.testmethods.HGHTestCustomer.TS_ShoppingCart_001_TC_ShoppingCart_017_HGH_collapseViewAndExpandView()'><b>TS_ShoppingCart_001_TC_ShoppingCart_017_HGH_collapseViewAndExpandView</b><br>Test class: org.hgh.testmethods.HGHTestCustomer</td>
<td><div><pre>java.lang.AssertionError: this feature is not present in the application expected [false] but found [true]
	at org.hgh.testmethods.HGHTestCustomer.TS_ShoppingCart_001_TC_ShoppingCart_017_HGH_collapseViewAndExpandView(HGHTestCustomer.java:547)
... Removed 29 stack frames</pre></div><a href='#' onClick='toggleBox("stack-trace688988404", this, "Click to show all stack frames", "Click to hide stack frames")'>Click to show all stack frames</a>
<div class='stack-trace' id='stack-trace688988404'><pre>java.lang.AssertionError: this feature is not present in the application expected [false] but found [true]
	at org.testng.Assert.fail(Assert.java:94)
	at org.testng.Assert.failNotEquals(Assert.java:513)
	at org.testng.Assert.assertEqualsImpl(Assert.java:135)
	at org.testng.Assert.assertEquals(Assert.java:116)
	at org.testng.Assert.assertEquals(Assert.java:305)
	at org.hgh.testmethods.HGHTestCustomer.TS_ShoppingCart_001_TC_ShoppingCart_017_HGH_collapseViewAndExpandView(HGHTestCustomer.java:547)
	at sun.reflect.NativeMethodAccessorImpl.invoke0(Native Method)
	at sun.reflect.NativeMethodAccessorImpl.invoke(Unknown Source)
	at sun.reflect.DelegatingMethodAccessorImpl.invoke(Unknown Source)
	at java.lang.reflect.Method.invoke(Unknown Source)
	at org.testng.internal.MethodInvocationHelper.invokeMethod(MethodInvocationHelper.java:86)
	at org.testng.internal.Invoker.invokeMethod(Invoker.java:645)
	at org.testng.internal.Invoker.invokeTestMethod(Invoker.java:822)
	at org.testng.internal.Invoker.invokeTestMethods(Invoker.java:1130)
	at org.testng.internal.TestMethodWorker.invokeTestMethods(TestMethodWorker.java:129)
	at org.testng.internal.TestMethodWorker.run(TestMethodWorker.java:112)
	at org.testng.TestRunner.privateRun(TestRunner.java:782)
	at org.testng.TestRunner.run(TestRunner.java:632)
	at org.testng.SuiteRunner.runTest(SuiteRunner.java:366)
	at org.testng.SuiteRunner.runSequentially(SuiteRunner.java:361)
	at org.testng.SuiteRunner.privateRun(SuiteRunner.java:319)
	at org.testng.SuiteRunner.run(SuiteRunner.java:268)
	at org.testng.SuiteRunnerWorker.runSuite(SuiteRunnerWorker.java:52)
	at org.testng.SuiteRunnerWorker.run(SuiteRunnerWorker.java:86)
	at org.testng.TestNG.runSuitesSequentially(TestNG.java:1244)
	at org.testng.TestNG.runSuitesLocally(TestNG.java:1169)
	at org.testng.TestNG.run(TestNG.java:1064)
	at org.testng.remote.RemoteTestNG.run(RemoteTestNG.java:113)
	at org.testng.remote.RemoteTestNG.initAndRun(RemoteTestNG.java:206)
	at org.testng.remote.RemoteTestNG.main(RemoteTestNG.java:177)
</pre></div></td>
<td>0</td>
<td>org.hgh.testmethods.HGHTestCustomer@1ed4004b</td></tr>
<tr>
<td title='org.hgh.testmethods.HGHTestCustomer.tc013_HGH_cartFileUpload()'><b>tc013_HGH_cartFileUpload</b><br>Test class: org.hgh.testmethods.HGHTestCustomer</td>
<td><div><pre>org.openqa.selenium.TimeoutException: Timed out after 120 seconds waiting for visibility of Proxy element for: DefaultElementLocator &apos;By.xpath: //div[@class=&apos;cimm_siteTableEnclosure&apos;]&apos;
Build info: version: &apos;2.52.0&apos;, revision: &apos;4c2593cfc3689a7fcd7be52549167e5ccc93ad28&apos;, time: &apos;2016-02-11 11:22:43&apos;
System info: host: &apos;swuni-QA-04&apos;, ip: &apos;192.168.2.251&apos;, os.name: &apos;Windows 8.1&apos;, os.arch: &apos;amd64&apos;, os.version: &apos;6.3&apos;, java.version: &apos;1.8.0_73&apos;
Driver info: org.openqa.selenium.chrome.ChromeDriver
Capabilities [{applicationCacheEnabled=false, rotatable=false, mobileEmulationEnabled=false, chrome={userDataDir=C:\Users\hemanth\AppData\Local\Temp\scoped_dir6716_8737}, takesHeapSnapshot=true, databaseEnabled=false, handlesAlerts=true, hasTouchScreen=false, version=49.0.2623.87, platform=WIN8_1, browserConnectionEnabled=false, nativeEvents=true, acceptSslCerts=true, locationContextEnabled=true, webStorageEnabled=true, browserName=chrome, takesScreenshot=true, javascriptEnabled=true, cssSelectorsEnabled=true}]
Session ID: 2d734858d619c7e35495034676fe8514
	at org.openqa.selenium.support.ui.WebDriverWait.timeoutException(WebDriverWait.java:80)
	at org.openqa.selenium.support.ui.FluentWait.until(FluentWait.java:261)
	at org.hgh.utils.Waiting.explicitWaitVisibilityOfElement(Waiting.java:36)
	at org.hgh.customer.pageobjects.HGHMyAccountsPageObjects.verifyQuickCartPage(HGHMyAccountsPageObjects.java:307)
	at org.hgh.testmethods.HGHTestCustomer.tc013_HGH_cartFileUpload(HGHTestCustomer.java:623)
Caused by: org.openqa.selenium.NoSuchElementException: no such element: Unable to locate element: {&quot;method&quot;:&quot;xpath&quot;,&quot;selector&quot;:&quot;//div[@class=&apos;cimm_siteTableEnclosure&apos;]&quot;}
  (Session info: chrome=49.0.2623.87)
  (Driver info: chromedriver=2.20.353145 (343b531d31eeb933ec778dbcf7081628a1396067),platform=Windows NT 6.3 x86_64) (WARNING: The server did not provide any stacktrace information)
Command duration or timeout: 30.04 seconds
For documentation on this error, please visit: http://seleniumhq.org/exceptions/no_such_element.html
Build info: version: &apos;2.52.0&apos;, revision: &apos;4c2593cfc3689a7fcd7be52549167e5ccc93ad28&apos;, time: &apos;2016-02-11 11:22:43&apos;
System info: host: &apos;swuni-QA-04&apos;, ip: &apos;192.168.2.251&apos;, os.name: &apos;Windows 8.1&apos;, os.arch: &apos;amd64&apos;, os.version: &apos;6.3&apos;, java.version: &apos;1.8.0_73&apos;
Driver info: org.openqa.selenium.chrome.ChromeDriver
Capabilities [{applicationCacheEnabled=false, rotatable=false, mobileEmulationEnabled=false, chrome={userDataDir=C:\Users\hemanth\AppData\Local\Temp\scoped_dir6716_8737}, takesHeapSnapshot=true, databaseEnabled=false, handlesAlerts=true, hasTouchScreen=false, version=49.0.2623.87, platform=WIN8_1, browserConnectionEnabled=false, nativeEvents=true, acceptSslCerts=true, locationContextEnabled=true, webStorageEnabled=true, browserName=chrome, takesScreenshot=true, javascriptEnabled=true, cssSelectorsEnabled=true}]
Session ID: 2d734858d619c7e35495034676fe8514
*** Element info: {Using=xpath, value=//div[@class=&apos;cimm_siteTableEnclosure&apos;]}
	at org.openqa.selenium.remote.ErrorHandler.createThrowable(ErrorHandler.java:206)
	at org.openqa.selenium.remote.ErrorHandler.throwIfResponseFailed(ErrorHandler.java:158)
	at org.openqa.selenium.remote.RemoteWebDriver.execute(RemoteWebDriver.java:678)
	at org.openqa.selenium.remote.RemoteWebDriver.findElement(RemoteWebDriver.java:363)
	at org.openqa.selenium.remote.RemoteWebDriver.findElementByXPath(RemoteWebDriver.java:500)
	at org.openqa.selenium.By$ByXPath.findElement(By.java:361)
	at org.openqa.selenium.remote.RemoteWebDriver.findElement(RemoteWebDriver.java:355)
	at org.openqa.selenium.support.pagefactory.DefaultElementLocator.findElement(DefaultElementLocator.java:69)
	at org.openqa.selenium.support.pagefactory.internal.LocatingElementHandler.invoke(LocatingElementHandler.java:38)
	at com.sun.proxy.$Proxy10.isDisplayed(Unknown Source)
	at org.openqa.selenium.support.ui.ExpectedConditions.elementIfVisible(ExpectedConditions.java:302)
	at org.openqa.selenium.support.ui.ExpectedConditions.access$100(ExpectedConditions.java:41)
	at org.openqa.selenium.support.ui.ExpectedConditions$10.apply(ExpectedConditions.java:288)
	at org.openqa.selenium.support.ui.ExpectedConditions$10.apply(ExpectedConditions.java:285)
	at org.openqa.selenium.support.ui.FluentWait.until(FluentWait.java:238)
	... 27 more
... Removed 27 stack frames</pre></div><a href='#' onClick='toggleBox("stack-trace1120043781", this, "Click to show all stack frames", "Click to hide stack frames")'>Click to show all stack frames</a>
<div class='stack-trace' id='stack-trace1120043781'><pre>org.openqa.selenium.TimeoutException: Timed out after 120 seconds waiting for visibility of Proxy element for: DefaultElementLocator &apos;By.xpath: //div[@class=&apos;cimm_siteTableEnclosure&apos;]&apos;
Build info: version: &apos;2.52.0&apos;, revision: &apos;4c2593cfc3689a7fcd7be52549167e5ccc93ad28&apos;, time: &apos;2016-02-11 11:22:43&apos;
System info: host: &apos;swuni-QA-04&apos;, ip: &apos;192.168.2.251&apos;, os.name: &apos;Windows 8.1&apos;, os.arch: &apos;amd64&apos;, os.version: &apos;6.3&apos;, java.version: &apos;1.8.0_73&apos;
Driver info: org.openqa.selenium.chrome.ChromeDriver
Capabilities [{applicationCacheEnabled=false, rotatable=false, mobileEmulationEnabled=false, chrome={userDataDir=C:\Users\hemanth\AppData\Local\Temp\scoped_dir6716_8737}, takesHeapSnapshot=true, databaseEnabled=false, handlesAlerts=true, hasTouchScreen=false, version=49.0.2623.87, platform=WIN8_1, browserConnectionEnabled=false, nativeEvents=true, acceptSslCerts=true, locationContextEnabled=true, webStorageEnabled=true, browserName=chrome, takesScreenshot=true, javascriptEnabled=true, cssSelectorsEnabled=true}]
Session ID: 2d734858d619c7e35495034676fe8514
	at org.openqa.selenium.support.ui.WebDriverWait.timeoutException(WebDriverWait.java:80)
	at org.openqa.selenium.support.ui.FluentWait.until(FluentWait.java:261)
	at org.hgh.utils.Waiting.explicitWaitVisibilityOfElement(Waiting.java:36)
	at org.hgh.customer.pageobjects.HGHMyAccountsPageObjects.verifyQuickCartPage(HGHMyAccountsPageObjects.java:307)
	at org.hgh.testmethods.HGHTestCustomer.tc013_HGH_cartFileUpload(HGHTestCustomer.java:623)
	at sun.reflect.NativeMethodAccessorImpl.invoke0(Native Method)
	at sun.reflect.NativeMethodAccessorImpl.invoke(Unknown Source)
	at sun.reflect.DelegatingMethodAccessorImpl.invoke(Unknown Source)
	at java.lang.reflect.Method.invoke(Unknown Source)
	at org.testng.internal.MethodInvocationHelper.invokeMethod(MethodInvocationHelper.java:86)
	at org.testng.internal.Invoker.invokeMethod(Invoker.java:645)
	at org.testng.internal.Invoker.invokeTestMethod(Invoker.java:822)
	at org.testng.internal.Invoker.invokeTestMethods(Invoker.java:1130)
	at org.testng.internal.TestMethodWorker.invokeTestMethods(TestMethodWorker.java:129)
	at org.testng.internal.TestMethodWorker.run(TestMethodWorker.java:112)
	at org.testng.TestRunner.privateRun(TestRunner.java:782)
	at org.testng.TestRunner.run(TestRunner.java:632)
	at org.testng.SuiteRunner.runTest(SuiteRunner.java:366)
	at org.testng.SuiteRunner.runSequentially(SuiteRunner.java:361)
	at org.testng.SuiteRunner.privateRun(SuiteRunner.java:319)
	at org.testng.SuiteRunner.run(SuiteRunner.java:268)
	at org.testng.SuiteRunnerWorker.runSuite(SuiteRunnerWorker.java:52)
	at org.testng.SuiteRunnerWorker.run(SuiteRunnerWorker.java:86)
	at org.testng.TestNG.runSuitesSequentially(TestNG.java:1244)
	at org.testng.TestNG.runSuitesLocally(TestNG.java:1169)
	at org.testng.TestNG.run(TestNG.java:1064)
	at org.testng.remote.RemoteTestNG.run(RemoteTestNG.java:113)
	at org.testng.remote.RemoteTestNG.initAndRun(RemoteTestNG.java:206)
	at org.testng.remote.RemoteTestNG.main(RemoteTestNG.java:177)
Caused by: org.openqa.selenium.NoSuchElementException: no such element: Unable to locate element: {&quot;method&quot;:&quot;xpath&quot;,&quot;selector&quot;:&quot;//div[@class=&apos;cimm_siteTableEnclosure&apos;]&quot;}
  (Session info: chrome=49.0.2623.87)
  (Driver info: chromedriver=2.20.353145 (343b531d31eeb933ec778dbcf7081628a1396067),platform=Windows NT 6.3 x86_64) (WARNING: The server did not provide any stacktrace information)
Command duration or timeout: 30.04 seconds
For documentation on this error, please visit: http://seleniumhq.org/exceptions/no_such_element.html
Build info: version: &apos;2.52.0&apos;, revision: &apos;4c2593cfc3689a7fcd7be52549167e5ccc93ad28&apos;, time: &apos;2016-02-11 11:22:43&apos;
System info: host: &apos;swuni-QA-04&apos;, ip: &apos;192.168.2.251&apos;, os.name: &apos;Windows 8.1&apos;, os.arch: &apos;amd64&apos;, os.version: &apos;6.3&apos;, java.version: &apos;1.8.0_73&apos;
Driver info: org.openqa.selenium.chrome.ChromeDriver
Capabilities [{applicationCacheEnabled=false, rotatable=false, mobileEmulationEnabled=false, chrome={userDataDir=C:\Users\hemanth\AppData\Local\Temp\scoped_dir6716_8737}, takesHeapSnapshot=true, databaseEnabled=false, handlesAlerts=true, hasTouchScreen=false, version=49.0.2623.87, platform=WIN8_1, browserConnectionEnabled=false, nativeEvents=true, acceptSslCerts=true, locationContextEnabled=true, webStorageEnabled=true, browserName=chrome, takesScreenshot=true, javascriptEnabled=true, cssSelectorsEnabled=true}]
Session ID: 2d734858d619c7e35495034676fe8514
*** Element info: {Using=xpath, value=//div[@class=&apos;cimm_siteTableEnclosure&apos;]}
	at sun.reflect.GeneratedConstructorAccessor16.newInstance(Unknown Source)
	at sun.reflect.DelegatingConstructorAccessorImpl.newInstance(Unknown Source)
	at java.lang.reflect.Constructor.newInstance(Unknown Source)
	at org.openqa.selenium.remote.ErrorHandler.createThrowable(ErrorHandler.java:206)
	at org.openqa.selenium.remote.ErrorHandler.throwIfResponseFailed(ErrorHandler.java:158)
	at org.openqa.selenium.remote.RemoteWebDriver.execute(RemoteWebDriver.java:678)
	at org.openqa.selenium.remote.RemoteWebDriver.findElement(RemoteWebDriver.java:363)
	at org.openqa.selenium.remote.RemoteWebDriver.findElementByXPath(RemoteWebDriver.java:500)
	at org.openqa.selenium.By$ByXPath.findElement(By.java:361)
	at org.openqa.selenium.remote.RemoteWebDriver.findElement(RemoteWebDriver.java:355)
	at org.openqa.selenium.support.pagefactory.DefaultElementLocator.findElement(DefaultElementLocator.java:69)
	at org.openqa.selenium.support.pagefactory.internal.LocatingElementHandler.invoke(LocatingElementHandler.java:38)
	at com.sun.proxy.$Proxy10.isDisplayed(Unknown Source)
	at org.openqa.selenium.support.ui.ExpectedConditions.elementIfVisible(ExpectedConditions.java:302)
	at org.openqa.selenium.support.ui.ExpectedConditions.access$100(ExpectedConditions.java:41)
	at org.openqa.selenium.support.ui.ExpectedConditions$10.apply(ExpectedConditions.java:288)
	at org.openqa.selenium.support.ui.ExpectedConditions$10.apply(ExpectedConditions.java:285)
	at org.openqa.selenium.support.ui.FluentWait.until(FluentWait.java:238)
	... 27 more
</pre></div></td>
<td>176</td>
<td>org.hgh.testmethods.HGHTestCustomer@1ed4004b</td></tr>
</table><p>
<table width='100%' border='1' class='invocation-passed'>
<tr><td colspan='4' align='center'><b>PASSED TESTS</b></td></tr>
<tr><td><b>Test method</b></td>
<td width="30%"><b>Exception</b></td>
<td width="10%"><b>Time (seconds)</b></td>
<td><b>Instance</b></td>
</tr>
<tr>
<td title='org.hgh.testmethods.HGHTestCustomer.TS_Login_001_TC_HGH_Login_004_005_006_007_ErrorScenarios()'><b>TS_Login_001_TC_HGH_Login_004_005_006_007_ErrorScenarios</b><br>Test class: org.hgh.testmethods.HGHTestCustomer<br>Parameters: hemanthsridhar92@gmail.com, zasdasdsa, Invalid User Name/Password.</td>
<td></td>
<td>4</td>
<td>org.hgh.testmethods.HGHTestCustomer@1ed4004b</td></tr>
<tr>
<td title='org.hgh.testmethods.HGHTestCustomer.TS_Login_001_TC_HGH_Login_004_005_006_007_ErrorScenarios()'><b>TS_Login_001_TC_HGH_Login_004_005_006_007_ErrorScenarios</b><br>Test class: org.hgh.testmethods.HGHTestCustomer<br>Parameters: hemanthsridhar92@gmail.com, , Enter Password</td>
<td></td>
<td>4</td>
<td>org.hgh.testmethods.HGHTestCustomer@1ed4004b</td></tr>
<tr>
<td title='org.hgh.testmethods.HGHTestCustomer.TS_Login_001_TC_HGH_Login_004_005_006_007_ErrorScenarios()'><b>TS_Login_001_TC_HGH_Login_004_005_006_007_ErrorScenarios</b><br>Test class: org.hgh.testmethods.HGHTestCustomer<br>Parameters: , hemanth123, Enter User Name</td>
<td></td>
<td>3</td>
<td>org.hgh.testmethods.HGHTestCustomer@1ed4004b</td></tr>
<tr>
<td title='org.hgh.testmethods.HGHTestCustomer.TS_Login_001_TC_HGH_Login_004_005_006_007_ErrorScenarios()'><b>TS_Login_001_TC_HGH_Login_004_005_006_007_ErrorScenarios</b><br>Test class: org.hgh.testmethods.HGHTestCustomer<br>Parameters: , , Enter User Name/Password</td>
<td></td>
<td>3</td>
<td>org.hgh.testmethods.HGHTestCustomer@1ed4004b</td></tr>
<tr>
<td title='org.hgh.testmethods.HGHTestCustomer.TS_Login_001_TS_Login_006_TC_Login_001_TC_Login_002_TC_Login_024_TC_Login_025_TC_Login_026_TC_Login_027_HGH()'><b>TS_Login_001_TS_Login_006_TC_Login_001_TC_Login_002_TC_Login_024_TC_Login_025_TC_Login_026_TC_Login_027_HGH</b><br>Test class: org.hgh.testmethods.HGHTestCustomer</td>
<td></td>
<td>6</td>
<td>org.hgh.testmethods.HGHTestCustomer@1ed4004b</td></tr>
<tr>
<td title='org.hgh.testmethods.HGHTestCustomer.TS_Login_002_TC_HGH_Login_009_010_RememberPassword_UserNameAndPasswordRefill()'><b>TS_Login_002_TC_HGH_Login_009_010_RememberPassword_UserNameAndPasswordRefill</b><br>Test class: org.hgh.testmethods.HGHTestCustomer</td>
<td></td>
<td>27</td>
<td>org.hgh.testmethods.HGHTestCustomer@1ed4004b</td></tr>
<tr>
<td title='org.hgh.testmethods.HGHTestCustomer.TS_Login_002_TC_HGH_Login_011_AutofillLogin()'><b>TS_Login_002_TC_HGH_Login_011_AutofillLogin</b><br>Test class: org.hgh.testmethods.HGHTestCustomer</td>
<td></td>
<td>12</td>
<td>org.hgh.testmethods.HGHTestCustomer@1ed4004b</td></tr>
<tr>
<td title='org.hgh.testmethods.HGHTestCustomer.TS_Login_002_TC_HGH_Login_012_uncheckRememberMeWhenInAutoFillForm()'><b>TS_Login_002_TC_HGH_Login_012_uncheckRememberMeWhenInAutoFillForm</b><br>Test class: org.hgh.testmethods.HGHTestCustomer</td>
<td></td>
<td>15</td>
<td>org.hgh.testmethods.HGHTestCustomer@1ed4004b</td></tr>
<tr>
<td title='org.hgh.testmethods.HGHTestCustomer.TS_Login_002_TC_HGH_Login_013_myProductGroupLoginPopupRememberMeClickUncheck()'><b>TS_Login_002_TC_HGH_Login_013_myProductGroupLoginPopupRememberMeClickUncheck</b><br>Test class: org.hgh.testmethods.HGHTestCustomer</td>
<td></td>
<td>19</td>
<td>org.hgh.testmethods.HGHTestCustomer@1ed4004b</td></tr>
<tr>
<td title='org.hgh.testmethods.HGHTestCustomer.TS_Login_002_TC_HGH_Login_014_myProductGroupLoginPopupRememberMeClickCheck()'><b>TS_Login_002_TC_HGH_Login_014_myProductGroupLoginPopupRememberMeClickCheck</b><br>Test class: org.hgh.testmethods.HGHTestCustomer</td>
<td></td>
<td>10</td>
<td>org.hgh.testmethods.HGHTestCustomer@1ed4004b</td></tr>
<tr>
<td title='org.hgh.testmethods.HGHTestCustomer.TS_Login_002_TC_HGH_Login_016_017_18_rememberMeCheckboxTest()'><b>TS_Login_002_TC_HGH_Login_016_017_18_rememberMeCheckboxTest</b><br>Test class: org.hgh.testmethods.HGHTestCustomer</td>
<td></td>
<td>4</td>
<td>org.hgh.testmethods.HGHTestCustomer@1ed4004b</td></tr>
<tr>
<td title='org.hgh.testmethods.HGHTestCustomer.TS_Login_003_TC_HGH_Login_019_verifyRegisterPage()'><b>TS_Login_003_TC_HGH_Login_019_verifyRegisterPage</b><br>Test class: org.hgh.testmethods.HGHTestCustomer</td>
<td></td>
<td>3</td>
<td>org.hgh.testmethods.HGHTestCustomer@1ed4004b</td></tr>
<tr>
<td title='org.hgh.testmethods.HGHTestCustomer.TS_Login_004_TC_HGH_Login_020_verifyForgotPasswordPage()'><b>TS_Login_004_TC_HGH_Login_020_verifyForgotPasswordPage</b><br>Test class: org.hgh.testmethods.HGHTestCustomer</td>
<td></td>
<td>3</td>
<td>org.hgh.testmethods.HGHTestCustomer@1ed4004b</td></tr>
<tr>
<td title='org.hgh.testmethods.HGHTestCustomer.TS_ShoppingCart_001_TC_ShoppingCart_001_HGH_guestUserAddingItemToCart()'><b>TS_ShoppingCart_001_TC_ShoppingCart_001_HGH_guestUserAddingItemToCart</b><br>Test class: org.hgh.testmethods.HGHTestCustomer</td>
<td></td>
<td>13</td>
<td>org.hgh.testmethods.HGHTestCustomer@1ed4004b</td></tr>
<tr>
<td title='org.hgh.testmethods.HGHTestCustomer.TS_ShoppingCart_001_TC_ShoppingCart_002_TC_ShoppingCart_019_TC_ShoppingCart_020_TC_ShoppingCart_021_HGH_signedUserAddingItemToCart()'><b>TS_ShoppingCart_001_TC_ShoppingCart_002_TC_ShoppingCart_019_TC_ShoppingCart_020_TC_ShoppingCart_021_HGH_signedUserAddingItemToCart</b><br>Test class: org.hgh.testmethods.HGHTestCustomer</td>
<td></td>
<td>16</td>
<td>org.hgh.testmethods.HGHTestCustomer@1ed4004b</td></tr>
<tr>
<td title='org.hgh.testmethods.HGHTestCustomer.TS_ShoppingCart_001_TC_ShoppingCart_003_HGH_signedUser_ShoppingCartQuanitityUpdate()'><b>TS_ShoppingCart_001_TC_ShoppingCart_003_HGH_signedUser_ShoppingCartQuanitityUpdate</b><br>Test class: org.hgh.testmethods.HGHTestCustomer</td>
<td></td>
<td>29</td>
<td>org.hgh.testmethods.HGHTestCustomer@1ed4004b</td></tr>
<tr>
<td title='org.hgh.testmethods.HGHTestCustomer.TS_ShoppingCart_001_TC_ShoppingCart_004_HGH_signedUser_ShoppingCartQuanitityUpdateWithZero()'><b>TS_ShoppingCart_001_TC_ShoppingCart_004_HGH_signedUser_ShoppingCartQuanitityUpdateWithZero</b><br>Test class: org.hgh.testmethods.HGHTestCustomer</td>
<td></td>
<td>23</td>
<td>org.hgh.testmethods.HGHTestCustomer@1ed4004b</td></tr>
<tr>
<td title='org.hgh.testmethods.HGHTestCustomer.TS_ShoppingCart_001_TC_ShoppingCart_005_HGH_signedUser_ShoppingCartDeleteToolTip()'><b>TS_ShoppingCart_001_TC_ShoppingCart_005_HGH_signedUser_ShoppingCartDeleteToolTip</b><br>Test class: org.hgh.testmethods.HGHTestCustomer</td>
<td></td>
<td>15</td>
<td>org.hgh.testmethods.HGHTestCustomer@1ed4004b</td></tr>
<tr>
<td title='org.hgh.testmethods.HGHTestCustomer.TS_ShoppingCart_001_TC_ShoppingCart_006_HGH_signedUser_DeleteLinkForDeletingTheItem()'><b>TS_ShoppingCart_001_TC_ShoppingCart_006_HGH_signedUser_DeleteLinkForDeletingTheItem</b><br>Test class: org.hgh.testmethods.HGHTestCustomer</td>
<td></td>
<td>22</td>
<td>org.hgh.testmethods.HGHTestCustomer@1ed4004b</td></tr>
<tr>
<td title='org.hgh.testmethods.HGHTestCustomer.TS_ShoppingCart_001_TC_ShoppingCart_007_HGH_signedUser_CancellingOfDeletingTheItemThroughDeleteLink()'><b>TS_ShoppingCart_001_TC_ShoppingCart_007_HGH_signedUser_CancellingOfDeletingTheItemThroughDeleteLink</b><br>Test class: org.hgh.testmethods.HGHTestCustomer</td>
<td></td>
<td>15</td>
<td>org.hgh.testmethods.HGHTestCustomer@1ed4004b</td></tr>
<tr>
<td title='org.hgh.testmethods.HGHTestCustomer.TS_ShoppingCart_001_TC_ShoppingCart_008_HGH_signedUser_clickOnImageNavigateBackToPDP()'><b>TS_ShoppingCart_001_TC_ShoppingCart_008_HGH_signedUser_clickOnImageNavigateBackToPDP</b><br>Test class: org.hgh.testmethods.HGHTestCustomer</td>
<td></td>
<td>23</td>
<td>org.hgh.testmethods.HGHTestCustomer@1ed4004b</td></tr>
<tr>
<td title='org.hgh.testmethods.HGHTestCustomer.TS_ShoppingCart_001_TC_ShoppingCart_009_HGH_signedUser_clickOnProductDescNavigateBackToPDP()'><b>TS_ShoppingCart_001_TC_ShoppingCart_009_HGH_signedUser_clickOnProductDescNavigateBackToPDP</b><br>Test class: org.hgh.testmethods.HGHTestCustomer</td>
<td></td>
<td>24</td>
<td>org.hgh.testmethods.HGHTestCustomer@1ed4004b</td></tr>
<tr>
<td title='org.hgh.testmethods.HGHTestCustomer.TS_ShoppingCart_001_TC_ShoppingCart_014_HGH_signedUser_ShoppingCartRefreshToolTip()'><b>TS_ShoppingCart_001_TC_ShoppingCart_014_HGH_signedUser_ShoppingCartRefreshToolTip</b><br>Test class: org.hgh.testmethods.HGHTestCustomer</td>
<td></td>
<td>22</td>
<td>org.hgh.testmethods.HGHTestCustomer@1ed4004b</td></tr>
<tr>
<td title='org.hgh.testmethods.HGHTestCustomer.TS_ShoppingCart_001_TC_ShoppingCart_015_HGH_refreshFunctionality()'><b>TS_ShoppingCart_001_TC_ShoppingCart_015_HGH_refreshFunctionality</b><br>Test class: org.hgh.testmethods.HGHTestCustomer</td>
<td></td>
<td>27</td>
<td>org.hgh.testmethods.HGHTestCustomer@1ed4004b</td></tr>
<tr>
<td title='org.hgh.testmethods.HGHTestCustomer.TS_ShoppingCart_001_TC_ShoppingCart_018_HGH_sortByDropdownListValues()'><b>TS_ShoppingCart_001_TC_ShoppingCart_018_HGH_sortByDropdownListValues</b><br>Test class: org.hgh.testmethods.HGHTestCustomer</td>
<td></td>
<td>30</td>
<td>org.hgh.testmethods.HGHTestCustomer@1ed4004b</td></tr>
<tr>
<td title='org.hgh.testmethods.HGHTestCustomer.TS_ShoppingCart_002_TC_ShoppingCart_010_HGH_signedUser_verifyContinueShoppingButton()'><b>TS_ShoppingCart_002_TC_ShoppingCart_010_HGH_signedUser_verifyContinueShoppingButton</b><br>Test class: org.hgh.testmethods.HGHTestCustomer</td>
<td></td>
<td>31</td>
<td>org.hgh.testmethods.HGHTestCustomer@1ed4004b</td></tr>
<tr>
<td title='org.hgh.testmethods.HGHTestCustomer.TS_ShoppingCart_002_TC_ShoppingCart_011_HGH_saveCart()'><b>TS_ShoppingCart_002_TC_ShoppingCart_011_HGH_saveCart</b><br>Test class: org.hgh.testmethods.HGHTestCustomer</td>
<td></td>
<td>61</td>
<td>org.hgh.testmethods.HGHTestCustomer@1ed4004b</td></tr>
<tr>
<td title='org.hgh.testmethods.HGHTestCustomer.TS_ShoppingCart_002_TC_ShoppingCart_012_HGH_saveCart_ClickOnCofirmationPopup()'><b>TS_ShoppingCart_002_TC_ShoppingCart_012_HGH_saveCart_ClickOnCofirmationPopup</b><br>Test class: org.hgh.testmethods.HGHTestCustomer</td>
<td></td>
<td>90</td>
<td>org.hgh.testmethods.HGHTestCustomer@1ed4004b</td></tr>
<tr>
<td title='org.hgh.testmethods.HGHTestCustomer.TS_ShoppingCart_002_TC_ShoppingCart_016_HGH_emptyCartFunctionality()'><b>TS_ShoppingCart_002_TC_ShoppingCart_016_HGH_emptyCartFunctionality</b><br>Test class: org.hgh.testmethods.HGHTestCustomer</td>
<td></td>
<td>86</td>
<td>org.hgh.testmethods.HGHTestCustomer@1ed4004b</td></tr>
<tr>
<td title='org.hgh.testmethods.HGHTestCustomer.tc001_HGH_Registration_ErrorScenarios()'><b>tc001_HGH_Registration_ErrorScenarios</b><br>Test class: org.hgh.testmethods.HGHTestCustomer<br>Parameters: , , Hemanth, Sridhar, hemanth.BS@unilogcorp.com, unilog123, unilog123, address1, address2, Adelanto, United States, California, 92301, 9900623434, Please enter Company Name.</td>
<td></td>
<td>6</td>
<td>org.hgh.testmethods.HGHTestCustomer@1ed4004b</td></tr>
<tr>
<td title='org.hgh.testmethods.HGHTestCustomer.tc001_HGH_Registration_ErrorScenarios()'><b>tc001_HGH_Registration_ErrorScenarios</b><br>Test class: org.hgh.testmethods.HGHTestCustomer<br>Parameters: Unilog, , , Sridhar, hemanth.BS@unilogcorp.com, unilog123, unilog123, address1, address2, Adelanto, United States, California, 92301, 9900623434, Please enter First Name.</td>
<td></td>
<td>7</td>
<td>org.hgh.testmethods.HGHTestCustomer@1ed4004b</td></tr>
<tr>
<td title='org.hgh.testmethods.HGHTestCustomer.tc001_HGH_Registration_ErrorScenarios()'><b>tc001_HGH_Registration_ErrorScenarios</b><br>Test class: org.hgh.testmethods.HGHTestCustomer<br>Parameters: Unilog, , Hemanth,  , hemanth.BS@unilogcorp.com, unilog123, unilog123, address1, address2, Adelanto, United States, California, 92301, 9900623434, Please enter Last Name.</td>
<td></td>
<td>7</td>
<td>org.hgh.testmethods.HGHTestCustomer@1ed4004b</td></tr>
<tr>
<td title='org.hgh.testmethods.HGHTestCustomer.tc001_HGH_Registration_ErrorScenarios()'><b>tc001_HGH_Registration_ErrorScenarios</b><br>Test class: org.hgh.testmethods.HGHTestCustomer<br>Parameters: Unilog, , Hemanth, Sridhar, , unilog123, unilog123, address1, address2, Adelanto, United States, California, 92301, 9900623434, Please enter Email Address.</td>
<td></td>
<td>7</td>
<td>org.hgh.testmethods.HGHTestCustomer@1ed4004b</td></tr>
<tr>
<td title='org.hgh.testmethods.HGHTestCustomer.tc001_HGH_Registration_ErrorScenarios()'><b>tc001_HGH_Registration_ErrorScenarios</b><br>Test class: org.hgh.testmethods.HGHTestCustomer<br>Parameters: Unilog, , Hemanth, Sridhar, hemanth.BS@unilogcorp.com, , unilog123, address1, address2, Adelanto, United States, California, 92301, 9900623434, Please enter Password.</td>
<td></td>
<td>7</td>
<td>org.hgh.testmethods.HGHTestCustomer@1ed4004b</td></tr>
<tr>
<td title='org.hgh.testmethods.HGHTestCustomer.tc001_HGH_Registration_ErrorScenarios()'><b>tc001_HGH_Registration_ErrorScenarios</b><br>Test class: org.hgh.testmethods.HGHTestCustomer<br>Parameters: Unilog, , Hemanth, Sridhar, hemanth.BS@unilogcorp.com, unilog123, , address1, address2, Adelanto, United States, California, 92301, 9900623434, Please enter Confirm password</td>
<td></td>
<td>8</td>
<td>org.hgh.testmethods.HGHTestCustomer@1ed4004b</td></tr>
<tr>
<td title='org.hgh.testmethods.HGHTestCustomer.tc001_HGH_Registration_ErrorScenarios()'><b>tc001_HGH_Registration_ErrorScenarios</b><br>Test class: org.hgh.testmethods.HGHTestCustomer<br>Parameters: Unilog, , Hemanth, Sridhar, hemanth.BS@unilogcorp.com, unilog123, unilog123, , address2, Adelanto, United States, California, 92301, 9900623434, Please enter Billing Address.</td>
<td></td>
<td>7</td>
<td>org.hgh.testmethods.HGHTestCustomer@1ed4004b</td></tr>
<tr>
<td title='org.hgh.testmethods.HGHTestCustomer.tc001_HGH_Registration_ErrorScenarios()'><b>tc001_HGH_Registration_ErrorScenarios</b><br>Test class: org.hgh.testmethods.HGHTestCustomer<br>Parameters: Unilog, , Hemanth, Sridhar, hemanth.BS@unilogcorp.com, unilog123, unilog123, address1, address2, , United States, California, 92301, 9900623434, Please enter City.</td>
<td></td>
<td>7</td>
<td>org.hgh.testmethods.HGHTestCustomer@1ed4004b</td></tr>
<tr>
<td title='org.hgh.testmethods.HGHTestCustomer.tc001_HGH_Registration_ErrorScenarios()'><b>tc001_HGH_Registration_ErrorScenarios</b><br>Test class: org.hgh.testmethods.HGHTestCustomer<br>Parameters: Unilog, , Hemanth, Sridhar, hemanth.BS@unilogcorp.com, unilog123, unilog123, address1, address2, Adelanto, United States, Select State, 92301, 9900623434, Please enter State.</td>
<td></td>
<td>7</td>
<td>org.hgh.testmethods.HGHTestCustomer@1ed4004b</td></tr>
<tr>
<td title='org.hgh.testmethods.HGHTestCustomer.tc001_HGH_Registration_ErrorScenarios()'><b>tc001_HGH_Registration_ErrorScenarios</b><br>Test class: org.hgh.testmethods.HGHTestCustomer<br>Parameters: Unilog, , Hemanth, Sridhar, hemanth.BS@unilogcorp.com, unilog123, unilog123, address1, address2, Adelanto, United States, California, , 9900623434, Please Enter Zip Code.</td>
<td></td>
<td>7</td>
<td>org.hgh.testmethods.HGHTestCustomer@1ed4004b</td></tr>
<tr>
<td title='org.hgh.testmethods.HGHTestCustomer.tc001_HGH_Registration_ErrorScenarios()'><b>tc001_HGH_Registration_ErrorScenarios</b><br>Test class: org.hgh.testmethods.HGHTestCustomer<br>Parameters: Unilog, , Hemanth, Sridhar, hemanth.BS@unilogcorp.com, unilog123, unilog123, address1, address2, Adelanto, United States, California, 92301, , Please Enter Phone Number.</td>
<td></td>
<td>8</td>
<td>org.hgh.testmethods.HGHTestCustomer@1ed4004b</td></tr>
<tr>
<td title='org.hgh.testmethods.HGHTestCustomer.tc004_HGH_generalSearch()'><b>tc004_HGH_generalSearch</b><br>Test class: org.hgh.testmethods.HGHTestCustomer</td>
<td></td>
<td>6</td>
<td>org.hgh.testmethods.HGHTestCustomer@1ed4004b</td></tr>
<tr>
<td title='org.hgh.testmethods.HGHTestCustomer.tc005_HGH_ListViewGridView()'><b>tc005_HGH_ListViewGridView</b><br>Test class: org.hgh.testmethods.HGHTestCustomer</td>
<td></td>
<td>3</td>
<td>org.hgh.testmethods.HGHTestCustomer@1ed4004b</td></tr>
<tr>
<td title='org.hgh.testmethods.HGHTestCustomer.tc006_HGH_ProductListPage()'><b>tc006_HGH_ProductListPage</b><br>Test class: org.hgh.testmethods.HGHTestCustomer</td>
<td></td>
<td>4</td>
<td>org.hgh.testmethods.HGHTestCustomer@1ed4004b</td></tr>
<tr>
<td title='org.hgh.testmethods.HGHTestCustomer.tc007_HGH_MyProductGroupCreateAndDelete()'><b>tc007_HGH_MyProductGroupCreateAndDelete</b><br>Test class: org.hgh.testmethods.HGHTestCustomer</td>
<td></td>
<td>33</td>
<td>org.hgh.testmethods.HGHTestCustomer@1ed4004b</td></tr>
<tr>
<td title='org.hgh.testmethods.HGHTestCustomer.tc008_verifyHeaderAndFooter()'><b>tc008_verifyHeaderAndFooter</b><br>Test class: org.hgh.testmethods.HGHTestCustomer</td>
<td></td>
<td>1</td>
<td>org.hgh.testmethods.HGHTestCustomer@1ed4004b</td></tr>
<tr>
<td title='org.hgh.testmethods.HGHTestCustomer.tc009_compareFunctionality()'><b>tc009_compareFunctionality</b><br>Test class: org.hgh.testmethods.HGHTestCustomer</td>
<td></td>
<td>7</td>
<td>org.hgh.testmethods.HGHTestCustomer@1ed4004b</td></tr>
<tr>
<td title='org.hgh.testmethods.HGHTestCustomer.tc011_HGH_AccountsDashboard()'><b>tc011_HGH_AccountsDashboard</b><br>Test class: org.hgh.testmethods.HGHTestCustomer</td>
<td></td>
<td>12</td>
<td>org.hgh.testmethods.HGHTestCustomer@1ed4004b</td></tr>
<tr>
<td title='org.hgh.testmethods.HGHTestCustomer.tc014_HGH_quickOrderPad()'><b>tc014_HGH_quickOrderPad</b><br>Test class: org.hgh.testmethods.HGHTestCustomer</td>
<td></td>
<td>17</td>
<td>org.hgh.testmethods.HGHTestCustomer@1ed4004b</td></tr>
<tr>
<td title='org.hgh.testmethods.HGHTestCustomer.tc015_HGH_requestForQuote()'><b>tc015_HGH_requestForQuote</b><br>Test class: org.hgh.testmethods.HGHTestCustomer</td>
<td></td>
<td>22</td>
<td>org.hgh.testmethods.HGHTestCustomer@1ed4004b</td></tr>
</table><p>
</body>
</html>