<?xml version="1.0" encoding="UTF-8"?>
<!-- Generated by org.testng.reporters.JUnitXMLReporter -->
<testsuite hostname="swuni-QA-04" name="HGHWebApplicationTesting" tests="56" failures="7" timestamp="29 Mar 2016 12:15:30 GMT" time="1715.541" errors="0">
  <testcase name="TS_Login_001_TC_HGH_Login_004_005_006_007_ErrorScenarios" time="4.207" classname="org.hgh.testmethods.HGHTestCustomer"/>
  <testcase name="TS_Login_001_TC_HGH_Login_004_005_006_007_ErrorScenarios" time="4.474" classname="org.hgh.testmethods.HGHTestCustomer"/>
  <testcase name="TS_Login_001_TC_HGH_Login_004_005_006_007_ErrorScenarios" time="3.892" classname="org.hgh.testmethods.HGHTestCustomer"/>
  <testcase name="TS_Login_001_TC_HGH_Login_004_005_006_007_ErrorScenarios" time="3.954" classname="org.hgh.testmethods.HGHTestCustomer"/>
  <testcase name="TS_Login_001_TC_HGH_Login_008_Verify_Tab_focus" time="0.0" classname="org.hgh.testmethods.HGHTestCustomer">
    <failure type="java.lang.AssertionError" message="feature not present in the application expected [false] but found [true]">
      <![CDATA[java.lang.AssertionError: feature not present in the application expected [false] but found [true]
	at org.hgh.testmethods.HGHTestCustomer.TS_Login_001_TC_HGH_Login_008_Verify_Tab_focus(HGHTestCustomer.java:78)
... Removed 29 stack frames]]>
    </failure>
  </testcase> <!-- TS_Login_001_TC_HGH_Login_008_Verify_Tab_focus -->
  <testcase name="TS_Login_001_TS_Login_006_TC_Login_001_TC_Login_002_TC_Login_024_TC_Login_025_TC_Login_026_TC_Login_027_HGH" time="6.529" classname="org.hgh.testmethods.HGHTestCustomer"/>
  <testcase name="TS_Login_002_TC_HGH_Login_009_010_RememberPassword_UserNameAndPasswordRefill" time="27.072" classname="org.hgh.testmethods.HGHTestCustomer"/>
  <testcase name="TS_Login_002_TC_HGH_Login_011_AutofillLogin" time="12.207" classname="org.hgh.testmethods.HGHTestCustomer"/>
  <testcase name="TS_Login_002_TC_HGH_Login_012_uncheckRememberMeWhenInAutoFillForm" time="15.091" classname="org.hgh.testmethods.HGHTestCustomer"/>
  <testcase name="TS_Login_002_TC_HGH_Login_013_myProductGroupLoginPopupRememberMeClickUncheck" time="19.546" classname="org.hgh.testmethods.HGHTestCustomer"/>
  <testcase name="TS_Login_002_TC_HGH_Login_014_myProductGroupLoginPopupRememberMeClickCheck" time="10.212" classname="org.hgh.testmethods.HGHTestCustomer"/>
  <testcase name="TS_Login_002_TC_HGH_Login_015_rememberMeAsALink" time="0.001" classname="org.hgh.testmethods.HGHTestCustomer">
    <failure type="java.lang.AssertionError" message="remember me as a link expected [false] but found [true]">
      <![CDATA[java.lang.AssertionError: remember me as a link expected [false] but found [true]
	at org.hgh.testmethods.HGHTestCustomer.TS_Login_002_TC_HGH_Login_015_rememberMeAsALink(HGHTestCustomer.java:197)
... Removed 29 stack frames]]>
    </failure>
  </testcase> <!-- TS_Login_002_TC_HGH_Login_015_rememberMeAsALink -->
  <testcase name="TS_Login_002_TC_HGH_Login_016_017_18_rememberMeCheckboxTest" time="4.909" classname="org.hgh.testmethods.HGHTestCustomer"/>
  <testcase name="TS_Login_003_TC_HGH_Login_019_verifyRegisterPage" time="3.365" classname="org.hgh.testmethods.HGHTestCustomer"/>
  <testcase name="TS_Login_004_TC_HGH_Login_020_verifyForgotPasswordPage" time="3.292" classname="org.hgh.testmethods.HGHTestCustomer"/>
  <testcase name="TS_Login_005_TC_HGH_Login_021_loginVerifyOrderTopToBottom" time="0.0" classname="org.hgh.testmethods.HGHTestCustomer">
    <failure type="java.lang.AssertionError" message="bug expected [false] but found [true]">
      <![CDATA[java.lang.AssertionError: bug expected [false] but found [true]
	at org.hgh.testmethods.HGHTestCustomer.TS_Login_005_TC_HGH_Login_021_loginVerifyOrderTopToBottom(HGHTestCustomer.java:239)
... Removed 29 stack frames]]>
    </failure>
  </testcase> <!-- TS_Login_005_TC_HGH_Login_021_loginVerifyOrderTopToBottom -->
  <testcase name="TS_Login_005_TC_HGH_Login_022_loginVerifyOrderBottomToTop" time="0.0" classname="org.hgh.testmethods.HGHTestCustomer">
    <failure type="java.lang.AssertionError" message="bug expected [false] but found [true]">
      <![CDATA[java.lang.AssertionError: bug expected [false] but found [true]
	at org.hgh.testmethods.HGHTestCustomer.TS_Login_005_TC_HGH_Login_022_loginVerifyOrderBottomToTop(HGHTestCustomer.java:246)
... Removed 29 stack frames]]>
    </failure>
  </testcase> <!-- TS_Login_005_TC_HGH_Login_022_loginVerifyOrderBottomToTop -->
  <testcase name="TS_ShoppingCart_001_TC_ShoppingCart_001_HGH_guestUserAddingItemToCart" time="13.195" classname="org.hgh.testmethods.HGHTestCustomer"/>
  <testcase name="TS_ShoppingCart_001_TC_ShoppingCart_002_TC_ShoppingCart_019_TC_ShoppingCart_020_TC_ShoppingCart_021_HGH_signedUserAddingItemToCart" time="16.934" classname="org.hgh.testmethods.HGHTestCustomer"/>
  <testcase name="TS_ShoppingCart_001_TC_ShoppingCart_003_HGH_signedUser_ShoppingCartQuanitityUpdate" time="29.208" classname="org.hgh.testmethods.HGHTestCustomer"/>
  <testcase name="TS_ShoppingCart_001_TC_ShoppingCart_004_HGH_signedUser_ShoppingCartQuanitityUpdateWithZero" time="23.688" classname="org.hgh.testmethods.HGHTestCustomer"/>
  <testcase name="TS_ShoppingCart_001_TC_ShoppingCart_005_HGH_signedUser_ShoppingCartDeleteToolTip" time="15.017" classname="org.hgh.testmethods.HGHTestCustomer"/>
  <testcase name="TS_ShoppingCart_001_TC_ShoppingCart_006_HGH_signedUser_DeleteLinkForDeletingTheItem" time="22.802" classname="org.hgh.testmethods.HGHTestCustomer"/>
  <testcase name="TS_ShoppingCart_001_TC_ShoppingCart_007_HGH_signedUser_CancellingOfDeletingTheItemThroughDeleteLink" time="15.988" classname="org.hgh.testmethods.HGHTestCustomer"/>
  <testcase name="TS_ShoppingCart_001_TC_ShoppingCart_008_HGH_signedUser_clickOnImageNavigateBackToPDP" time="23.453" classname="org.hgh.testmethods.HGHTestCustomer"/>
  <testcase name="TS_ShoppingCart_001_TC_ShoppingCart_009_HGH_signedUser_clickOnProductDescNavigateBackToPDP" time="24.629" classname="org.hgh.testmethods.HGHTestCustomer"/>
  <testcase name="TS_ShoppingCart_001_TC_ShoppingCart_013_HGH_shipViaMethodModication" time="0.001" classname="org.hgh.testmethods.HGHTestCustomer">
    <failure type="java.lang.AssertionError" message="feature not present in the application expected [false] but found [true]">
      <![CDATA[java.lang.AssertionError: feature not present in the application expected [false] but found [true]
	at org.hgh.testmethods.HGHTestCustomer.TS_ShoppingCart_001_TC_ShoppingCart_013_HGH_shipViaMethodModication(HGHTestCustomer.java:471)
... Removed 29 stack frames]]>
    </failure>
  </testcase> <!-- TS_ShoppingCart_001_TC_ShoppingCart_013_HGH_shipViaMethodModication -->
  <testcase name="TS_ShoppingCart_001_TC_ShoppingCart_014_HGH_signedUser_ShoppingCartRefreshToolTip" time="22.239" classname="org.hgh.testmethods.HGHTestCustomer"/>
  <testcase name="TS_ShoppingCart_001_TC_ShoppingCart_015_HGH_refreshFunctionality" time="27.363" classname="org.hgh.testmethods.HGHTestCustomer"/>
  <testcase name="TS_ShoppingCart_001_TC_ShoppingCart_017_HGH_collapseViewAndExpandView" time="0.001" classname="org.hgh.testmethods.HGHTestCustomer">
    <failure type="java.lang.AssertionError" message="this feature is not present in the application expected [false] but found [true]">
      <![CDATA[java.lang.AssertionError: this feature is not present in the application expected [false] but found [true]
	at org.hgh.testmethods.HGHTestCustomer.TS_ShoppingCart_001_TC_ShoppingCart_017_HGH_collapseViewAndExpandView(HGHTestCustomer.java:547)
... Removed 29 stack frames]]>
    </failure>
  </testcase> <!-- TS_ShoppingCart_001_TC_ShoppingCart_017_HGH_collapseViewAndExpandView -->
  <testcase name="TS_ShoppingCart_001_TC_ShoppingCart_018_HGH_sortByDropdownListValues" time="30.862" classname="org.hgh.testmethods.HGHTestCustomer"/>
  <testcase name="TS_ShoppingCart_002_TC_ShoppingCart_010_HGH_signedUser_verifyContinueShoppingButton" time="31.372" classname="org.hgh.testmethods.HGHTestCustomer"/>
  <testcase name="TS_ShoppingCart_002_TC_ShoppingCart_011_HGH_saveCart" time="61.749" classname="org.hgh.testmethods.HGHTestCustomer"/>
  <testcase name="TS_ShoppingCart_002_TC_ShoppingCart_012_HGH_saveCart_ClickOnCofirmationPopup" time="90.324" classname="org.hgh.testmethods.HGHTestCustomer"/>
  <testcase name="TS_ShoppingCart_002_TC_ShoppingCart_016_HGH_emptyCartFunctionality" time="86.923" classname="org.hgh.testmethods.HGHTestCustomer"/>
  <testcase name="tc001_HGH_Registration_ErrorScenarios" time="6.268" classname="org.hgh.testmethods.HGHTestCustomer"/>
  <testcase name="tc001_HGH_Registration_ErrorScenarios" time="7.8" classname="org.hgh.testmethods.HGHTestCustomer"/>
  <testcase name="tc001_HGH_Registration_ErrorScenarios" time="7.821" classname="org.hgh.testmethods.HGHTestCustomer"/>
  <testcase name="tc001_HGH_Registration_ErrorScenarios" time="7.499" classname="org.hgh.testmethods.HGHTestCustomer"/>
  <testcase name="tc001_HGH_Registration_ErrorScenarios" time="7.804" classname="org.hgh.testmethods.HGHTestCustomer"/>
  <testcase name="tc001_HGH_Registration_ErrorScenarios" time="8.573" classname="org.hgh.testmethods.HGHTestCustomer"/>
  <testcase name="tc001_HGH_Registration_ErrorScenarios" time="7.266" classname="org.hgh.testmethods.HGHTestCustomer"/>
  <testcase name="tc001_HGH_Registration_ErrorScenarios" time="7.334" classname="org.hgh.testmethods.HGHTestCustomer"/>
  <testcase name="tc001_HGH_Registration_ErrorScenarios" time="7.604" classname="org.hgh.testmethods.HGHTestCustomer"/>
  <testcase name="tc001_HGH_Registration_ErrorScenarios" time="7.654" classname="org.hgh.testmethods.HGHTestCustomer"/>
  <testcase name="tc001_HGH_Registration_ErrorScenarios" time="8.299" classname="org.hgh.testmethods.HGHTestCustomer"/>
  <testcase name="tc004_HGH_generalSearch" time="6.307" classname="org.hgh.testmethods.HGHTestCustomer"/>
  <testcase name="tc005_HGH_ListViewGridView" time="3.837" classname="org.hgh.testmethods.HGHTestCustomer"/>
  <testcase name="tc006_HGH_ProductListPage" time="4.596" classname="org.hgh.testmethods.HGHTestCustomer"/>
  <testcase name="tc007_HGH_MyProductGroupCreateAndDelete" time="33.123" classname="org.hgh.testmethods.HGHTestCustomer"/>
  <testcase name="tc008_verifyHeaderAndFooter" time="1.203" classname="org.hgh.testmethods.HGHTestCustomer"/>
  <testcase name="tc009_compareFunctionality" time="7.255" classname="org.hgh.testmethods.HGHTestCustomer"/>
  <testcase name="tc011_HGH_AccountsDashboard" time="12.256" classname="org.hgh.testmethods.HGHTestCustomer"/>
  <testcase name="tc013_HGH_cartFileUpload" time="176.665" classname="org.hgh.testmethods.HGHTestCustomer">
    <failure type="org.openqa.selenium.TimeoutException" message="Timed out after 120 seconds waiting for visibility of Proxy element for: DefaultElementLocator &amp;apos;By.xpath: //div[@class=&amp;apos;cimm_siteTableEnclosure&amp;apos;]&amp;apos;
Build info: version: &amp;apos;2.52.0&amp;apos;, revision: &amp;apos;4c2593cfc3689a7fcd7be52549167e5ccc93ad28&amp;apos;, time: &amp;apos;2016-02-11 11:22:43&amp;apos;
System info: host: &amp;apos;swuni-QA-04&amp;apos;, ip: &amp;apos;192.168.2.251&amp;apos;, os.name: &amp;apos;Windows 8.1&amp;apos;, os.arch: &amp;apos;amd64&amp;apos;, os.version: &amp;apos;6.3&amp;apos;, java.version: &amp;apos;1.8.0_73&amp;apos;
Driver info: org.openqa.selenium.chrome.ChromeDriver
Capabilities [{applicationCacheEnabled=false, rotatable=false, mobileEmulationEnabled=false, chrome={userDataDir=C:\Users\hemanth\AppData\Local\Temp\scoped_dir6716_8737}, takesHeapSnapshot=true, databaseEnabled=false, handlesAlerts=true, hasTouchScreen=false, version=49.0.2623.87, platform=WIN8_1, browserConnectionEnabled=false, nativeEvents=true, acceptSslCerts=true, locationContextEnabled=true, webStorageEnabled=true, browserName=chrome, takesScreenshot=true, javascriptEnabled=true, cssSelectorsEnabled=true}]
Session ID: 2d734858d619c7e35495034676fe8514">
      <![CDATA[org.openqa.selenium.TimeoutException: Timed out after 120 seconds waiting for visibility of Proxy element for: DefaultElementLocator 'By.xpath: //div[@class='cimm_siteTableEnclosure']'
Build info: version: '2.52.0', revision: '4c2593cfc3689a7fcd7be52549167e5ccc93ad28', time: '2016-02-11 11:22:43'
System info: host: 'swuni-QA-04', ip: '192.168.2.251', os.name: 'Windows 8.1', os.arch: 'amd64', os.version: '6.3', java.version: '1.8.0_73'
Driver info: org.openqa.selenium.chrome.ChromeDriver
Capabilities [{applicationCacheEnabled=false, rotatable=false, mobileEmulationEnabled=false, chrome={userDataDir=C:\Users\hemanth\AppData\Local\Temp\scoped_dir6716_8737}, takesHeapSnapshot=true, databaseEnabled=false, handlesAlerts=true, hasTouchScreen=false, version=49.0.2623.87, platform=WIN8_1, browserConnectionEnabled=false, nativeEvents=true, acceptSslCerts=true, locationContextEnabled=true, webStorageEnabled=true, browserName=chrome, takesScreenshot=true, javascriptEnabled=true, cssSelectorsEnabled=true}]
Session ID: 2d734858d619c7e35495034676fe8514
	at org.openqa.selenium.support.ui.WebDriverWait.timeoutException(WebDriverWait.java:80)
	at org.openqa.selenium.support.ui.FluentWait.until(FluentWait.java:261)
	at org.hgh.utils.Waiting.explicitWaitVisibilityOfElement(Waiting.java:36)
	at org.hgh.customer.pageobjects.HGHMyAccountsPageObjects.verifyQuickCartPage(HGHMyAccountsPageObjects.java:307)
	at org.hgh.testmethods.HGHTestCustomer.tc013_HGH_cartFileUpload(HGHTestCustomer.java:623)
Caused by: org.openqa.selenium.NoSuchElementException: no such element: Unable to locate element: {"method":"xpath","selector":"//div[@class='cimm_siteTableEnclosure']"}
  (Session info: chrome=49.0.2623.87)
  (Driver info: chromedriver=2.20.353145 (343b531d31eeb933ec778dbcf7081628a1396067),platform=Windows NT 6.3 x86_64) (WARNING: The server did not provide any stacktrace information)
Command duration or timeout: 30.04 seconds
For documentation on this error, please visit: http://seleniumhq.org/exceptions/no_such_element.html
Build info: version: '2.52.0', revision: '4c2593cfc3689a7fcd7be52549167e5ccc93ad28', time: '2016-02-11 11:22:43'
System info: host: 'swuni-QA-04', ip: '192.168.2.251', os.name: 'Windows 8.1', os.arch: 'amd64', os.version: '6.3', java.version: '1.8.0_73'
Driver info: org.openqa.selenium.chrome.ChromeDriver
Capabilities [{applicationCacheEnabled=false, rotatable=false, mobileEmulationEnabled=false, chrome={userDataDir=C:\Users\hemanth\AppData\Local\Temp\scoped_dir6716_8737}, takesHeapSnapshot=true, databaseEnabled=false, handlesAlerts=true, hasTouchScreen=false, version=49.0.2623.87, platform=WIN8_1, browserConnectionEnabled=false, nativeEvents=true, acceptSslCerts=true, locationContextEnabled=true, webStorageEnabled=true, browserName=chrome, takesScreenshot=true, javascriptEnabled=true, cssSelectorsEnabled=true}]
Session ID: 2d734858d619c7e35495034676fe8514
*** Element info: {Using=xpath, value=//div[@class='cimm_siteTableEnclosure']}
	at org.openqa.selenium.remote.ErrorHandler.createThrowable(ErrorHandler.java:206)
	at org.openqa.selenium.remote.ErrorHandler.throwIfResponseFailed(ErrorHandler.java:158)
	at org.openqa.selenium.remote.RemoteWebDriver.execute(RemoteWebDriver.java:678)
	at org.openqa.selenium.remote.RemoteWebDriver.findElement(RemoteWebDriver.java:363)
	at org.openqa.selenium.remote.RemoteWebDriver.findElementByXPath(RemoteWebDriver.java:500)
	at org.openqa.selenium.By$ByXPath.findElement(By.java:361)
	at org.openqa.selenium.remote.RemoteWebDriver.findElement(RemoteWebDriver.java:355)
	at org.openqa.selenium.support.pagefactory.DefaultElementLocator.findElement(DefaultElementLocator.java:69)
	at org.openqa.selenium.support.pagefactory.internal.LocatingElementHandler.invoke(LocatingElementHandler.java:38)
	at com.sun.proxy.$Proxy10.isDisplayed(Unknown Source)
	at org.openqa.selenium.support.ui.ExpectedConditions.elementIfVisible(ExpectedConditions.java:302)
	at org.openqa.selenium.support.ui.ExpectedConditions.access$100(ExpectedConditions.java:41)
	at org.openqa.selenium.support.ui.ExpectedConditions$10.apply(ExpectedConditions.java:288)
	at org.openqa.selenium.support.ui.ExpectedConditions$10.apply(ExpectedConditions.java:285)
	at org.openqa.selenium.support.ui.FluentWait.until(FluentWait.java:238)
	... 27 more
... Removed 27 stack frames]]>
    </failure>
  </testcase> <!-- tc013_HGH_cartFileUpload -->
  <testcase name="tc014_HGH_quickOrderPad" time="17.949" classname="org.hgh.testmethods.HGHTestCustomer"/>
  <testcase name="tc015_HGH_requestForQuote" time="22.563" classname="org.hgh.testmethods.HGHTestCustomer"/>
</testsuite> <!-- HGHWebApplicationTesting -->
