<?xml version="1.0" encoding="UTF-8"?>
<!-- Generated by org.testng.reporters.JUnitXMLReporter -->
<testsuite hostname="codebrahma" name="SmokeTesting" tests="26" failures="2" timestamp="9 Feb 2016 20:38:07 GMT" time="271.11" errors="0">
  <testcase name="@AfterMethod takeScreenshot" time="0.0" classname="org.collective.testmethods.CollectiveSanityTestAdmin">
    <failure type="org.openqa.selenium.NoSuchWindowException" message="no such window: target window already closed
from unknown error: web view not found
  (Session info: chrome=48.0.2564.103)
  (Driver info: chromedriver=2.20.353145 (343b531d31eeb933ec778dbcf7081628a1396067),platform=Windows NT 6.3 x86_64) (WARNING: The server did not provide any stacktrace information)
Command duration or timeout: 2 milliseconds
Build info: version: &amp;apos;2.44.0&amp;apos;, revision: &amp;apos;76d78cf323ce037c5f92db6c1bba601c2ac43ad8&amp;apos;, time: &amp;apos;2014-10-23 13:11:40&amp;apos;
System info: host: &amp;apos;codebrahma&amp;apos;, ip: &amp;apos;192.168.56.1&amp;apos;, os.name: &amp;apos;Windows 8.1&amp;apos;, os.arch: &amp;apos;amd64&amp;apos;, os.version: &amp;apos;6.3&amp;apos;, java.version: &amp;apos;1.8.0_60&amp;apos;
Driver info: org.openqa.selenium.chrome.ChromeDriver
Capabilities [{applicationCacheEnabled=false, rotatable=false, mobileEmulationEnabled=false, chrome={userDataDir=C:\Users\codeb\AppData\Local\Temp\scoped_dir6776_9289}, takesHeapSnapshot=true, databaseEnabled=false, handlesAlerts=true, hasTouchScreen=false, version=48.0.2564.103, platform=WIN8_1, browserConnectionEnabled=false, nativeEvents=true, acceptSslCerts=true, locationContextEnabled=true, webStorageEnabled=true, browserName=chrome, takesScreenshot=true, javascriptEnabled=true, cssSelectorsEnabled=true}]
Session ID: cca4d373769882616b6b8c783ab86754">
      <![CDATA[org.openqa.selenium.NoSuchWindowException: no such window: target window already closed
from unknown error: web view not found
  (Session info: chrome=48.0.2564.103)
  (Driver info: chromedriver=2.20.353145 (343b531d31eeb933ec778dbcf7081628a1396067),platform=Windows NT 6.3 x86_64) (WARNING: The server did not provide any stacktrace information)
Command duration or timeout: 2 milliseconds
Build info: version: '2.44.0', revision: '76d78cf323ce037c5f92db6c1bba601c2ac43ad8', time: '2014-10-23 13:11:40'
System info: host: 'codebrahma', ip: '192.168.56.1', os.name: 'Windows 8.1', os.arch: 'amd64', os.version: '6.3', java.version: '1.8.0_60'
Driver info: org.openqa.selenium.chrome.ChromeDriver
Capabilities [{applicationCacheEnabled=false, rotatable=false, mobileEmulationEnabled=false, chrome={userDataDir=C:\Users\codeb\AppData\Local\Temp\scoped_dir6776_9289}, takesHeapSnapshot=true, databaseEnabled=false, handlesAlerts=true, hasTouchScreen=false, version=48.0.2564.103, platform=WIN8_1, browserConnectionEnabled=false, nativeEvents=true, acceptSslCerts=true, locationContextEnabled=true, webStorageEnabled=true, browserName=chrome, takesScreenshot=true, javascriptEnabled=true, cssSelectorsEnabled=true}]
Session ID: cca4d373769882616b6b8c783ab86754
	at org.openqa.selenium.remote.ErrorHandler.createThrowable(ErrorHandler.java:204)
	at org.openqa.selenium.remote.ErrorHandler.throwIfResponseFailed(ErrorHandler.java:156)
	at org.openqa.selenium.remote.RemoteWebDriver.execute(RemoteWebDriver.java:599)
	at org.openqa.selenium.remote.RemoteWebDriver.execute(RemoteWebDriver.java:614)
	at org.openqa.selenium.remote.RemoteWebDriver.getScreenshotAs(RemoteWebDriver.java:324)
	at org.collective.utils.Screenshot.captureScreenShot(Screenshot.java:20)
	at org.collective.maincontroller.MainController.takeScreenshot(MainController.java:188)
... Removed 30 stack frames]]>
    </failure>
  </testcase> <!-- @AfterMethod takeScreenshot -->
  <testcase name="@BeforeMethod checkForLogin" time="0.0" classname="org.collective.testmethods.CollectiveSanityTestAdmin">
    <skipped/>
  </testcase> <!-- @BeforeMethod checkForLogin -->
  <testcase name="@BeforeMethod setUp" time="0.0" classname="org.collective.testmethods.CollectiveSanityTestAdmin">
    <skipped/>
  </testcase> <!-- @BeforeMethod setUp -->
  <testcase name="@BeforeMethod startRecording" time="0.0" classname="org.collective.testmethods.CollectiveSanityTestAdmin">
    <skipped/>
  </testcase> <!-- @BeforeMethod startRecording -->
  <testcase name="@AfterMethod callStopRecording" time="0.0" classname="org.collective.testmethods.CollectiveSanityTestAdmin">
    <skipped/>
  </testcase> <!-- @AfterMethod callStopRecording -->
  <testcase name="@AfterMethod checkForAdminLogout" time="0.0" classname="org.collective.testmethods.CollectiveSanityTestAdmin">
    <skipped/>
  </testcase> <!-- @AfterMethod checkForAdminLogout -->
  <testcase name="@AfterMethod takeScreenshot" time="0.0" classname="org.collective.testmethods.CollectiveSanityTestAdmin">
    <skipped/>
  </testcase> <!-- @AfterMethod takeScreenshot -->
  <testcase name="@BeforeMethod checkForLogin" time="0.0" classname="org.collective.testmethods.CollectiveSanityTestAdmin">
    <skipped/>
  </testcase> <!-- @BeforeMethod checkForLogin -->
  <testcase name="@BeforeMethod setUp" time="0.0" classname="org.collective.testmethods.CollectiveSanityTestAdmin">
    <skipped/>
  </testcase> <!-- @BeforeMethod setUp -->
  <testcase name="@BeforeMethod startRecording" time="0.0" classname="org.collective.testmethods.CollectiveSanityTestAdmin">
    <skipped/>
  </testcase> <!-- @BeforeMethod startRecording -->
  <testcase name="@AfterMethod callStopRecording" time="0.0" classname="org.collective.testmethods.CollectiveSanityTestAdmin">
    <skipped/>
  </testcase> <!-- @AfterMethod callStopRecording -->
  <testcase name="@AfterMethod checkForAdminLogout" time="0.0" classname="org.collective.testmethods.CollectiveSanityTestAdmin">
    <skipped/>
  </testcase> <!-- @AfterMethod checkForAdminLogout -->
  <testcase name="@AfterMethod takeScreenshot" time="0.0" classname="org.collective.testmethods.CollectiveSanityTestAdmin">
    <skipped/>
  </testcase> <!-- @AfterMethod takeScreenshot -->
  <testcase name="@BeforeMethod checkForLogin" time="0.0" classname="org.collective.testmethods.CollectiveSanityTestAdmin">
    <skipped/>
  </testcase> <!-- @BeforeMethod checkForLogin -->
  <testcase name="@BeforeMethod setUp" time="0.0" classname="org.collective.testmethods.CollectiveSanityTestAdmin">
    <skipped/>
  </testcase> <!-- @BeforeMethod setUp -->
  <testcase name="@BeforeMethod startRecording" time="0.0" classname="org.collective.testmethods.CollectiveSanityTestAdmin">
    <skipped/>
  </testcase> <!-- @BeforeMethod startRecording -->
  <testcase name="@AfterMethod callStopRecording" time="0.0" classname="org.collective.testmethods.CollectiveSanityTestAdmin">
    <skipped/>
  </testcase> <!-- @AfterMethod callStopRecording -->
  <testcase name="@AfterMethod checkForAdminLogout" time="0.0" classname="org.collective.testmethods.CollectiveSanityTestAdmin">
    <skipped/>
  </testcase> <!-- @AfterMethod checkForAdminLogout -->
  <testcase name="@AfterMethod takeScreenshot" time="0.0" classname="org.collective.testmethods.CollectiveSanityTestAdmin">
    <skipped/>
  </testcase> <!-- @AfterMethod takeScreenshot -->
  <testcase name="@BeforeMethod checkForLogin" time="0.0" classname="org.collective.testmethods.CollectiveSanityTestAdmin">
    <skipped/>
  </testcase> <!-- @BeforeMethod checkForLogin -->
  <testcase name="@BeforeMethod setUp" time="0.0" classname="org.collective.testmethods.CollectiveSanityTestAdmin">
    <skipped/>
  </testcase> <!-- @BeforeMethod setUp -->
  <testcase name="@BeforeMethod startRecording" time="0.0" classname="org.collective.testmethods.CollectiveSanityTestAdmin">
    <skipped/>
  </testcase> <!-- @BeforeMethod startRecording -->
  <testcase name="@AfterMethod callStopRecording" time="0.0" classname="org.collective.testmethods.CollectiveSanityTestAdmin">
    <skipped/>
  </testcase> <!-- @AfterMethod callStopRecording -->
  <testcase name="@AfterMethod checkForAdminLogout" time="0.0" classname="org.collective.testmethods.CollectiveSanityTestAdmin">
    <skipped/>
  </testcase> <!-- @AfterMethod checkForAdminLogout -->
  <testcase name="@AfterMethod takeScreenshot" time="0.0" classname="org.collective.testmethods.CollectiveSanityTestAdmin">
    <skipped/>
  </testcase> <!-- @AfterMethod takeScreenshot -->
  <testcase name="@BeforeMethod checkForLogin" time="0.0" classname="org.collective.testmethods.CollectiveSanityTestCustomer">
    <skipped/>
  </testcase> <!-- @BeforeMethod checkForLogin -->
  <testcase name="@BeforeMethod setUp" time="0.0" classname="org.collective.testmethods.CollectiveSanityTestCustomer">
    <skipped/>
  </testcase> <!-- @BeforeMethod setUp -->
  <testcase name="@BeforeMethod startRecording" time="0.0" classname="org.collective.testmethods.CollectiveSanityTestCustomer">
    <skipped/>
  </testcase> <!-- @BeforeMethod startRecording -->
  <testcase name="@AfterMethod callStopRecording" time="0.0" classname="org.collective.testmethods.CollectiveSanityTestCustomer">
    <skipped/>
  </testcase> <!-- @AfterMethod callStopRecording -->
  <testcase name="@AfterMethod checkForAdminLogout" time="0.0" classname="org.collective.testmethods.CollectiveSanityTestCustomer">
    <skipped/>
  </testcase> <!-- @AfterMethod checkForAdminLogout -->
  <testcase name="@AfterMethod takeScreenshot" time="0.0" classname="org.collective.testmethods.CollectiveSanityTestCustomer">
    <skipped/>
  </testcase> <!-- @AfterMethod takeScreenshot -->
  <testcase name="@BeforeMethod checkForLogin" time="0.0" classname="org.collective.testmethods.CollectiveSanityTestCustomer">
    <skipped/>
  </testcase> <!-- @BeforeMethod checkForLogin -->
  <testcase name="@BeforeMethod setUp" time="0.0" classname="org.collective.testmethods.CollectiveSanityTestCustomer">
    <skipped/>
  </testcase> <!-- @BeforeMethod setUp -->
  <testcase name="@BeforeMethod startRecording" time="0.0" classname="org.collective.testmethods.CollectiveSanityTestCustomer">
    <skipped/>
  </testcase> <!-- @BeforeMethod startRecording -->
  <testcase name="@AfterMethod callStopRecording" time="0.0" classname="org.collective.testmethods.CollectiveSanityTestCustomer">
    <skipped/>
  </testcase> <!-- @AfterMethod callStopRecording -->
  <testcase name="@AfterMethod checkForAdminLogout" time="0.0" classname="org.collective.testmethods.CollectiveSanityTestCustomer">
    <skipped/>
  </testcase> <!-- @AfterMethod checkForAdminLogout -->
  <testcase name="@AfterMethod takeScreenshot" time="0.0" classname="org.collective.testmethods.CollectiveSanityTestCustomer">
    <skipped/>
  </testcase> <!-- @AfterMethod takeScreenshot -->
  <testcase name="@BeforeMethod checkForLogin" time="0.0" classname="org.collective.testmethods.CollectiveSanityTestCustomer">
    <skipped/>
  </testcase> <!-- @BeforeMethod checkForLogin -->
  <testcase name="@BeforeMethod setUp" time="0.0" classname="org.collective.testmethods.CollectiveSanityTestCustomer">
    <skipped/>
  </testcase> <!-- @BeforeMethod setUp -->
  <testcase name="@BeforeMethod startRecording" time="0.0" classname="org.collective.testmethods.CollectiveSanityTestCustomer">
    <skipped/>
  </testcase> <!-- @BeforeMethod startRecording -->
  <testcase name="@AfterMethod callStopRecording" time="0.0" classname="org.collective.testmethods.CollectiveSanityTestCustomer">
    <skipped/>
  </testcase> <!-- @AfterMethod callStopRecording -->
  <testcase name="@AfterMethod checkForAdminLogout" time="0.0" classname="org.collective.testmethods.CollectiveSanityTestCustomer">
    <skipped/>
  </testcase> <!-- @AfterMethod checkForAdminLogout -->
  <testcase name="@AfterMethod takeScreenshot" time="0.0" classname="org.collective.testmethods.CollectiveSanityTestCustomer">
    <skipped/>
  </testcase> <!-- @AfterMethod takeScreenshot -->
  <testcase name="@BeforeMethod checkForLogin" time="0.0" classname="org.collective.testmethods.CollectiveSanityTestCustomer">
    <skipped/>
  </testcase> <!-- @BeforeMethod checkForLogin -->
  <testcase name="@BeforeMethod setUp" time="0.0" classname="org.collective.testmethods.CollectiveSanityTestCustomer">
    <skipped/>
  </testcase> <!-- @BeforeMethod setUp -->
  <testcase name="@BeforeMethod startRecording" time="0.0" classname="org.collective.testmethods.CollectiveSanityTestCustomer">
    <skipped/>
  </testcase> <!-- @BeforeMethod startRecording -->
  <testcase name="@AfterMethod callStopRecording" time="0.0" classname="org.collective.testmethods.CollectiveSanityTestCustomer">
    <skipped/>
  </testcase> <!-- @AfterMethod callStopRecording -->
  <testcase name="@AfterMethod checkForAdminLogout" time="0.0" classname="org.collective.testmethods.CollectiveSanityTestCustomer">
    <skipped/>
  </testcase> <!-- @AfterMethod checkForAdminLogout -->
  <testcase name="@AfterMethod takeScreenshot" time="0.0" classname="org.collective.testmethods.CollectiveSanityTestCustomer">
    <skipped/>
  </testcase> <!-- @AfterMethod takeScreenshot -->
  <testcase name="@BeforeMethod checkForLogin" time="0.0" classname="org.collective.testmethods.CollectiveSanityTestCustomer">
    <skipped/>
  </testcase> <!-- @BeforeMethod checkForLogin -->
  <testcase name="@BeforeMethod setUp" time="0.0" classname="org.collective.testmethods.CollectiveSanityTestCustomer">
    <skipped/>
  </testcase> <!-- @BeforeMethod setUp -->
  <testcase name="@BeforeMethod startRecording" time="0.0" classname="org.collective.testmethods.CollectiveSanityTestCustomer">
    <skipped/>
  </testcase> <!-- @BeforeMethod startRecording -->
  <testcase name="@AfterMethod callStopRecording" time="0.0" classname="org.collective.testmethods.CollectiveSanityTestCustomer">
    <skipped/>
  </testcase> <!-- @AfterMethod callStopRecording -->
  <testcase name="@AfterMethod checkForAdminLogout" time="0.0" classname="org.collective.testmethods.CollectiveSanityTestCustomer">
    <skipped/>
  </testcase> <!-- @AfterMethod checkForAdminLogout -->
  <testcase name="@AfterMethod takeScreenshot" time="0.0" classname="org.collective.testmethods.CollectiveSanityTestCustomer">
    <skipped/>
  </testcase> <!-- @AfterMethod takeScreenshot -->
  <testcase name="@BeforeMethod checkForLogin" time="0.0" classname="org.collective.testmethods.CollectiveSanityTestCustomer">
    <skipped/>
  </testcase> <!-- @BeforeMethod checkForLogin -->
  <testcase name="@BeforeMethod setUp" time="0.0" classname="org.collective.testmethods.CollectiveSanityTestCustomer">
    <skipped/>
  </testcase> <!-- @BeforeMethod setUp -->
  <testcase name="@BeforeMethod startRecording" time="0.0" classname="org.collective.testmethods.CollectiveSanityTestCustomer">
    <skipped/>
  </testcase> <!-- @BeforeMethod startRecording -->
  <testcase name="@AfterMethod callStopRecording" time="0.0" classname="org.collective.testmethods.CollectiveSanityTestCustomer">
    <skipped/>
  </testcase> <!-- @AfterMethod callStopRecording -->
  <testcase name="@AfterMethod checkForAdminLogout" time="0.0" classname="org.collective.testmethods.CollectiveSanityTestCustomer">
    <skipped/>
  </testcase> <!-- @AfterMethod checkForAdminLogout -->
  <testcase name="@AfterMethod takeScreenshot" time="0.0" classname="org.collective.testmethods.CollectiveSanityTestCustomer">
    <skipped/>
  </testcase> <!-- @AfterMethod takeScreenshot -->
  <testcase name="@BeforeMethod checkForLogin" time="0.0" classname="org.collective.testmethods.CollectiveSanityTestCustomer">
    <skipped/>
  </testcase> <!-- @BeforeMethod checkForLogin -->
  <testcase name="@BeforeMethod setUp" time="0.0" classname="org.collective.testmethods.CollectiveSanityTestCustomer">
    <skipped/>
  </testcase> <!-- @BeforeMethod setUp -->
  <testcase name="@BeforeMethod startRecording" time="0.0" classname="org.collective.testmethods.CollectiveSanityTestCustomer">
    <skipped/>
  </testcase> <!-- @BeforeMethod startRecording -->
  <testcase name="@AfterMethod callStopRecording" time="0.0" classname="org.collective.testmethods.CollectiveSanityTestCustomer">
    <skipped/>
  </testcase> <!-- @AfterMethod callStopRecording -->
  <testcase name="@AfterMethod checkForAdminLogout" time="0.0" classname="org.collective.testmethods.CollectiveSanityTestCustomer">
    <skipped/>
  </testcase> <!-- @AfterMethod checkForAdminLogout -->
  <testcase name="@AfterMethod takeScreenshot" time="0.0" classname="org.collective.testmethods.CollectiveSanityTestCustomer">
    <skipped/>
  </testcase> <!-- @AfterMethod takeScreenshot -->
  <testcase name="@BeforeMethod checkForLogin" time="0.0" classname="org.collective.testmethods.CollectiveSanityTestCustomer">
    <skipped/>
  </testcase> <!-- @BeforeMethod checkForLogin -->
  <testcase name="@BeforeMethod setUp" time="0.0" classname="org.collective.testmethods.CollectiveSanityTestCustomer">
    <skipped/>
  </testcase> <!-- @BeforeMethod setUp -->
  <testcase name="@BeforeMethod startRecording" time="0.0" classname="org.collective.testmethods.CollectiveSanityTestCustomer">
    <skipped/>
  </testcase> <!-- @BeforeMethod startRecording -->
  <testcase name="@AfterMethod callStopRecording" time="0.0" classname="org.collective.testmethods.CollectiveSanityTestCustomer">
    <skipped/>
  </testcase> <!-- @AfterMethod callStopRecording -->
  <testcase name="@AfterMethod checkForAdminLogout" time="0.0" classname="org.collective.testmethods.CollectiveSanityTestCustomer">
    <skipped/>
  </testcase> <!-- @AfterMethod checkForAdminLogout -->
  <testcase name="@AfterMethod takeScreenshot" time="0.0" classname="org.collective.testmethods.CollectiveSanityTestCustomer">
    <skipped/>
  </testcase> <!-- @AfterMethod takeScreenshot -->
  <testcase name="@BeforeMethod checkForLogin" time="0.0" classname="org.collective.testmethods.CollectiveSanityTestCustomer">
    <skipped/>
  </testcase> <!-- @BeforeMethod checkForLogin -->
  <testcase name="@BeforeMethod setUp" time="0.0" classname="org.collective.testmethods.CollectiveSanityTestCustomer">
    <skipped/>
  </testcase> <!-- @BeforeMethod setUp -->
  <testcase name="@BeforeMethod startRecording" time="0.0" classname="org.collective.testmethods.CollectiveSanityTestCustomer">
    <skipped/>
  </testcase> <!-- @BeforeMethod startRecording -->
  <testcase name="@AfterMethod callStopRecording" time="0.0" classname="org.collective.testmethods.CollectiveSanityTestCustomer">
    <skipped/>
  </testcase> <!-- @AfterMethod callStopRecording -->
  <testcase name="@AfterMethod checkForAdminLogout" time="0.0" classname="org.collective.testmethods.CollectiveSanityTestCustomer">
    <skipped/>
  </testcase> <!-- @AfterMethod checkForAdminLogout -->
  <testcase name="@AfterMethod takeScreenshot" time="0.0" classname="org.collective.testmethods.CollectiveSanityTestCustomer">
    <skipped/>
  </testcase> <!-- @AfterMethod takeScreenshot -->
  <testcase name="@BeforeMethod checkForLogin" time="0.0" classname="org.collective.testmethods.CollectiveSanityTestCustomer">
    <skipped/>
  </testcase> <!-- @BeforeMethod checkForLogin -->
  <testcase name="@BeforeMethod setUp" time="0.0" classname="org.collective.testmethods.CollectiveSanityTestCustomer">
    <skipped/>
  </testcase> <!-- @BeforeMethod setUp -->
  <testcase name="@BeforeMethod startRecording" time="0.0" classname="org.collective.testmethods.CollectiveSanityTestCustomer">
    <skipped/>
  </testcase> <!-- @BeforeMethod startRecording -->
  <testcase name="@AfterMethod callStopRecording" time="0.0" classname="org.collective.testmethods.CollectiveSanityTestCustomer">
    <skipped/>
  </testcase> <!-- @AfterMethod callStopRecording -->
  <testcase name="@AfterMethod checkForAdminLogout" time="0.0" classname="org.collective.testmethods.CollectiveSanityTestCustomer">
    <skipped/>
  </testcase> <!-- @AfterMethod checkForAdminLogout -->
  <testcase name="@AfterMethod takeScreenshot" time="0.0" classname="org.collective.testmethods.CollectiveSanityTestCustomer">
    <skipped/>
  </testcase> <!-- @AfterMethod takeScreenshot -->
  <testcase name="@BeforeMethod checkForLogin" time="0.0" classname="org.collective.testmethods.CollectiveSanityTestCustomer">
    <skipped/>
  </testcase> <!-- @BeforeMethod checkForLogin -->
  <testcase name="@BeforeMethod setUp" time="0.0" classname="org.collective.testmethods.CollectiveSanityTestCustomer">
    <skipped/>
  </testcase> <!-- @BeforeMethod setUp -->
  <testcase name="@BeforeMethod startRecording" time="0.0" classname="org.collective.testmethods.CollectiveSanityTestCustomer">
    <skipped/>
  </testcase> <!-- @BeforeMethod startRecording -->
  <testcase name="@AfterMethod callStopRecording" time="0.0" classname="org.collective.testmethods.CollectiveSanityTestCustomer">
    <skipped/>
  </testcase> <!-- @AfterMethod callStopRecording -->
  <testcase name="@AfterMethod checkForAdminLogout" time="0.0" classname="org.collective.testmethods.CollectiveSanityTestCustomer">
    <skipped/>
  </testcase> <!-- @AfterMethod checkForAdminLogout -->
  <testcase name="@AfterMethod takeScreenshot" time="0.0" classname="org.collective.testmethods.CollectiveSanityTestCustomer">
    <skipped/>
  </testcase> <!-- @AfterMethod takeScreenshot -->
  <testcase name="tc012_collective_adminLogin" time="5.071" classname="org.collective.testmethods.CollectiveSanityTestAdmin"/>
  <testcase name="tc013_collective_admin_reports_OrderTotalsSheet" time="15.1" classname="org.collective.testmethods.CollectiveSanityTestAdmin"/>
  <testcase name="tc014_evaluateAdminTabs_Returns" time="7.808" classname="org.collective.testmethods.CollectiveSanityTestAdmin"/>
  <testcase name="tc015_evaluateAdminTabs_Carousel" time="6.355" classname="org.collective.testmethods.CollectiveSanityTestAdmin"/>
  <testcase name="tc016_evaluateAdminTabs_Orders" time="7.237" classname="org.collective.testmethods.CollectiveSanityTestAdmin"/>
  <testcase name="tc017_evaluateAdminTabs_Products" time="6.238" classname="org.collective.testmethods.CollectiveSanityTestAdmin"/>
  <testcase name="tc018_evaluateAdminTabs_Settings" time="6.642" classname="org.collective.testmethods.CollectiveSanityTestAdmin"/>
  <testcase name="tc019_evaluateAdminTabs_Promotions" time="6.474" classname="org.collective.testmethods.CollectiveSanityTestAdmin"/>
  <testcase name="tc020_evaluateAdminTabs_Users" time="5.752" classname="org.collective.testmethods.CollectiveSanityTestAdmin"/>
  <testcase name="tc021_evaluateAdminTabs_Blog" time="8.494" classname="org.collective.testmethods.CollectiveSanityTestAdmin">
    <failure type="org.openqa.selenium.NoSuchWindowException" message="no such window: target window already closed
from unknown error: web view not found
  (Session info: chrome=48.0.2564.103)
  (Driver info: chromedriver=2.20.353145 (343b531d31eeb933ec778dbcf7081628a1396067),platform=Windows NT 6.3 x86_64) (WARNING: The server did not provide any stacktrace information)
Command duration or timeout: 4 milliseconds
Build info: version: &amp;apos;2.44.0&amp;apos;, revision: &amp;apos;76d78cf323ce037c5f92db6c1bba601c2ac43ad8&amp;apos;, time: &amp;apos;2014-10-23 13:11:40&amp;apos;
System info: host: &amp;apos;codebrahma&amp;apos;, ip: &amp;apos;192.168.56.1&amp;apos;, os.name: &amp;apos;Windows 8.1&amp;apos;, os.arch: &amp;apos;amd64&amp;apos;, os.version: &amp;apos;6.3&amp;apos;, java.version: &amp;apos;1.8.0_60&amp;apos;
Driver info: org.openqa.selenium.chrome.ChromeDriver
Capabilities [{applicationCacheEnabled=false, rotatable=false, mobileEmulationEnabled=false, chrome={userDataDir=C:\Users\codeb\AppData\Local\Temp\scoped_dir6776_9289}, takesHeapSnapshot=true, databaseEnabled=false, handlesAlerts=true, hasTouchScreen=false, version=48.0.2564.103, platform=WIN8_1, browserConnectionEnabled=false, nativeEvents=true, acceptSslCerts=true, locationContextEnabled=true, webStorageEnabled=true, browserName=chrome, takesScreenshot=true, javascriptEnabled=true, cssSelectorsEnabled=true}]
Session ID: cca4d373769882616b6b8c783ab86754">
      <![CDATA[org.openqa.selenium.NoSuchWindowException: no such window: target window already closed
from unknown error: web view not found
  (Session info: chrome=48.0.2564.103)
  (Driver info: chromedriver=2.20.353145 (343b531d31eeb933ec778dbcf7081628a1396067),platform=Windows NT 6.3 x86_64) (WARNING: The server did not provide any stacktrace information)
Command duration or timeout: 4 milliseconds
Build info: version: '2.44.0', revision: '76d78cf323ce037c5f92db6c1bba601c2ac43ad8', time: '2014-10-23 13:11:40'
System info: host: 'codebrahma', ip: '192.168.56.1', os.name: 'Windows 8.1', os.arch: 'amd64', os.version: '6.3', java.version: '1.8.0_60'
Driver info: org.openqa.selenium.chrome.ChromeDriver
Capabilities [{applicationCacheEnabled=false, rotatable=false, mobileEmulationEnabled=false, chrome={userDataDir=C:\Users\codeb\AppData\Local\Temp\scoped_dir6776_9289}, takesHeapSnapshot=true, databaseEnabled=false, handlesAlerts=true, hasTouchScreen=false, version=48.0.2564.103, platform=WIN8_1, browserConnectionEnabled=false, nativeEvents=true, acceptSslCerts=true, locationContextEnabled=true, webStorageEnabled=true, browserName=chrome, takesScreenshot=true, javascriptEnabled=true, cssSelectorsEnabled=true}]
Session ID: cca4d373769882616b6b8c783ab86754
	at org.openqa.selenium.remote.ErrorHandler.createThrowable(ErrorHandler.java:204)
	at org.openqa.selenium.remote.ErrorHandler.throwIfResponseFailed(ErrorHandler.java:156)
	at org.openqa.selenium.remote.RemoteWebDriver.execute(RemoteWebDriver.java:599)
	at org.openqa.selenium.remote.RemoteWebDriver.findElement(RemoteWebDriver.java:352)
	at org.openqa.selenium.remote.RemoteWebDriver.findElementByXPath(RemoteWebDriver.java:449)
	at org.openqa.selenium.By$ByXPath.findElement(By.java:357)
	at org.openqa.selenium.remote.RemoteWebDriver.findElement(RemoteWebDriver.java:344)
	at org.openqa.selenium.support.pagefactory.DefaultElementLocator.findElement(DefaultElementLocator.java:59)
	at org.openqa.selenium.support.pagefactory.internal.LocatingElementHandler.invoke(LocatingElementHandler.java:37)
	at com.sun.proxy.$Proxy11.toString(Unknown Source)
	at java.lang.String.valueOf(String.java:2994)
	at java.lang.StringBuilder.append(StringBuilder.java:131)
	at org.openqa.selenium.support.ui.ExpectedConditions$7.toString(ExpectedConditions.java:218)
	at org.openqa.selenium.support.ui.FluentWait.until(FluentWait.java:223)
	at org.collective.utils.Waiting.explicitWaitVisibilityOfElement(Waiting.java:36)
	at org.collective.customer.pageobjects.CollectiveLoginPageObjects.verifyAdminLoginMsg(CollectiveLoginPageObjects.java:55)
	at org.collective.testmethods.CollectiveSanityTestAdmin.tc021_evaluateAdminTabs_Blog(CollectiveSanityTestAdmin.java:174)
... Removed 28 stack frames]]>
    </failure>
  </testcase> <!-- tc021_evaluateAdminTabs_Blog -->
  <testcase name="tc022_evaluateAdminTabs_Store" time="0.001" classname="org.collective.testmethods.CollectiveSanityTestAdmin">
    <skipped/>
  </testcase> <!-- tc022_evaluateAdminTabs_Store -->
  <testcase name="tc023_evaluateAdminTabs_AnalyticScript" time="0.001" classname="org.collective.testmethods.CollectiveSanityTestAdmin">
    <skipped/>
  </testcase> <!-- tc023_evaluateAdminTabs_AnalyticScript -->
  <testcase name="tc024_Reports_UserList" time="0.001" classname="org.collective.testmethods.CollectiveSanityTestAdmin">
    <skipped/>
  </testcase> <!-- tc024_Reports_UserList -->
  <testcase name="tc025_Reports_returnList" time="0.0" classname="org.collective.testmethods.CollectiveSanityTestAdmin">
    <skipped/>
  </testcase> <!-- tc025_Reports_returnList -->
  <testcase name="tc001_collective_signup" time="0.001" classname="org.collective.testmethods.CollectiveSanityTestCustomer">
    <skipped/>
  </testcase> <!-- tc001_collective_signup -->
  <testcase name="tc002_collective_login" time="0.001" classname="org.collective.testmethods.CollectiveSanityTestCustomer">
    <skipped/>
  </testcase> <!-- tc002_collective_login -->
  <testcase name="tc003_collective_blog" time="0.0" classname="org.collective.testmethods.CollectiveSanityTestCustomer">
    <skipped/>
  </testcase> <!-- tc003_collective_blog -->
  <testcase name="tc004_collective_accessories" time="0.0" classname="org.collective.testmethods.CollectiveSanityTestCustomer">
    <skipped/>
  </testcase> <!-- tc004_collective_accessories -->
  <testcase name="tc005_collective_accessories_Filter_Brand" time="0.0" classname="org.collective.testmethods.CollectiveSanityTestCustomer">
    <skipped/>
  </testcase> <!-- tc005_collective_accessories_Filter_Brand -->
  <testcase name="tc006_collective_pagination" time="0.001" classname="org.collective.testmethods.CollectiveSanityTestCustomer">
    <skipped/>
  </testcase> <!-- tc006_collective_pagination -->
  <testcase name="tc007_collective_sales" time="0.001" classname="org.collective.testmethods.CollectiveSanityTestCustomer">
    <skipped/>
  </testcase> <!-- tc007_collective_sales -->
  <testcase name="tc008_collective_orderGreaterThan20000" time="0.0" classname="org.collective.testmethods.CollectiveSanityTestCustomer">
    <skipped/>
  </testcase> <!-- tc008_collective_orderGreaterThan20000 -->
  <testcase name="tc009_collective_orderLessOrEqualThan20000" time="0.0" classname="org.collective.testmethods.CollectiveSanityTestCustomer">
    <skipped/>
  </testcase> <!-- tc009_collective_orderLessOrEqualThan20000 -->
  <testcase name="tc010_collective_orderPlacement" time="0.0" classname="org.collective.testmethods.CollectiveSanityTestCustomer">
    <skipped/>
  </testcase> <!-- tc010_collective_orderPlacement -->
  <testcase name="tc011_collective_placeorder_OrderCancellation" time="0.001" classname="org.collective.testmethods.CollectiveSanityTestCustomer">
    <skipped/>
  </testcase> <!-- tc011_collective_placeorder_OrderCancellation -->
  <testcase name="tc023_PageURLsStaging" time="152.466" classname="org.collective.testmethods.CollectiveSanityTestURL">
    <failure type="java.lang.AssertionError" message="/static_pages/press failed  with status 500
/store_locator failed  with status 500
/static_pages/shippingpolicy failed  with status 500
/static_pages/about failed  with status 500
/events failed  with status 500
/static_pages/privacypolicy failed  with status 500
/prive failed  with status 500
/static_pages/faqs failed  with status 500
/static_pages/returnpolicy failed  with status 500
/static_pages/careers failed  with status 500
 expected [/static_pages/press failed  with status 500
/store_locator failed  with status 500
/static_pages/shippingpolicy failed  with status 500
/static_pages/about failed  with status 500
/events failed  with status 500
/static_pages/privacypolicy failed  with status 500
/prive failed  with status 500
/static_pages/faqs failed  with status 500
/static_pages/returnpolicy failed  with status 500
/static_pages/careers failed  with status 500
] but found []">
      <![CDATA[java.lang.AssertionError: /static_pages/press failed  with status 500
/store_locator failed  with status 500
/static_pages/shippingpolicy failed  with status 500
/static_pages/about failed  with status 500
/events failed  with status 500
/static_pages/privacypolicy failed  with status 500
/prive failed  with status 500
/static_pages/faqs failed  with status 500
/static_pages/returnpolicy failed  with status 500
/static_pages/careers failed  with status 500
 expected [/static_pages/press failed  with status 500
/store_locator failed  with status 500
/static_pages/shippingpolicy failed  with status 500
/static_pages/about failed  with status 500
/events failed  with status 500
/static_pages/privacypolicy failed  with status 500
/prive failed  with status 500
/static_pages/faqs failed  with status 500
/static_pages/returnpolicy failed  with status 500
/static_pages/careers failed  with status 500
] but found []
	at org.collective.testmethods.CollectiveSanityTestURL.tc023_PageURLsStaging(CollectiveSanityTestURL.java:21)
... Removed 28 stack frames]]>
    </failure>
  </testcase> <!-- tc023_PageURLsStaging -->
</testsuite> <!-- SmokeTesting -->
