<html>
<head>
<title>TestNG:  EtnaWebApplicationTesting</title>
<link href="../testng.css" rel="stylesheet" type="text/css" />
<link href="../my-testng.css" rel="stylesheet" type="text/css" />

<style type="text/css">
.log { display: none;} 
.stack-trace { display: none;} 
</style>
<script type="text/javascript">
<!--
function flip(e) {
  current = e.style.display;
  if (current == 'block') {
    e.style.display = 'none';
    return 0;
  }
  else {
    e.style.display = 'block';
    return 1;
  }
}

function toggleBox(szDivId, elem, msg1, msg2)
{
  var res = -1;  if (document.getElementById) {
    res = flip(document.getElementById(szDivId));
  }
  else if (document.all) {
    // this is the way old msie versions work
    res = flip(document.all[szDivId]);
  }
  if(elem) {
    if(res == 0) elem.innerHTML = msg1; else elem.innerHTML = msg2;
  }

}

function toggleAllBoxes() {
  if (document.getElementsByTagName) {
    d = document.getElementsByTagName('div');
    for (i = 0; i < d.length; i++) {
      if (d[i].className == 'log') {
        flip(d[i]);
      }
    }
  }
}

// -->
</script>

</head>
<body>
<h2 align='center'>EtnaWebApplicationTesting</h2><table border='1' align="center">
<tr>
<td>Tests passed/Failed/Skipped:</td><td>19/1/6</td>
</tr><tr>
<td>Started on:</td><td>Thu Apr 14 21:32:16 IST 2016</td>
</tr>
<tr><td>Total time:</td><td>133 seconds (133365 ms)</td>
</tr><tr>
<td>Included groups:</td><td>regression smoke </td>
</tr><tr>
<td>Excluded groups:</td><td></td>
</tr>
</table><p/>
<small><i>(Hover the method name to see the test class name)</i></small><p/>
<table width='100%' border='1' class='invocation-failed'>
<tr><td colspan='4' align='center'><b>FAILED TESTS</b></td></tr>
<tr><td><b>Test method</b></td>
<td width="30%"><b>Exception</b></td>
<td width="10%"><b>Time (seconds)</b></td>
<td><b>Instance</b></td>
</tr>
<tr>
<td title='org.etna.modules.LoginModule.TS_Login_002_TC_Login_014_myProductGroupLoginPopupRememberMeClickCheck()'><b>TS_Login_002_TC_Login_014_myProductGroupLoginPopupRememberMeClickCheck</b><br>Test class: org.etna.modules.LoginModule</td>
<td><div><pre>java.lang.IndexOutOfBoundsException: Index: 1, Size: 1
	at java.util.ArrayList.rangeCheck(Unknown Source)
	at java.util.ArrayList.get(Unknown Source)
	at org.openqa.selenium.support.pagefactory.internal.LocatingElementListHandler.invoke(LocatingElementListHandler.java:39)
	at com.sun.proxy.$Proxy11.get(Unknown Source)
	at org.etna.customer.pageobjects.ProductsListPageObjects.clickOnMyProductGroup(ProductsListPageObjects.java:214)
	at org.etna.modules.LoginModule.TS_Login_002_TC_Login_014_myProductGroupLoginPopupRememberMeClickCheck(LoginModule.java:211)
... Removed 28 stack frames</pre></div><a href='#' onClick='toggleBox("stack-trace1349025531", this, "Click to show all stack frames", "Click to hide stack frames")'>Click to show all stack frames</a>
<div class='stack-trace' id='stack-trace1349025531'><pre>java.lang.IndexOutOfBoundsException: Index: 1, Size: 1
	at java.util.ArrayList.rangeCheck(Unknown Source)
	at java.util.ArrayList.get(Unknown Source)
	at sun.reflect.NativeMethodAccessorImpl.invoke0(Native Method)
	at sun.reflect.NativeMethodAccessorImpl.invoke(Unknown Source)
	at sun.reflect.DelegatingMethodAccessorImpl.invoke(Unknown Source)
	at java.lang.reflect.Method.invoke(Unknown Source)
	at org.openqa.selenium.support.pagefactory.internal.LocatingElementListHandler.invoke(LocatingElementListHandler.java:39)
	at com.sun.proxy.$Proxy11.get(Unknown Source)
	at org.etna.customer.pageobjects.ProductsListPageObjects.clickOnMyProductGroup(ProductsListPageObjects.java:214)
	at org.etna.modules.LoginModule.TS_Login_002_TC_Login_014_myProductGroupLoginPopupRememberMeClickCheck(LoginModule.java:211)
	at sun.reflect.NativeMethodAccessorImpl.invoke0(Native Method)
	at sun.reflect.NativeMethodAccessorImpl.invoke(Unknown Source)
	at sun.reflect.DelegatingMethodAccessorImpl.invoke(Unknown Source)
	at java.lang.reflect.Method.invoke(Unknown Source)
	at org.testng.internal.MethodInvocationHelper.invokeMethod(MethodInvocationHelper.java:86)
	at org.testng.internal.Invoker.invokeMethod(Invoker.java:645)
	at org.testng.internal.Invoker.invokeTestMethod(Invoker.java:822)
	at org.testng.internal.Invoker.invokeTestMethods(Invoker.java:1130)
	at org.testng.internal.TestMethodWorker.invokeTestMethods(TestMethodWorker.java:129)
	at org.testng.internal.TestMethodWorker.run(TestMethodWorker.java:112)
	at org.testng.TestRunner.privateRun(TestRunner.java:782)
	at org.testng.TestRunner.run(TestRunner.java:632)
	at org.testng.SuiteRunner.runTest(SuiteRunner.java:366)
	at org.testng.SuiteRunner.runSequentially(SuiteRunner.java:361)
	at org.testng.SuiteRunner.privateRun(SuiteRunner.java:319)
	at org.testng.SuiteRunner.run(SuiteRunner.java:268)
	at org.testng.SuiteRunnerWorker.runSuite(SuiteRunnerWorker.java:52)
	at org.testng.SuiteRunnerWorker.run(SuiteRunnerWorker.java:86)
	at org.testng.TestNG.runSuitesSequentially(TestNG.java:1244)
	at org.testng.TestNG.runSuitesLocally(TestNG.java:1169)
	at org.testng.TestNG.run(TestNG.java:1064)
	at org.testng.remote.RemoteTestNG.run(RemoteTestNG.java:113)
	at org.testng.remote.RemoteTestNG.initAndRun(RemoteTestNG.java:206)
	at org.testng.remote.RemoteTestNG.main(RemoteTestNG.java:177)
</pre></div></td>
<td>1</td>
<td>org.etna.modules.LoginModule@490ab905</td></tr>
</table><p>
<table width='100%' border='1' class='invocation-passed'>
<tr><td colspan='4' align='center'><b>PASSED TESTS</b></td></tr>
<tr><td><b>Test method</b></td>
<td width="30%"><b>Exception</b></td>
<td width="10%"><b>Time (seconds)</b></td>
<td><b>Instance</b></td>
</tr>
<tr>
<td title='org.etna.modules.LoginModule.TS_Login_001_TC_Login_004_005_006_007_ErrorScenarios()'><b>TS_Login_001_TC_Login_004_005_006_007_ErrorScenarios</b><br>Test class: org.etna.modules.LoginModule<br>Parameters: hemanthsridhar92@gmail.com, zasdasdsa, Invalid User Name/Password.</td>
<td></td>
<td>1</td>
<td>org.etna.modules.LoginModule@490ab905</td></tr>
<tr>
<td title='org.etna.modules.LoginModule.TS_Login_001_TC_Login_004_005_006_007_ErrorScenarios()'><b>TS_Login_001_TC_Login_004_005_006_007_ErrorScenarios</b><br>Test class: org.etna.modules.LoginModule<br>Parameters: hemanthsridhar92@gmail.com, , Enter Password</td>
<td></td>
<td>0</td>
<td>org.etna.modules.LoginModule@490ab905</td></tr>
<tr>
<td title='org.etna.modules.LoginModule.TS_Login_001_TC_Login_004_005_006_007_ErrorScenarios()'><b>TS_Login_001_TC_Login_004_005_006_007_ErrorScenarios</b><br>Test class: org.etna.modules.LoginModule<br>Parameters: , hemanth123, Enter User Name</td>
<td></td>
<td>0</td>
<td>org.etna.modules.LoginModule@490ab905</td></tr>
<tr>
<td title='org.etna.modules.LoginModule.TS_Login_001_TC_Login_004_005_006_007_ErrorScenarios()'><b>TS_Login_001_TC_Login_004_005_006_007_ErrorScenarios</b><br>Test class: org.etna.modules.LoginModule<br>Parameters: , , Enter User Name & Password</td>
<td></td>
<td>0</td>
<td>org.etna.modules.LoginModule@490ab905</td></tr>
<tr>
<td title='org.etna.modules.LoginModule.TS_Login_001_TC_Login_004_005_006_007_ErrorScenarios()'><b>TS_Login_001_TC_Login_004_005_006_007_ErrorScenarios</b><br>Test class: org.etna.modules.LoginModule<br>Parameters: !!@#@#$$%123…, asdsd, Invalid User Name/Password.</td>
<td></td>
<td>1</td>
<td>org.etna.modules.LoginModule@490ab905</td></tr>
<tr>
<td title='org.etna.modules.LoginModule.TS_Login_001_TC_Login_004_005_006_007_ErrorScenarios()'><b>TS_Login_001_TC_Login_004_005_006_007_ErrorScenarios</b><br>Test class: org.etna.modules.LoginModule<br>Parameters:        hemanthsridhar92@gmail.com        , asdsd, Invalid User Name/Password.</td>
<td></td>
<td>1</td>
<td>org.etna.modules.LoginModule@490ab905</td></tr>
<tr>
<td title='org.etna.modules.LoginModule.TS_Login_001_TS_Login_006_TC_Login_001_AsASuperUser_PurchaseAgent_GeneralUser()'><b>TS_Login_001_TS_Login_006_TC_Login_001_AsASuperUser_PurchaseAgent_GeneralUser</b><br>Test class: org.etna.modules.LoginModule<br>Parameters: webuser@unilogcorp.com, 123456789, Super User User</td>
<td></td>
<td>7</td>
<td>org.etna.modules.LoginModule@490ab905</td></tr>
<tr>
<td title='org.etna.modules.LoginModule.TS_Login_001_TS_Login_006_TC_Login_001_AsASuperUser_PurchaseAgent_GeneralUser()'><b>TS_Login_001_TS_Login_006_TC_Login_001_AsASuperUser_PurchaseAgent_GeneralUser</b><br>Test class: org.etna.modules.LoginModule<br>Parameters: newpurchaseagent@unilogcorp.com, 123456789, Test Agent Test</td>
<td></td>
<td>3</td>
<td>org.etna.modules.LoginModule@490ab905</td></tr>
<tr>
<td title='org.etna.modules.LoginModule.TS_Login_001_TS_Login_006_TC_Login_001_AsASuperUser_PurchaseAgent_GeneralUser()'><b>TS_Login_001_TS_Login_006_TC_Login_001_AsASuperUser_PurchaseAgent_GeneralUser</b><br>Test class: org.etna.modules.LoginModule<br>Parameters: generaluser2@unilogcorp.com, 123456789, General User Test User</td>
<td></td>
<td>2</td>
<td>org.etna.modules.LoginModule@490ab905</td></tr>
<tr>
<td title='org.etna.modules.LoginModule.TS_Login_001_TS_Login_006_TC_Login_001_TC_Login_002_TC_Login_024_TC_Login_025_TC_Login_026_TC_Login_027()'><b>TS_Login_001_TS_Login_006_TC_Login_001_TC_Login_002_TC_Login_024_TC_Login_025_TC_Login_026_TC_Login_027</b><br>Test class: org.etna.modules.LoginModule</td>
<td></td>
<td>4</td>
<td>org.etna.modules.LoginModule@490ab905</td></tr>
<tr>
<td title='org.etna.modules.LoginModule.TS_Login_002_TC_Login_009_010_RememberPassword_UserNameAndPasswordRefill()'><b>TS_Login_002_TC_Login_009_010_RememberPassword_UserNameAndPasswordRefill</b><br>Test class: org.etna.modules.LoginModule</td>
<td></td>
<td>4</td>
<td>org.etna.modules.LoginModule@490ab905</td></tr>
<tr>
<td title='org.etna.modules.LoginModule.TS_Login_002_TC_Login_011_AutofillLogin()'><b>TS_Login_002_TC_Login_011_AutofillLogin</b><br>Test class: org.etna.modules.LoginModule</td>
<td></td>
<td>6</td>
<td>org.etna.modules.LoginModule@490ab905</td></tr>
<tr>
<td title='org.etna.modules.LoginModule.TS_Login_002_TC_Login_012_uncheckRememberMeWhenInAutoFillForm()'><b>TS_Login_002_TC_Login_012_uncheckRememberMeWhenInAutoFillForm</b><br>Test class: org.etna.modules.LoginModule</td>
<td></td>
<td>9</td>
<td>org.etna.modules.LoginModule@490ab905</td></tr>
<tr>
<td title='org.etna.modules.LoginModule.TS_Login_002_TC_Login_015_rememberMeAsALink()'><b>TS_Login_002_TC_Login_015_rememberMeAsALink</b><br>Test class: org.etna.modules.LoginModule</td>
<td></td>
<td>1</td>
<td>org.etna.modules.LoginModule@490ab905</td></tr>
<tr>
<td title='org.etna.modules.LoginModule.TS_Login_002_TC_Login_016_017_018_rememberMeCheckboxTest()'><b>TS_Login_002_TC_Login_016_017_018_rememberMeCheckboxTest</b><br>Test class: org.etna.modules.LoginModule</td>
<td></td>
<td>6</td>
<td>org.etna.modules.LoginModule@490ab905</td></tr>
<tr>
<td title='org.etna.modules.LoginModule.TS_Login_004_TC_Login_020_verifyForgotPasswordPage()'><b>TS_Login_004_TC_Login_020_verifyForgotPasswordPage</b><br>Test class: org.etna.modules.LoginModule</td>
<td></td>
<td>1</td>
<td>org.etna.modules.LoginModule@490ab905</td></tr>
<tr>
<td title='org.etna.modules.ProductListModule.tc005_HGH_ListViewGridView()'><b>tc005_HGH_ListViewGridView</b><br>Test class: org.etna.modules.ProductListModule</td>
<td></td>
<td>1</td>
<td>org.etna.modules.ProductListModule@6e1567f1</td></tr>
<tr>
<td title='org.etna.modules.ProductListModule.tc006_verifyProductListPage()'><b>tc006_verifyProductListPage</b><br>Test class: org.etna.modules.ProductListModule</td>
<td></td>
<td>4</td>
<td>org.etna.modules.ProductListModule@6e1567f1</td></tr>
<tr>
<td title='org.etna.modules.HomePageModule.tc011_clickOnLogoNavigateBackToHomePage()'><b>tc011_clickOnLogoNavigateBackToHomePage</b><br>Test class: org.etna.modules.HomePageModule</td>
<td></td>
<td>2</td>
<td>org.etna.modules.HomePageModule@59494225</td></tr>
</table><p>
<table width='100%' border='1' class='invocation-skipped'>
<tr><td colspan='4' align='center'><b>SKIPPED TESTS</b></td></tr>
<tr><td><b>Test method</b></td>
<td width="30%"><b>Exception</b></td>
<td width="10%"><b>Time (seconds)</b></td>
<td><b>Instance</b></td>
</tr>
<tr>
<td title='org.etna.modules.LoginModule.TS_Login_001_TC_Login_008_Verify_Tab_focus()'><b>TS_Login_001_TC_Login_008_Verify_Tab_focus</b><br>Test class: org.etna.modules.LoginModule</td>
<td><div><pre>org.testng.SkipException: having a bug.
	at org.etna.modules.LoginModule.TS_Login_001_TC_Login_008_Verify_Tab_focus(LoginModule.java:66)
... Removed 24 stack frames</pre></div><a href='#' onClick='toggleBox("stack-trace367967231", this, "Click to show all stack frames", "Click to hide stack frames")'>Click to show all stack frames</a>
<div class='stack-trace' id='stack-trace367967231'><pre>org.testng.SkipException: having a bug.
	at org.etna.modules.LoginModule.TS_Login_001_TC_Login_008_Verify_Tab_focus(LoginModule.java:66)
	at sun.reflect.NativeMethodAccessorImpl.invoke0(Native Method)
	at sun.reflect.NativeMethodAccessorImpl.invoke(Unknown Source)
	at sun.reflect.DelegatingMethodAccessorImpl.invoke(Unknown Source)
	at java.lang.reflect.Method.invoke(Unknown Source)
	at org.testng.internal.MethodInvocationHelper.invokeMethod(MethodInvocationHelper.java:86)
	at org.testng.internal.Invoker.invokeMethod(Invoker.java:645)
	at org.testng.internal.Invoker.invokeTestMethod(Invoker.java:822)
	at org.testng.internal.Invoker.invokeTestMethods(Invoker.java:1130)
	at org.testng.internal.TestMethodWorker.invokeTestMethods(TestMethodWorker.java:129)
	at org.testng.internal.TestMethodWorker.run(TestMethodWorker.java:112)
	at org.testng.TestRunner.privateRun(TestRunner.java:782)
	at org.testng.TestRunner.run(TestRunner.java:632)
	at org.testng.SuiteRunner.runTest(SuiteRunner.java:366)
	at org.testng.SuiteRunner.runSequentially(SuiteRunner.java:361)
	at org.testng.SuiteRunner.privateRun(SuiteRunner.java:319)
	at org.testng.SuiteRunner.run(SuiteRunner.java:268)
	at org.testng.SuiteRunnerWorker.runSuite(SuiteRunnerWorker.java:52)
	at org.testng.SuiteRunnerWorker.run(SuiteRunnerWorker.java:86)
	at org.testng.TestNG.runSuitesSequentially(TestNG.java:1244)
	at org.testng.TestNG.runSuitesLocally(TestNG.java:1169)
	at org.testng.TestNG.run(TestNG.java:1064)
	at org.testng.remote.RemoteTestNG.run(RemoteTestNG.java:113)
	at org.testng.remote.RemoteTestNG.initAndRun(RemoteTestNG.java:206)
	at org.testng.remote.RemoteTestNG.main(RemoteTestNG.java:177)
</pre></div></td>
<td>0</td>
<td>org.etna.modules.LoginModule@490ab905</td></tr>
<tr>
<td title='org.etna.modules.LoginModule.TS_Login_003_TC_Login_019_verifyRegisterPage()'><b>TS_Login_003_TC_Login_019_verifyRegisterPage</b><br>Test class: org.etna.modules.LoginModule</td>
<td><div><pre>org.testng.SkipException: Sign up yet to be implemented
	at org.etna.modules.LoginModule.TS_Login_003_TC_Login_019_verifyRegisterPage(LoginModule.java:255)
... Removed 24 stack frames</pre></div><a href='#' onClick='toggleBox("stack-trace2052489518", this, "Click to show all stack frames", "Click to hide stack frames")'>Click to show all stack frames</a>
<div class='stack-trace' id='stack-trace2052489518'><pre>org.testng.SkipException: Sign up yet to be implemented
	at org.etna.modules.LoginModule.TS_Login_003_TC_Login_019_verifyRegisterPage(LoginModule.java:255)
	at sun.reflect.NativeMethodAccessorImpl.invoke0(Native Method)
	at sun.reflect.NativeMethodAccessorImpl.invoke(Unknown Source)
	at sun.reflect.DelegatingMethodAccessorImpl.invoke(Unknown Source)
	at java.lang.reflect.Method.invoke(Unknown Source)
	at org.testng.internal.MethodInvocationHelper.invokeMethod(MethodInvocationHelper.java:86)
	at org.testng.internal.Invoker.invokeMethod(Invoker.java:645)
	at org.testng.internal.Invoker.invokeTestMethod(Invoker.java:822)
	at org.testng.internal.Invoker.invokeTestMethods(Invoker.java:1130)
	at org.testng.internal.TestMethodWorker.invokeTestMethods(TestMethodWorker.java:129)
	at org.testng.internal.TestMethodWorker.run(TestMethodWorker.java:112)
	at org.testng.TestRunner.privateRun(TestRunner.java:782)
	at org.testng.TestRunner.run(TestRunner.java:632)
	at org.testng.SuiteRunner.runTest(SuiteRunner.java:366)
	at org.testng.SuiteRunner.runSequentially(SuiteRunner.java:361)
	at org.testng.SuiteRunner.privateRun(SuiteRunner.java:319)
	at org.testng.SuiteRunner.run(SuiteRunner.java:268)
	at org.testng.SuiteRunnerWorker.runSuite(SuiteRunnerWorker.java:52)
	at org.testng.SuiteRunnerWorker.run(SuiteRunnerWorker.java:86)
	at org.testng.TestNG.runSuitesSequentially(TestNG.java:1244)
	at org.testng.TestNG.runSuitesLocally(TestNG.java:1169)
	at org.testng.TestNG.run(TestNG.java:1064)
	at org.testng.remote.RemoteTestNG.run(RemoteTestNG.java:113)
	at org.testng.remote.RemoteTestNG.initAndRun(RemoteTestNG.java:206)
	at org.testng.remote.RemoteTestNG.main(RemoteTestNG.java:177)
</pre></div></td>
<td>0</td>
<td>org.etna.modules.LoginModule@490ab905</td></tr>
<tr>
<td title='org.etna.modules.LoginModule.TS_Login_005_TC_Login_021_loginVerifyOrderTopToBottom()'><b>TS_Login_005_TC_Login_021_loginVerifyOrderTopToBottom</b><br>Test class: org.etna.modules.LoginModule</td>
<td><div><pre>org.testng.SkipException: This feature is having a bug.
	at org.etna.modules.LoginModule.TS_Login_005_TC_Login_021_loginVerifyOrderTopToBottom(LoginModule.java:230)
... Removed 24 stack frames</pre></div><a href='#' onClick='toggleBox("stack-trace24097622", this, "Click to show all stack frames", "Click to hide stack frames")'>Click to show all stack frames</a>
<div class='stack-trace' id='stack-trace24097622'><pre>org.testng.SkipException: This feature is having a bug.
	at org.etna.modules.LoginModule.TS_Login_005_TC_Login_021_loginVerifyOrderTopToBottom(LoginModule.java:230)
	at sun.reflect.NativeMethodAccessorImpl.invoke0(Native Method)
	at sun.reflect.NativeMethodAccessorImpl.invoke(Unknown Source)
	at sun.reflect.DelegatingMethodAccessorImpl.invoke(Unknown Source)
	at java.lang.reflect.Method.invoke(Unknown Source)
	at org.testng.internal.MethodInvocationHelper.invokeMethod(MethodInvocationHelper.java:86)
	at org.testng.internal.Invoker.invokeMethod(Invoker.java:645)
	at org.testng.internal.Invoker.invokeTestMethod(Invoker.java:822)
	at org.testng.internal.Invoker.invokeTestMethods(Invoker.java:1130)
	at org.testng.internal.TestMethodWorker.invokeTestMethods(TestMethodWorker.java:129)
	at org.testng.internal.TestMethodWorker.run(TestMethodWorker.java:112)
	at org.testng.TestRunner.privateRun(TestRunner.java:782)
	at org.testng.TestRunner.run(TestRunner.java:632)
	at org.testng.SuiteRunner.runTest(SuiteRunner.java:366)
	at org.testng.SuiteRunner.runSequentially(SuiteRunner.java:361)
	at org.testng.SuiteRunner.privateRun(SuiteRunner.java:319)
	at org.testng.SuiteRunner.run(SuiteRunner.java:268)
	at org.testng.SuiteRunnerWorker.runSuite(SuiteRunnerWorker.java:52)
	at org.testng.SuiteRunnerWorker.run(SuiteRunnerWorker.java:86)
	at org.testng.TestNG.runSuitesSequentially(TestNG.java:1244)
	at org.testng.TestNG.runSuitesLocally(TestNG.java:1169)
	at org.testng.TestNG.run(TestNG.java:1064)
	at org.testng.remote.RemoteTestNG.run(RemoteTestNG.java:113)
	at org.testng.remote.RemoteTestNG.initAndRun(RemoteTestNG.java:206)
	at org.testng.remote.RemoteTestNG.main(RemoteTestNG.java:177)
</pre></div></td>
<td>0</td>
<td>org.etna.modules.LoginModule@490ab905</td></tr>
<tr>
<td title='org.etna.modules.LoginModule.TS_Login_005_TC_Login_022_loginVerifyOrderBottomToTop()'><b>TS_Login_005_TC_Login_022_loginVerifyOrderBottomToTop</b><br>Test class: org.etna.modules.LoginModule</td>
<td><div><pre>org.testng.SkipException: This feature is having a bug.
	at org.etna.modules.LoginModule.TS_Login_005_TC_Login_022_loginVerifyOrderBottomToTop(LoginModule.java:237)
... Removed 24 stack frames</pre></div><a href='#' onClick='toggleBox("stack-trace68195659", this, "Click to show all stack frames", "Click to hide stack frames")'>Click to show all stack frames</a>
<div class='stack-trace' id='stack-trace68195659'><pre>org.testng.SkipException: This feature is having a bug.
	at org.etna.modules.LoginModule.TS_Login_005_TC_Login_022_loginVerifyOrderBottomToTop(LoginModule.java:237)
	at sun.reflect.NativeMethodAccessorImpl.invoke0(Native Method)
	at sun.reflect.NativeMethodAccessorImpl.invoke(Unknown Source)
	at sun.reflect.DelegatingMethodAccessorImpl.invoke(Unknown Source)
	at java.lang.reflect.Method.invoke(Unknown Source)
	at org.testng.internal.MethodInvocationHelper.invokeMethod(MethodInvocationHelper.java:86)
	at org.testng.internal.Invoker.invokeMethod(Invoker.java:645)
	at org.testng.internal.Invoker.invokeTestMethod(Invoker.java:822)
	at org.testng.internal.Invoker.invokeTestMethods(Invoker.java:1130)
	at org.testng.internal.TestMethodWorker.invokeTestMethods(TestMethodWorker.java:129)
	at org.testng.internal.TestMethodWorker.run(TestMethodWorker.java:112)
	at org.testng.TestRunner.privateRun(TestRunner.java:782)
	at org.testng.TestRunner.run(TestRunner.java:632)
	at org.testng.SuiteRunner.runTest(SuiteRunner.java:366)
	at org.testng.SuiteRunner.runSequentially(SuiteRunner.java:361)
	at org.testng.SuiteRunner.privateRun(SuiteRunner.java:319)
	at org.testng.SuiteRunner.run(SuiteRunner.java:268)
	at org.testng.SuiteRunnerWorker.runSuite(SuiteRunnerWorker.java:52)
	at org.testng.SuiteRunnerWorker.run(SuiteRunnerWorker.java:86)
	at org.testng.TestNG.runSuitesSequentially(TestNG.java:1244)
	at org.testng.TestNG.runSuitesLocally(TestNG.java:1169)
	at org.testng.TestNG.run(TestNG.java:1064)
	at org.testng.remote.RemoteTestNG.run(RemoteTestNG.java:113)
	at org.testng.remote.RemoteTestNG.initAndRun(RemoteTestNG.java:206)
	at org.testng.remote.RemoteTestNG.main(RemoteTestNG.java:177)
</pre></div></td>
<td>0</td>
<td>org.etna.modules.LoginModule@490ab905</td></tr>
<tr>
<td title='org.etna.modules.HomePageModule.tc009_verifyAllSectionOptionPages()'><b>tc009_verifyAllSectionOptionPages</b><br>Test class: org.etna.modules.HomePageModule</td>
<td><div><pre>org.testng.SkipException: Feature not completely implemented yet.
	at org.etna.modules.HomePageModule.tc009_verifyAllSectionOptionPages(HomePageModule.java:28)
... Removed 24 stack frames</pre></div><a href='#' onClick='toggleBox("stack-trace280531669", this, "Click to show all stack frames", "Click to hide stack frames")'>Click to show all stack frames</a>
<div class='stack-trace' id='stack-trace280531669'><pre>org.testng.SkipException: Feature not completely implemented yet.
	at org.etna.modules.HomePageModule.tc009_verifyAllSectionOptionPages(HomePageModule.java:28)
	at sun.reflect.NativeMethodAccessorImpl.invoke0(Native Method)
	at sun.reflect.NativeMethodAccessorImpl.invoke(Unknown Source)
	at sun.reflect.DelegatingMethodAccessorImpl.invoke(Unknown Source)
	at java.lang.reflect.Method.invoke(Unknown Source)
	at org.testng.internal.MethodInvocationHelper.invokeMethod(MethodInvocationHelper.java:86)
	at org.testng.internal.Invoker.invokeMethod(Invoker.java:645)
	at org.testng.internal.Invoker.invokeTestMethod(Invoker.java:822)
	at org.testng.internal.Invoker.invokeTestMethods(Invoker.java:1130)
	at org.testng.internal.TestMethodWorker.invokeTestMethods(TestMethodWorker.java:129)
	at org.testng.internal.TestMethodWorker.run(TestMethodWorker.java:112)
	at org.testng.TestRunner.privateRun(TestRunner.java:782)
	at org.testng.TestRunner.run(TestRunner.java:632)
	at org.testng.SuiteRunner.runTest(SuiteRunner.java:366)
	at org.testng.SuiteRunner.runSequentially(SuiteRunner.java:361)
	at org.testng.SuiteRunner.privateRun(SuiteRunner.java:319)
	at org.testng.SuiteRunner.run(SuiteRunner.java:268)
	at org.testng.SuiteRunnerWorker.runSuite(SuiteRunnerWorker.java:52)
	at org.testng.SuiteRunnerWorker.run(SuiteRunnerWorker.java:86)
	at org.testng.TestNG.runSuitesSequentially(TestNG.java:1244)
	at org.testng.TestNG.runSuitesLocally(TestNG.java:1169)
	at org.testng.TestNG.run(TestNG.java:1064)
	at org.testng.remote.RemoteTestNG.run(RemoteTestNG.java:113)
	at org.testng.remote.RemoteTestNG.initAndRun(RemoteTestNG.java:206)
	at org.testng.remote.RemoteTestNG.main(RemoteTestNG.java:177)
</pre></div></td>
<td>0</td>
<td>org.etna.modules.HomePageModule@59494225</td></tr>
<tr>
<td title='org.etna.modules.HomePageModule.tc010_verifyAllFooterSectionPages()'><b>tc010_verifyAllFooterSectionPages</b><br>Test class: org.etna.modules.HomePageModule</td>
<td><div><pre>org.testng.SkipException: Feature not completely implemented yet.
	at org.etna.modules.HomePageModule.tc010_verifyAllFooterSectionPages(HomePageModule.java:39)
... Removed 24 stack frames</pre></div><a href='#' onClick='toggleBox("stack-trace1495445111", this, "Click to show all stack frames", "Click to hide stack frames")'>Click to show all stack frames</a>
<div class='stack-trace' id='stack-trace1495445111'><pre>org.testng.SkipException: Feature not completely implemented yet.
	at org.etna.modules.HomePageModule.tc010_verifyAllFooterSectionPages(HomePageModule.java:39)
	at sun.reflect.NativeMethodAccessorImpl.invoke0(Native Method)
	at sun.reflect.NativeMethodAccessorImpl.invoke(Unknown Source)
	at sun.reflect.DelegatingMethodAccessorImpl.invoke(Unknown Source)
	at java.lang.reflect.Method.invoke(Unknown Source)
	at org.testng.internal.MethodInvocationHelper.invokeMethod(MethodInvocationHelper.java:86)
	at org.testng.internal.Invoker.invokeMethod(Invoker.java:645)
	at org.testng.internal.Invoker.invokeTestMethod(Invoker.java:822)
	at org.testng.internal.Invoker.invokeTestMethods(Invoker.java:1130)
	at org.testng.internal.TestMethodWorker.invokeTestMethods(TestMethodWorker.java:129)
	at org.testng.internal.TestMethodWorker.run(TestMethodWorker.java:112)
	at org.testng.TestRunner.privateRun(TestRunner.java:782)
	at org.testng.TestRunner.run(TestRunner.java:632)
	at org.testng.SuiteRunner.runTest(SuiteRunner.java:366)
	at org.testng.SuiteRunner.runSequentially(SuiteRunner.java:361)
	at org.testng.SuiteRunner.privateRun(SuiteRunner.java:319)
	at org.testng.SuiteRunner.run(SuiteRunner.java:268)
	at org.testng.SuiteRunnerWorker.runSuite(SuiteRunnerWorker.java:52)
	at org.testng.SuiteRunnerWorker.run(SuiteRunnerWorker.java:86)
	at org.testng.TestNG.runSuitesSequentially(TestNG.java:1244)
	at org.testng.TestNG.runSuitesLocally(TestNG.java:1169)
	at org.testng.TestNG.run(TestNG.java:1064)
	at org.testng.remote.RemoteTestNG.run(RemoteTestNG.java:113)
	at org.testng.remote.RemoteTestNG.initAndRun(RemoteTestNG.java:206)
	at org.testng.remote.RemoteTestNG.main(RemoteTestNG.java:177)
</pre></div></td>
<td>0</td>
<td>org.etna.modules.HomePageModule@59494225</td></tr>
</table><p>
</body>
</html>