<!DOCTYPE html PUBLIC "-//W3C//DTD XHTML 1.1//EN" "http://www.w3.org/TR/xhtml11/DTD/xhtml11.dtd">
<html xmlns="http://www.w3.org/1999/xhtml"><head><title>TestNG Report</title><style type="text/css">table {margin-bottom:10px;border-collapse:collapse;empty-cells:show}th,td {border:1px solid #009;padding:.25em .5em}th {vertical-align:bottom}td {vertical-align:top}table a {font-weight:bold}.stripe td {background-color: #E6EBF9}.num {text-align:right}.passedodd td {background-color: #3F3}.passedeven td {background-color: #0A0}.skippedodd td {background-color: #DDD}.skippedeven td {background-color: #CCC}.failedodd td,.attn {background-color: #F33}.failedeven td,.stripe .attn {background-color: #D00}.stacktrace {white-space:pre;font-family:monospace}.totop {font-size:85%;text-align:center;border-bottom:2px solid #000}</style></head><body><table><tr><th>Test</th><th># Passed</th><th># Skipped</th><th># Failed</th><th>Time (ms)</th><th>Included Groups</th><th>Excluded Groups</th></tr><tr><th colspan="7">CollectiveSuite</th></tr><tr><td><a href="#t0">SmokeTesting</a></td><td class="num">10</td><td class="num">0</td><td class="num attn">1</td><td class="num">855,191</td><td></td><td></td></tr></table><table><thead><tr><th>Class</th><th>Method</th><th>Start</th><th>Time (ms)</th></tr></thead><tbody><tr><th colspan="4">CollectiveSuite</th></tr></tbody><tbody id="t0"><tr><th colspan="4">SmokeTesting &#8212; failed</th></tr><tr class="failedeven"><td rowspan="1">org.collective.testmethods.CollectiveSanityTestCustomer</td><td><a href="#m0">tc005_collective_accessories_Filter_Brand</a></td><td rowspan="1">1450933311707</td><td rowspan="1">141943</td></tr><tr><th colspan="4">SmokeTesting &#8212; passed</th></tr><tr class="passedeven"><td rowspan="10">org.collective.testmethods.CollectiveSanityTestCustomer</td><td><a href="#m1">tc001_collective_signup</a></td><td rowspan="1">1450933081676</td><td rowspan="1">6287</td></tr><tr class="passedeven"><td><a href="#m2">tc002_collective_login</a></td><td rowspan="1">1450933088030</td><td rowspan="1">4664</td></tr><tr class="passedeven"><td><a href="#m3">tc003_collective_blog</a></td><td rowspan="1">1450933132810</td><td rowspan="1">78515</td></tr><tr class="passedeven"><td><a href="#m4">tc004_collective_accessories</a></td><td rowspan="1">1450933251404</td><td rowspan="1">20248</td></tr><tr class="passedeven"><td><a href="#m5">tc006_collective_accessories_pagination</a></td><td rowspan="1">1450933495217</td><td rowspan="1">68707</td></tr><tr class="passedeven"><td><a href="#m6">tc007_collective_sales</a></td><td rowspan="1">1450933604037</td><td rowspan="1">1962</td></tr><tr class="passedeven"><td><a href="#m7">tc008_collective_orderGreaterThan20000</a></td><td rowspan="1">1450933646171</td><td rowspan="1">55487</td></tr><tr class="passedeven"><td><a href="#m8">tc009_collective_orderLessOrEqualThan20000</a></td><td rowspan="1">1450933741730</td><td rowspan="1">33831</td></tr><tr class="passedeven"><td><a href="#m9">tc010_collective_orderPlacement</a></td><td rowspan="1">1450933815602</td><td rowspan="1">59609</td></tr><tr class="passedeven"><td><a href="#m10">tc011_collective_womenTab</a></td><td rowspan="1">1450933895318</td><td rowspan="1">3533</td></tr></tbody></table><h2>SmokeTesting</h2><h3 id="m0">org.collective.testmethods.CollectiveSanityTestCustomer#tc005_collective_accessories_Filter_Brand</h3><table class="result"><tr><th>Exception</th></tr><tr><td><div class="stacktrace">org.openqa.selenium.TimeoutException: Timed out after 5 seconds waiting for visibility of Proxy element for: org.openqa.selenium.support.pagefactory.DefaultElementLocator@5fb759d6
Build info: version: &apos;2.44.0&apos;, revision: &apos;76d78cf323ce037c5f92db6c1bba601c2ac43ad8&apos;, time: &apos;2014-10-23 13:11:40&apos;
System info: host: &apos;codebrahma&apos;, ip: &apos;192.168.56.1&apos;, os.name: &apos;Windows 8.1&apos;, os.arch: &apos;amd64&apos;, os.version: &apos;6.3&apos;, java.version: &apos;1.8.0_60&apos;
Driver info: org.openqa.selenium.chrome.ChromeDriver
Capabilities [{applicationCacheEnabled=false, rotatable=false, mobileEmulationEnabled=false, chrome={userDataDir=C:\Users\codeb\AppData\Local\Temp\scoped_dir9408_12943}, takesHeapSnapshot=true, databaseEnabled=false, handlesAlerts=true, hasTouchScreen=false, version=47.0.2526.106, platform=WIN8_1, browserConnectionEnabled=false, nativeEvents=true, acceptSslCerts=true, locationContextEnabled=true, webStorageEnabled=true, browserName=chrome, takesScreenshot=true, javascriptEnabled=true, cssSelectorsEnabled=true}]
Session ID: 83be9727a4635fbea8a479cc346dfec3
	at org.openqa.selenium.support.ui.WebDriverWait.timeoutException(WebDriverWait.java:79)
	at org.openqa.selenium.support.ui.FluentWait.until(FluentWait.java:228)
	at org.collective.utils.Waiting.explicitWaitVisibilityOfElement(Waiting.java:34)
	at org.collective.customer.pageobjects.CollectiveBagsPageObjects.verifyProductsDisplay(CollectiveBagsPageObjects.java:42)
	at org.collective.testmethods.CollectiveSanityTestCustomer.tc005_collective_accessories_Filter_Brand(CollectiveSanityTestCustomer.java:81)
Caused by: org.openqa.selenium.NoSuchElementException: no such element: Unable to locate element: {&quot;method&quot;:&quot;xpath&quot;,&quot;selector&quot;:&quot;//div[@id=&apos;products_page&apos;]&quot;}
  (Session info: chrome=47.0.2526.106)
  (Driver info: chromedriver=2.20.353145 (343b531d31eeb933ec778dbcf7081628a1396067),platform=Windows NT 6.3 x86_64) (WARNING: The server did not provide any stacktrace information)
Command duration or timeout: 20.06 seconds
For documentation on this error, please visit: http://seleniumhq.org/exceptions/no_such_element.html
Build info: version: &apos;2.44.0&apos;, revision: &apos;76d78cf323ce037c5f92db6c1bba601c2ac43ad8&apos;, time: &apos;2014-10-23 13:11:40&apos;
System info: host: &apos;codebrahma&apos;, ip: &apos;192.168.56.1&apos;, os.name: &apos;Windows 8.1&apos;, os.arch: &apos;amd64&apos;, os.version: &apos;6.3&apos;, java.version: &apos;1.8.0_60&apos;
Driver info: org.openqa.selenium.chrome.ChromeDriver
Capabilities [{applicationCacheEnabled=false, rotatable=false, mobileEmulationEnabled=false, chrome={userDataDir=C:\Users\codeb\AppData\Local\Temp\scoped_dir9408_12943}, takesHeapSnapshot=true, databaseEnabled=false, handlesAlerts=true, hasTouchScreen=false, version=47.0.2526.106, platform=WIN8_1, browserConnectionEnabled=false, nativeEvents=true, acceptSslCerts=true, locationContextEnabled=true, webStorageEnabled=true, browserName=chrome, takesScreenshot=true, javascriptEnabled=true, cssSelectorsEnabled=true}]
Session ID: 83be9727a4635fbea8a479cc346dfec3
	at org.openqa.selenium.remote.ErrorHandler.createThrowable(ErrorHandler.java:204)
	at org.openqa.selenium.remote.ErrorHandler.throwIfResponseFailed(ErrorHandler.java:156)
	at org.openqa.selenium.remote.RemoteWebDriver.execute(RemoteWebDriver.java:599)
	at org.openqa.selenium.remote.RemoteWebDriver.findElement(RemoteWebDriver.java:352)
	at org.openqa.selenium.remote.RemoteWebDriver.findElementByXPath(RemoteWebDriver.java:449)
	at org.openqa.selenium.By$ByXPath.findElement(By.java:357)
	at org.openqa.selenium.remote.RemoteWebDriver.findElement(RemoteWebDriver.java:344)
	at org.openqa.selenium.support.pagefactory.DefaultElementLocator.findElement(DefaultElementLocator.java:59)
	at org.openqa.selenium.support.pagefactory.internal.LocatingElementHandler.invoke(LocatingElementHandler.java:37)
	at com.sun.proxy.$Proxy11.isDisplayed(Unknown Source)
	at org.openqa.selenium.support.ui.ExpectedConditions.elementIfVisible(ExpectedConditions.java:227)
	at org.openqa.selenium.support.ui.ExpectedConditions.access$100(ExpectedConditions.java:39)
	at org.openqa.selenium.support.ui.ExpectedConditions$7.apply(ExpectedConditions.java:213)
	at org.openqa.selenium.support.ui.ExpectedConditions$7.apply(ExpectedConditions.java:210)
	at org.openqa.selenium.support.ui.FluentWait.until(FluentWait.java:208)
	... 30 more
... Removed 31 stack frames</div></td></tr></table><p class="totop"><a href="#summary">back to summary</a></p><h3 id="m1">org.collective.testmethods.CollectiveSanityTestCustomer#tc001_collective_signup</h3><table class="result"></table><p class="totop"><a href="#summary">back to summary</a></p><h3 id="m2">org.collective.testmethods.CollectiveSanityTestCustomer#tc002_collective_login</h3><table class="result"></table><p class="totop"><a href="#summary">back to summary</a></p><h3 id="m3">org.collective.testmethods.CollectiveSanityTestCustomer#tc003_collective_blog</h3><table class="result"></table><p class="totop"><a href="#summary">back to summary</a></p><h3 id="m4">org.collective.testmethods.CollectiveSanityTestCustomer#tc004_collective_accessories</h3><table class="result"></table><p class="totop"><a href="#summary">back to summary</a></p><h3 id="m5">org.collective.testmethods.CollectiveSanityTestCustomer#tc006_collective_accessories_pagination</h3><table class="result"></table><p class="totop"><a href="#summary">back to summary</a></p><h3 id="m6">org.collective.testmethods.CollectiveSanityTestCustomer#tc007_collective_sales</h3><table class="result"></table><p class="totop"><a href="#summary">back to summary</a></p><h3 id="m7">org.collective.testmethods.CollectiveSanityTestCustomer#tc008_collective_orderGreaterThan20000</h3><table class="result"></table><p class="totop"><a href="#summary">back to summary</a></p><h3 id="m8">org.collective.testmethods.CollectiveSanityTestCustomer#tc009_collective_orderLessOrEqualThan20000</h3><table class="result"></table><p class="totop"><a href="#summary">back to summary</a></p><h3 id="m9">org.collective.testmethods.CollectiveSanityTestCustomer#tc010_collective_orderPlacement</h3><table class="result"></table><p class="totop"><a href="#summary">back to summary</a></p><h3 id="m10">org.collective.testmethods.CollectiveSanityTestCustomer#tc011_collective_womenTab</h3><table class="result"></table><p class="totop"><a href="#summary">back to summary</a></p></body></html>