-------------------------------------------------------------------------------
Test set: TestSuite
-------------------------------------------------------------------------------
Tests run: 26, Failures: 2, Errors: 0, Skipped: 0, Time elapsed: 1,123.62 sec <<< FAILURE! - in TestSuite
tc008_collective_orderGreaterThan20000(org.collective.testmethods.CollectiveSanityTestCustomer)  Time elapsed: 326.626 sec  <<< FAILURE!
org.openqa.selenium.TimeoutException: timeout: Timed out receiving message from renderer: 296.529
  (Session info: chrome=48.0.2564.103)
  (Driver info: chromedriver=2.20.353145 (343b531d31eeb933ec778dbcf7081628a1396067),platform=Windows NT 6.3 x86_64) (WARNING: The server did not provide any stacktrace information)
Command duration or timeout: 300.08 seconds
Build info: version: '2.44.0', revision: '76d78cf323ce037c5f92db6c1bba601c2ac43ad8', time: '2014-10-23 13:11:40'
System info: host: 'codebrahma', ip: '192.168.56.1', os.name: 'Windows 8.1', os.arch: 'amd64', os.version: '6.3', java.version: '1.8.0_60'
Driver info: org.openqa.selenium.chrome.ChromeDriver
Capabilities [{applicationCacheEnabled=false, rotatable=false, mobileEmulationEnabled=false, chrome={userDataDir=C:\Users\codeb\AppData\Local\Temp\scoped_dir6568_11912}, takesHeapSnapshot=true, databaseEnabled=false, handlesAlerts=true, hasTouchScreen=false, version=48.0.2564.103, platform=WIN8_1, browserConnectionEnabled=false, nativeEvents=true, acceptSslCerts=true, locationContextEnabled=true, webStorageEnabled=true, browserName=chrome, takesScreenshot=true, javascriptEnabled=true, cssSelectorsEnabled=true}]
Session ID: ee054f9685b0527eeb3db6176c734b19
	at sun.reflect.NativeConstructorAccessorImpl.newInstance0(Native Method)
	at sun.reflect.NativeConstructorAccessorImpl.newInstance(NativeConstructorAccessorImpl.java:62)
	at sun.reflect.DelegatingConstructorAccessorImpl.newInstance(DelegatingConstructorAccessorImpl.java:45)
	at java.lang.reflect.Constructor.newInstance(Constructor.java:422)
	at org.openqa.selenium.remote.ErrorHandler.createThrowable(ErrorHandler.java:204)
	at org.openqa.selenium.remote.ErrorHandler.throwIfResponseFailed(ErrorHandler.java:156)
	at org.openqa.selenium.remote.RemoteWebDriver.execute(RemoteWebDriver.java:599)
	at org.openqa.selenium.remote.RemoteWebElement.execute(RemoteWebElement.java:268)
	at org.openqa.selenium.remote.RemoteWebElement.click(RemoteWebElement.java:79)
	at sun.reflect.GeneratedMethodAccessor8.invoke(Unknown Source)
	at sun.reflect.DelegatingMethodAccessorImpl.invoke(DelegatingMethodAccessorImpl.java:43)
	at java.lang.reflect.Method.invoke(Method.java:497)
	at org.openqa.selenium.support.pagefactory.internal.LocatingElementHandler.invoke(LocatingElementHandler.java:50)
	at com.sun.proxy.$Proxy10.click(Unknown Source)
	at org.collective.customer.pageobjects.CollectiveAdrianoGoldschmiedPageObjects.clickOnFirstProduct(CollectiveAdrianoGoldschmiedPageObjects.java:34)
	at org.collective.testmethods.CollectiveSanityTestCustomer.tc008_collective_orderGreaterThan20000(CollectiveSanityTestCustomer.java:120)

tc023_PageURLsStaging(org.collective.testmethods.CollectiveSanityTestURL)  Time elapsed: 142.916 sec  <<< FAILURE!
java.lang.AssertionError: /static_pages/press failed  with status 500
/store_locator failed  with status 500
/static_pages/shippingpolicy failed  with status 500
/static_pages/about failed  with status 500
/events failed  with status 500
/static_pages/privacypolicy failed  with status 500
/prive failed  with status 500
/static_pages/faqs failed  with status 500
/static_pages/returnpolicy failed  with status 500
/static_pages/careers failed  with status 500
 expected [/static_pages/press failed  with status 500
/store_locator failed  with status 500
/static_pages/shippingpolicy failed  with status 500
/static_pages/about failed  with status 500
/events failed  with status 500
/static_pages/privacypolicy failed  with status 500
/prive failed  with status 500
/static_pages/faqs failed  with status 500
/static_pages/returnpolicy failed  with status 500
/static_pages/careers failed  with status 500
] but found []
	at org.testng.Assert.fail(Assert.java:94)
	at org.testng.Assert.failNotEquals(Assert.java:496)
	at org.testng.Assert.assertEquals(Assert.java:125)
	at org.testng.Assert.assertEquals(Assert.java:178)
	at org.collective.testmethods.CollectiveSanityTestURL.tc023_PageURLsStaging(CollectiveSanityTestURL.java:21)

