<?xml version="1.0" encoding="UTF-8"?>
<testng-results skipped="0" failed="1" total="1" passed="0">
  <reporter-output>
  </reporter-output>
  <suite name="Default suite" duration-ms="30745" started-at="2016-04-15T12:51:37Z" finished-at="2016-04-15T12:52:08Z">
    <groups>
      <group name="regression">
        <method signature="ProductDetailsModule.tc004_HGH_verifyProductDetailsPage()[pri:0, instance:org.etna.modules.ProductDetailsModule@31a5c39e]" name="tc004_HGH_verifyProductDetailsPage" class="org.etna.modules.ProductDetailsModule"/>
      </group> <!-- regression -->
      <group name="smoke">
        <method signature="ProductDetailsModule.tc004_HGH_verifyProductDetailsPage()[pri:0, instance:org.etna.modules.ProductDetailsModule@31a5c39e]" name="tc004_HGH_verifyProductDetailsPage" class="org.etna.modules.ProductDetailsModule"/>
      </group> <!-- smoke -->
    </groups>
    <test name="Default test" duration-ms="30745" started-at="2016-04-15T12:51:37Z" finished-at="2016-04-15T12:52:08Z">
      <class name="org.etna.modules.ProductDetailsModule">
        <test-method status="PASS" signature="beforeSuite()[pri:0, instance:org.etna.modules.ProductDetailsModule@31a5c39e]" name="beforeSuite" is-config="true" duration-ms="31" started-at="2016-04-15T18:21:37Z" finished-at="2016-04-15T18:21:37Z">
          <reporter-output>
          </reporter-output>
        </test-method> <!-- beforeSuite -->
        <test-method status="PASS" signature="beforeTest()[pri:0, instance:org.etna.modules.ProductDetailsModule@31a5c39e]" name="beforeTest" is-config="true" duration-ms="6872" started-at="2016-04-15T18:21:37Z" finished-at="2016-04-15T18:21:44Z">
          <reporter-output>
          </reporter-output>
        </test-method> <!-- beforeTest -->
        <test-method status="PASS" signature="methodNamePrintInConsole(java.lang.reflect.Method)[pri:0, instance:org.etna.modules.ProductDetailsModule@31a5c39e]" name="methodNamePrintInConsole" is-config="true" duration-ms="1" started-at="2016-04-15T18:21:44Z" finished-at="2016-04-15T18:21:44Z">
          <params>
            <param index="0">
              <value>
                <![CDATA[public void org.etna.modules.ProductDetailsModule.tc004_HGH_verifyProductDetailsPage() throws java.lang.Exception]]>
              </value>
            </param>
          </params>
          <reporter-output>
          </reporter-output>
        </test-method> <!-- methodNamePrintInConsole -->
        <test-method status="PASS" signature="setUp()[pri:0, instance:org.etna.modules.ProductDetailsModule@31a5c39e]" name="setUp" is-config="true" duration-ms="18800" started-at="2016-04-15T18:21:44Z" finished-at="2016-04-15T18:22:03Z">
          <reporter-output>
          </reporter-output>
        </test-method> <!-- setUp -->
        <test-method status="PASS" signature="startRecording(java.lang.reflect.Method)[pri:0, instance:org.etna.modules.ProductDetailsModule@31a5c39e]" name="startRecording" is-config="true" duration-ms="1" started-at="2016-04-15T18:22:03Z" finished-at="2016-04-15T18:22:03Z">
          <params>
            <param index="0">
              <value>
                <![CDATA[public void org.etna.modules.ProductDetailsModule.tc004_HGH_verifyProductDetailsPage() throws java.lang.Exception]]>
              </value>
            </param>
          </params>
          <reporter-output>
          </reporter-output>
        </test-method> <!-- startRecording -->
        <test-method status="FAIL" signature="tc004_HGH_verifyProductDetailsPage()[pri:0, instance:org.etna.modules.ProductDetailsModule@31a5c39e]" name="tc004_HGH_verifyProductDetailsPage" duration-ms="4163" started-at="2016-04-15T18:22:03Z" finished-at="2016-04-15T18:22:07Z">
          <exception class="org.openqa.selenium.NoSuchElementException">
            <message>
              <![CDATA[no such element: Unable to locate element: {"method":"xpath","selector":"//h4[contains(text(),'Brands')]/following-sibling::span"}
  (Session info: chrome=50.0.2661.75)
  (Driver info: chromedriver=2.20.353145 (343b531d31eeb933ec778dbcf7081628a1396067),platform=Windows NT 6.3 x86_64) (WARNING: The server did not provide any stacktrace information)
Command duration or timeout: 18 milliseconds
For documentation on this error, please visit: http://seleniumhq.org/exceptions/no_such_element.html
Build info: version: '2.53.0', revision: '35ae25b1534ae328c771e0856c93e187490ca824', time: '2016-03-15 10:43:46'
System info: host: 'swuni-QA-04', ip: '192.168.2.251', os.name: 'Windows 8.1', os.arch: 'amd64', os.version: '6.3', java.version: '1.8.0_73'
Driver info: org.openqa.selenium.chrome.ChromeDriver
Capabilities [{applicationCacheEnabled=false, rotatable=false, mobileEmulationEnabled=false, chrome={userDataDir=C:\Users\hemanth\AppData\Local\Temp\scoped_dir10832_15608}, takesHeapSnapshot=true, databaseEnabled=false, handlesAlerts=true, hasTouchScreen=false, version=50.0.2661.75, platform=WIN8_1, browserConnectionEnabled=false, nativeEvents=true, acceptSslCerts=true, locationContextEnabled=true, webStorageEnabled=true, browserName=chrome, takesScreenshot=true, javascriptEnabled=true, cssSelectorsEnabled=true}]
Session ID: 74df017ea640b5f0da6345c6d94d9e89
*** Element info: {Using=xpath, value=//h4[contains(text(),'Brands')]/following-sibling::span}]]>
            </message>
            <full-stacktrace>
              <![CDATA[org.openqa.selenium.NoSuchElementException: no such element: Unable to locate element: {"method":"xpath","selector":"//h4[contains(text(),'Brands')]/following-sibling::span"}
  (Session info: chrome=50.0.2661.75)
  (Driver info: chromedriver=2.20.353145 (343b531d31eeb933ec778dbcf7081628a1396067),platform=Windows NT 6.3 x86_64) (WARNING: The server did not provide any stacktrace information)
Command duration or timeout: 18 milliseconds
For documentation on this error, please visit: http://seleniumhq.org/exceptions/no_such_element.html
Build info: version: '2.53.0', revision: '35ae25b1534ae328c771e0856c93e187490ca824', time: '2016-03-15 10:43:46'
System info: host: 'swuni-QA-04', ip: '192.168.2.251', os.name: 'Windows 8.1', os.arch: 'amd64', os.version: '6.3', java.version: '1.8.0_73'
Driver info: org.openqa.selenium.chrome.ChromeDriver
Capabilities [{applicationCacheEnabled=false, rotatable=false, mobileEmulationEnabled=false, chrome={userDataDir=C:\Users\hemanth\AppData\Local\Temp\scoped_dir10832_15608}, takesHeapSnapshot=true, databaseEnabled=false, handlesAlerts=true, hasTouchScreen=false, version=50.0.2661.75, platform=WIN8_1, browserConnectionEnabled=false, nativeEvents=true, acceptSslCerts=true, locationContextEnabled=true, webStorageEnabled=true, browserName=chrome, takesScreenshot=true, javascriptEnabled=true, cssSelectorsEnabled=true}]
Session ID: 74df017ea640b5f0da6345c6d94d9e89
*** Element info: {Using=xpath, value=//h4[contains(text(),'Brands')]/following-sibling::span}
	at sun.reflect.NativeConstructorAccessorImpl.newInstance0(Native Method)
	at sun.reflect.NativeConstructorAccessorImpl.newInstance(Unknown Source)
	at sun.reflect.DelegatingConstructorAccessorImpl.newInstance(Unknown Source)
	at java.lang.reflect.Constructor.newInstance(Unknown Source)
	at org.openqa.selenium.remote.ErrorHandler.createThrowable(ErrorHandler.java:206)
	at org.openqa.selenium.remote.ErrorHandler.throwIfResponseFailed(ErrorHandler.java:158)
	at org.openqa.selenium.remote.RemoteWebDriver.execute(RemoteWebDriver.java:678)
	at org.openqa.selenium.remote.RemoteWebDriver.findElement(RemoteWebDriver.java:363)
	at org.openqa.selenium.remote.RemoteWebDriver.findElementByXPath(RemoteWebDriver.java:500)
	at org.openqa.selenium.By$ByXPath.findElement(By.java:361)
	at org.openqa.selenium.remote.RemoteWebDriver.findElement(RemoteWebDriver.java:355)
	at org.openqa.selenium.support.pagefactory.DefaultElementLocator.findElement(DefaultElementLocator.java:69)
	at org.openqa.selenium.support.pagefactory.internal.LocatingElementHandler.invoke(LocatingElementHandler.java:38)
	at com.sun.proxy.$Proxy9.isDisplayed(Unknown Source)
	at org.etna.customer.pageobjects.ProductsDetailsPageObjects.verifyPDPFilterSection(ProductsDetailsPageObjects.java:220)
	at org.etna.modules.ProductDetailsModule.tc004_HGH_verifyProductDetailsPage(ProductDetailsModule.java:23)
	at sun.reflect.NativeMethodAccessorImpl.invoke0(Native Method)
	at sun.reflect.NativeMethodAccessorImpl.invoke(Unknown Source)
	at sun.reflect.DelegatingMethodAccessorImpl.invoke(Unknown Source)
	at java.lang.reflect.Method.invoke(Unknown Source)
	at org.testng.internal.MethodInvocationHelper.invokeMethod(MethodInvocationHelper.java:86)
	at org.testng.internal.Invoker.invokeMethod(Invoker.java:645)
	at org.testng.internal.Invoker.invokeTestMethod(Invoker.java:822)
	at org.testng.internal.Invoker.invokeTestMethods(Invoker.java:1130)
	at org.testng.internal.TestMethodWorker.invokeTestMethods(TestMethodWorker.java:129)
	at org.testng.internal.TestMethodWorker.run(TestMethodWorker.java:112)
	at org.testng.TestRunner.privateRun(TestRunner.java:782)
	at org.testng.TestRunner.run(TestRunner.java:632)
	at org.testng.SuiteRunner.runTest(SuiteRunner.java:366)
	at org.testng.SuiteRunner.runSequentially(SuiteRunner.java:361)
	at org.testng.SuiteRunner.privateRun(SuiteRunner.java:319)
	at org.testng.SuiteRunner.run(SuiteRunner.java:268)
	at org.testng.SuiteRunnerWorker.runSuite(SuiteRunnerWorker.java:52)
	at org.testng.SuiteRunnerWorker.run(SuiteRunnerWorker.java:86)
	at org.testng.TestNG.runSuitesSequentially(TestNG.java:1244)
	at org.testng.TestNG.runSuitesLocally(TestNG.java:1169)
	at org.testng.TestNG.run(TestNG.java:1064)
	at org.testng.remote.RemoteTestNG.run(RemoteTestNG.java:113)
	at org.testng.remote.RemoteTestNG.initAndRun(RemoteTestNG.java:206)
	at org.testng.remote.RemoteTestNG.main(RemoteTestNG.java:177)
]]>
            </full-stacktrace>
          </exception> <!-- org.openqa.selenium.NoSuchElementException -->
          <reporter-output>
          </reporter-output>
        </test-method> <!-- tc004_HGH_verifyProductDetailsPage -->
        <test-method status="PASS" signature="callStopRecording()[pri:0, instance:org.etna.modules.ProductDetailsModule@31a5c39e]" name="callStopRecording" is-config="true" duration-ms="626" started-at="2016-04-15T18:22:07Z" finished-at="2016-04-15T18:22:08Z">
          <reporter-output>
          </reporter-output>
        </test-method> <!-- callStopRecording -->
        <test-method status="PASS" signature="takeScreenshot(org.testng.ITestResult)[pri:0, instance:org.etna.modules.ProductDetailsModule@31a5c39e]" name="takeScreenshot" is-config="true" duration-ms="265" started-at="2016-04-15T18:22:08Z" finished-at="2016-04-15T18:22:08Z">
          <params>
            <param index="0">
              <value>
                <![CDATA[[TestResult name=tc004_HGH_verifyProductDetailsPage status=FAILURE method=ProductDetailsModule.tc004_HGH_verifyProductDetailsPage()[pri:0, instance:org.etna.modules.ProductDetailsModule@31a5c39e] output={null}]]]>
              </value>
            </param>
          </params>
          <reporter-output>
          </reporter-output>
        </test-method> <!-- takeScreenshot -->
        <test-method status="PASS" signature="tearDownClass()[pri:0, instance:org.etna.modules.ProductDetailsModule@31a5c39e]" name="tearDownClass" is-config="true" duration-ms="2221" started-at="2016-04-15T18:22:08Z" finished-at="2016-04-15T18:22:10Z">
          <reporter-output>
          </reporter-output>
        </test-method> <!-- tearDownClass -->
      </class> <!-- org.etna.modules.ProductDetailsModule -->
    </test> <!-- Default test -->
  </suite> <!-- Default suite -->
</testng-results>
