<?xml version="1.0" encoding="UTF-8"?>
<!-- Generated by org.testng.reporters.JUnitReportReporter -->
<testsuite hostname="swuni-QA-04" name="org.hgh.testmethods.HGHTestCustomer" tests="56" failures="6" timestamp="29 Mar 2016 12:15:33 GMT" time="1705.630" errors="1">
  <testcase name="TS_Login_002_TC_HGH_Login_011_AutofillLogin" time="17.915" classname="org.hgh.testmethods.HGHTestCustomer"/>
  <testcase name="TS_ShoppingCart_001_TC_ShoppingCart_008_HGH_signedUser_clickOnImageNavigateBackToPDP" time="25.015" classname="org.hgh.testmethods.HGHTestCustomer"/>
  <testcase name="TS_ShoppingCart_002_TC_ShoppingCart_016_HGH_emptyCartFunctionality" time="91.321" classname="org.hgh.testmethods.HGHTestCustomer"/>
  <testcase name="tc006_HGH_ProductListPage" time="11.411" classname="org.hgh.testmethods.HGHTestCustomer"/>
  <testcase name="TS_ShoppingCart_001_TC_ShoppingCart_013_HGH_shipViaMethodModication" time="6.535" classname="org.hgh.testmethods.HGHTestCustomer">
    <failure type="java.lang.AssertionError" message="feature not present in the application expected [false] but found [true]">
      <![CDATA[java.lang.AssertionError: feature not present in the application expected [false] but found [true]
	at org.testng.Assert.fail(Assert.java:94)
	at org.testng.Assert.failNotEquals(Assert.java:513)
	at org.testng.Assert.assertEqualsImpl(Assert.java:135)
	at org.testng.Assert.assertEquals(Assert.java:116)
	at org.testng.Assert.assertEquals(Assert.java:305)
	at org.hgh.testmethods.HGHTestCustomer.TS_ShoppingCart_001_TC_ShoppingCart_013_HGH_shipViaMethodModication(HGHTestCustomer.java:471)
	at sun.reflect.NativeMethodAccessorImpl.invoke0(Native Method)
	at sun.reflect.NativeMethodAccessorImpl.invoke(Unknown Source)
	at sun.reflect.DelegatingMethodAccessorImpl.invoke(Unknown Source)
	at java.lang.reflect.Method.invoke(Unknown Source)
	at org.testng.internal.MethodInvocationHelper.invokeMethod(MethodInvocationHelper.java:86)
	at org.testng.internal.Invoker.invokeMethod(Invoker.java:645)
	at org.testng.internal.Invoker.invokeTestMethod(Invoker.java:822)
	at org.testng.internal.Invoker.invokeTestMethods(Invoker.java:1130)
	at org.testng.internal.TestMethodWorker.invokeTestMethods(TestMethodWorker.java:129)
	at org.testng.internal.TestMethodWorker.run(TestMethodWorker.java:112)
	at org.testng.TestRunner.privateRun(TestRunner.java:782)
	at org.testng.TestRunner.run(TestRunner.java:632)
	at org.testng.SuiteRunner.runTest(SuiteRunner.java:366)
	at org.testng.SuiteRunner.runSequentially(SuiteRunner.java:361)
	at org.testng.SuiteRunner.privateRun(SuiteRunner.java:319)
	at org.testng.SuiteRunner.run(SuiteRunner.java:268)
	at org.testng.SuiteRunnerWorker.runSuite(SuiteRunnerWorker.java:52)
	at org.testng.SuiteRunnerWorker.run(SuiteRunnerWorker.java:86)
	at org.testng.TestNG.runSuitesSequentially(TestNG.java:1244)
	at org.testng.TestNG.runSuitesLocally(TestNG.java:1169)
	at org.testng.TestNG.run(TestNG.java:1064)
	at org.testng.remote.RemoteTestNG.run(RemoteTestNG.java:113)
	at org.testng.remote.RemoteTestNG.initAndRun(RemoteTestNG.java:206)
	at org.testng.remote.RemoteTestNG.main(RemoteTestNG.java:177)
]]>
    </failure>
  </testcase> <!-- TS_ShoppingCart_001_TC_ShoppingCart_013_HGH_shipViaMethodModication -->
  <testcase name="TS_Login_001_TC_HGH_Login_008_Verify_Tab_focus" time="4.536" classname="org.hgh.testmethods.HGHTestCustomer">
    <failure type="java.lang.AssertionError" message="feature not present in the application expected [false] but found [true]">
      <![CDATA[java.lang.AssertionError: feature not present in the application expected [false] but found [true]
	at org.testng.Assert.fail(Assert.java:94)
	at org.testng.Assert.failNotEquals(Assert.java:513)
	at org.testng.Assert.assertEqualsImpl(Assert.java:135)
	at org.testng.Assert.assertEquals(Assert.java:116)
	at org.testng.Assert.assertEquals(Assert.java:305)
	at org.hgh.testmethods.HGHTestCustomer.TS_Login_001_TC_HGH_Login_008_Verify_Tab_focus(HGHTestCustomer.java:78)
	at sun.reflect.NativeMethodAccessorImpl.invoke0(Native Method)
	at sun.reflect.NativeMethodAccessorImpl.invoke(Unknown Source)
	at sun.reflect.DelegatingMethodAccessorImpl.invoke(Unknown Source)
	at java.lang.reflect.Method.invoke(Unknown Source)
	at org.testng.internal.MethodInvocationHelper.invokeMethod(MethodInvocationHelper.java:86)
	at org.testng.internal.Invoker.invokeMethod(Invoker.java:645)
	at org.testng.internal.Invoker.invokeTestMethod(Invoker.java:822)
	at org.testng.internal.Invoker.invokeTestMethods(Invoker.java:1130)
	at org.testng.internal.TestMethodWorker.invokeTestMethods(TestMethodWorker.java:129)
	at org.testng.internal.TestMethodWorker.run(TestMethodWorker.java:112)
	at org.testng.TestRunner.privateRun(TestRunner.java:782)
	at org.testng.TestRunner.run(TestRunner.java:632)
	at org.testng.SuiteRunner.runTest(SuiteRunner.java:366)
	at org.testng.SuiteRunner.runSequentially(SuiteRunner.java:361)
	at org.testng.SuiteRunner.privateRun(SuiteRunner.java:319)
	at org.testng.SuiteRunner.run(SuiteRunner.java:268)
	at org.testng.SuiteRunnerWorker.runSuite(SuiteRunnerWorker.java:52)
	at org.testng.SuiteRunnerWorker.run(SuiteRunnerWorker.java:86)
	at org.testng.TestNG.runSuitesSequentially(TestNG.java:1244)
	at org.testng.TestNG.runSuitesLocally(TestNG.java:1169)
	at org.testng.TestNG.run(TestNG.java:1064)
	at org.testng.remote.RemoteTestNG.run(RemoteTestNG.java:113)
	at org.testng.remote.RemoteTestNG.initAndRun(RemoteTestNG.java:206)
	at org.testng.remote.RemoteTestNG.main(RemoteTestNG.java:177)
]]>
    </failure>
  </testcase> <!-- TS_Login_001_TC_HGH_Login_008_Verify_Tab_focus -->
  <testcase name="TS_Login_002_TC_HGH_Login_014_myProductGroupLoginPopupRememberMeClickCheck" time="16.188" classname="org.hgh.testmethods.HGHTestCustomer"/>
  <testcase name="TS_Login_002_TC_HGH_Login_016_017_18_rememberMeCheckboxTest" time="11.432" classname="org.hgh.testmethods.HGHTestCustomer"/>
  <testcase name="TS_Login_004_TC_HGH_Login_020_verifyForgotPasswordPage" time="7.530" classname="org.hgh.testmethods.HGHTestCustomer"/>
  <testcase name="TS_ShoppingCart_002_TC_ShoppingCart_012_HGH_saveCart_ClickOnCofirmationPopup" time="96.651" classname="org.hgh.testmethods.HGHTestCustomer"/>
  <testcase name="TS_Login_005_TC_HGH_Login_021_loginVerifyOrderTopToBottom" time="6.467" classname="org.hgh.testmethods.HGHTestCustomer">
    <failure type="java.lang.AssertionError" message="bug expected [false] but found [true]">
      <![CDATA[java.lang.AssertionError: bug expected [false] but found [true]
	at org.testng.Assert.fail(Assert.java:94)
	at org.testng.Assert.failNotEquals(Assert.java:513)
	at org.testng.Assert.assertEqualsImpl(Assert.java:135)
	at org.testng.Assert.assertEquals(Assert.java:116)
	at org.testng.Assert.assertEquals(Assert.java:305)
	at org.hgh.testmethods.HGHTestCustomer.TS_Login_005_TC_HGH_Login_021_loginVerifyOrderTopToBottom(HGHTestCustomer.java:239)
	at sun.reflect.NativeMethodAccessorImpl.invoke0(Native Method)
	at sun.reflect.NativeMethodAccessorImpl.invoke(Unknown Source)
	at sun.reflect.DelegatingMethodAccessorImpl.invoke(Unknown Source)
	at java.lang.reflect.Method.invoke(Unknown Source)
	at org.testng.internal.MethodInvocationHelper.invokeMethod(MethodInvocationHelper.java:86)
	at org.testng.internal.Invoker.invokeMethod(Invoker.java:645)
	at org.testng.internal.Invoker.invokeTestMethod(Invoker.java:822)
	at org.testng.internal.Invoker.invokeTestMethods(Invoker.java:1130)
	at org.testng.internal.TestMethodWorker.invokeTestMethods(TestMethodWorker.java:129)
	at org.testng.internal.TestMethodWorker.run(TestMethodWorker.java:112)
	at org.testng.TestRunner.privateRun(TestRunner.java:782)
	at org.testng.TestRunner.run(TestRunner.java:632)
	at org.testng.SuiteRunner.runTest(SuiteRunner.java:366)
	at org.testng.SuiteRunner.runSequentially(SuiteRunner.java:361)
	at org.testng.SuiteRunner.privateRun(SuiteRunner.java:319)
	at org.testng.SuiteRunner.run(SuiteRunner.java:268)
	at org.testng.SuiteRunnerWorker.runSuite(SuiteRunnerWorker.java:52)
	at org.testng.SuiteRunnerWorker.run(SuiteRunnerWorker.java:86)
	at org.testng.TestNG.runSuitesSequentially(TestNG.java:1244)
	at org.testng.TestNG.runSuitesLocally(TestNG.java:1169)
	at org.testng.TestNG.run(TestNG.java:1064)
	at org.testng.remote.RemoteTestNG.run(RemoteTestNG.java:113)
	at org.testng.remote.RemoteTestNG.initAndRun(RemoteTestNG.java:206)
	at org.testng.remote.RemoteTestNG.main(RemoteTestNG.java:177)
]]>
    </failure>
  </testcase> <!-- TS_Login_005_TC_HGH_Login_021_loginVerifyOrderTopToBottom -->
  <testcase name="TS_ShoppingCart_001_TC_ShoppingCart_002_TC_ShoppingCart_019_TC_ShoppingCart_020_TC_ShoppingCart_021_HGH_signedUserAddingItemToCart" time="49.165" classname="org.hgh.testmethods.HGHTestCustomer"/>
  <testcase name="tc009_compareFunctionality" time="40.280" classname="org.hgh.testmethods.HGHTestCustomer"/>
  <testcase name="tc015_HGH_requestForQuote" time="23.950" classname="org.hgh.testmethods.HGHTestCustomer"/>
  <testcase name="TS_ShoppingCart_002_TC_ShoppingCart_011_HGH_saveCart" time="63.179" classname="org.hgh.testmethods.HGHTestCustomer"/>
  <testcase name="TS_ShoppingCart_001_TC_ShoppingCart_001_HGH_guestUserAddingItemToCart" time="15.008" classname="org.hgh.testmethods.HGHTestCustomer"/>
  <testcase name="TS_ShoppingCart_001_TC_ShoppingCart_018_HGH_sortByDropdownListValues" time="32.870" classname="org.hgh.testmethods.HGHTestCustomer"/>
  <testcase name="tc005_HGH_ListViewGridView" time="36.161" classname="org.hgh.testmethods.HGHTestCustomer"/>
  <testcase name="tc014_HGH_quickOrderPad" time="50.555" classname="org.hgh.testmethods.HGHTestCustomer"/>
  <testcase name="TS_Login_002_TC_HGH_Login_013_myProductGroupLoginPopupRememberMeClickUncheck" time="21.509" classname="org.hgh.testmethods.HGHTestCustomer"/>
  <testcase name="TS_ShoppingCart_001_TC_ShoppingCart_009_HGH_signedUser_clickOnProductDescNavigateBackToPDP" time="26.066" classname="org.hgh.testmethods.HGHTestCustomer"/>
  <testcase name="TS_ShoppingCart_002_TC_ShoppingCart_010_HGH_signedUser_verifyContinueShoppingButton" time="64.227" classname="org.hgh.testmethods.HGHTestCustomer"/>
  <testcase name="TS_Login_001_TC_HGH_Login_004_005_006_007_ErrorScenarios" time="8.840" classname="org.hgh.testmethods.HGHTestCustomer"/>
  <testcase name="TS_ShoppingCart_001_TC_ShoppingCart_014_HGH_signedUser_ShoppingCartRefreshToolTip" time="26.546" classname="org.hgh.testmethods.HGHTestCustomer"/>
  <testcase name="TS_ShoppingCart_001_TC_ShoppingCart_003_HGH_signedUser_ShoppingCartQuanitityUpdate" time="31.034" classname="org.hgh.testmethods.HGHTestCustomer"/>
  <testcase name="tc001_HGH_Registration_ErrorScenarios" time="40.089" classname="org.hgh.testmethods.HGHTestCustomer"/>
  <testcase name="TS_Login_002_TC_HGH_Login_015_rememberMeAsALink" time="32.375" classname="org.hgh.testmethods.HGHTestCustomer">
    <failure type="java.lang.AssertionError" message="remember me as a link expected [false] but found [true]">
      <![CDATA[java.lang.AssertionError: remember me as a link expected [false] but found [true]
	at org.testng.Assert.fail(Assert.java:94)
	at org.testng.Assert.failNotEquals(Assert.java:513)
	at org.testng.Assert.assertEqualsImpl(Assert.java:135)
	at org.testng.Assert.assertEquals(Assert.java:116)
	at org.testng.Assert.assertEquals(Assert.java:305)
	at org.hgh.testmethods.HGHTestCustomer.TS_Login_002_TC_HGH_Login_015_rememberMeAsALink(HGHTestCustomer.java:197)
	at sun.reflect.NativeMethodAccessorImpl.invoke0(Native Method)
	at sun.reflect.NativeMethodAccessorImpl.invoke(Unknown Source)
	at sun.reflect.DelegatingMethodAccessorImpl.invoke(Unknown Source)
	at java.lang.reflect.Method.invoke(Unknown Source)
	at org.testng.internal.MethodInvocationHelper.invokeMethod(MethodInvocationHelper.java:86)
	at org.testng.internal.Invoker.invokeMethod(Invoker.java:645)
	at org.testng.internal.Invoker.invokeTestMethod(Invoker.java:822)
	at org.testng.internal.Invoker.invokeTestMethods(Invoker.java:1130)
	at org.testng.internal.TestMethodWorker.invokeTestMethods(TestMethodWorker.java:129)
	at org.testng.internal.TestMethodWorker.run(TestMethodWorker.java:112)
	at org.testng.TestRunner.privateRun(TestRunner.java:782)
	at org.testng.TestRunner.run(TestRunner.java:632)
	at org.testng.SuiteRunner.runTest(SuiteRunner.java:366)
	at org.testng.SuiteRunner.runSequentially(SuiteRunner.java:361)
	at org.testng.SuiteRunner.privateRun(SuiteRunner.java:319)
	at org.testng.SuiteRunner.run(SuiteRunner.java:268)
	at org.testng.SuiteRunnerWorker.runSuite(SuiteRunnerWorker.java:52)
	at org.testng.SuiteRunnerWorker.run(SuiteRunnerWorker.java:86)
	at org.testng.TestNG.runSuitesSequentially(TestNG.java:1244)
	at org.testng.TestNG.runSuitesLocally(TestNG.java:1169)
	at org.testng.TestNG.run(TestNG.java:1064)
	at org.testng.remote.RemoteTestNG.run(RemoteTestNG.java:113)
	at org.testng.remote.RemoteTestNG.initAndRun(RemoteTestNG.java:206)
	at org.testng.remote.RemoteTestNG.main(RemoteTestNG.java:177)
]]>
    </failure>
  </testcase> <!-- TS_Login_002_TC_HGH_Login_015_rememberMeAsALink -->
  <testcase name="TS_Login_001_TS_Login_006_TC_Login_001_TC_Login_002_TC_Login_024_TC_Login_025_TC_Login_026_TC_Login_027_HGH" time="38.761" classname="org.hgh.testmethods.HGHTestCustomer"/>
  <testcase name="tc001_HGH_Registration_ErrorScenarios" time="9.034" classname="org.hgh.testmethods.HGHTestCustomer"/>
  <testcase name="tc007_HGH_MyProductGroupCreateAndDelete" time="40.247" classname="org.hgh.testmethods.HGHTestCustomer"/>
  <testcase name="TS_Login_005_TC_HGH_Login_022_loginVerifyOrderBottomToTop" time="32.272" classname="org.hgh.testmethods.HGHTestCustomer">
    <failure type="java.lang.AssertionError" message="bug expected [false] but found [true]">
      <![CDATA[java.lang.AssertionError: bug expected [false] but found [true]
	at org.testng.Assert.fail(Assert.java:94)
	at org.testng.Assert.failNotEquals(Assert.java:513)
	at org.testng.Assert.assertEqualsImpl(Assert.java:135)
	at org.testng.Assert.assertEquals(Assert.java:116)
	at org.testng.Assert.assertEquals(Assert.java:305)
	at org.hgh.testmethods.HGHTestCustomer.TS_Login_005_TC_HGH_Login_022_loginVerifyOrderBottomToTop(HGHTestCustomer.java:246)
	at sun.reflect.NativeMethodAccessorImpl.invoke0(Native Method)
	at sun.reflect.NativeMethodAccessorImpl.invoke(Unknown Source)
	at sun.reflect.DelegatingMethodAccessorImpl.invoke(Unknown Source)
	at java.lang.reflect.Method.invoke(Unknown Source)
	at org.testng.internal.MethodInvocationHelper.invokeMethod(MethodInvocationHelper.java:86)
	at org.testng.internal.Invoker.invokeMethod(Invoker.java:645)
	at org.testng.internal.Invoker.invokeTestMethod(Invoker.java:822)
	at org.testng.internal.Invoker.invokeTestMethods(Invoker.java:1130)
	at org.testng.internal.TestMethodWorker.invokeTestMethods(TestMethodWorker.java:129)
	at org.testng.internal.TestMethodWorker.run(TestMethodWorker.java:112)
	at org.testng.TestRunner.privateRun(TestRunner.java:782)
	at org.testng.TestRunner.run(TestRunner.java:632)
	at org.testng.SuiteRunner.runTest(SuiteRunner.java:366)
	at org.testng.SuiteRunner.runSequentially(SuiteRunner.java:361)
	at org.testng.SuiteRunner.privateRun(SuiteRunner.java:319)
	at org.testng.SuiteRunner.run(SuiteRunner.java:268)
	at org.testng.SuiteRunnerWorker.runSuite(SuiteRunnerWorker.java:52)
	at org.testng.SuiteRunnerWorker.run(SuiteRunnerWorker.java:86)
	at org.testng.TestNG.runSuitesSequentially(TestNG.java:1244)
	at org.testng.TestNG.runSuitesLocally(TestNG.java:1169)
	at org.testng.TestNG.run(TestNG.java:1064)
	at org.testng.remote.RemoteTestNG.run(RemoteTestNG.java:113)
	at org.testng.remote.RemoteTestNG.initAndRun(RemoteTestNG.java:206)
	at org.testng.remote.RemoteTestNG.main(RemoteTestNG.java:177)
]]>
    </failure>
  </testcase> <!-- TS_Login_005_TC_HGH_Login_022_loginVerifyOrderBottomToTop -->
  <testcase name="TS_Login_001_TC_HGH_Login_004_005_006_007_ErrorScenarios" time="6.098" classname="org.hgh.testmethods.HGHTestCustomer"/>
  <testcase name="TS_ShoppingCart_001_TC_ShoppingCart_007_HGH_signedUser_CancellingOfDeletingTheItemThroughDeleteLink" time="48.259" classname="org.hgh.testmethods.HGHTestCustomer"/>
  <testcase name="TS_Login_003_TC_HGH_Login_019_verifyRegisterPage" time="5.565" classname="org.hgh.testmethods.HGHTestCustomer"/>
  <testcase name="tc013_HGH_cartFileUpload" time="178.041" classname="org.hgh.testmethods.HGHTestCustomer">
    <error type="org.openqa.selenium.TimeoutException" message="Timed out after 120 seconds waiting for visibility of Proxy element for: DefaultElementLocator &#039;By.xpath: //div[@class=&#039;cimm_siteTableEnclosure&#039;]&#039;
Build info: version: &#039;2.52.0&#039;, revision: &#039;4c2593cfc3689a7fcd7be52549167e5ccc93ad28&#039;, time: &#039;2016-02-11 11:22:43&#039;
System info: host: &#039;swuni-QA-04&#039;, ip: &#039;192.168.2.251&#039;, os.name: &#039;Windows 8.1&#039;, os.arch: &#039;amd64&#039;, os.version: &#039;6.3&#039;, java.version: &#039;1.8.0_73&#039;
Driver info: org.openqa.selenium.chrome.ChromeDriver
Capabilities [{applicationCacheEnabled=false, rotatable=false, mobileEmulationEnabled=false, chrome={userDataDir=C:\Users\hemanth\AppData\Local\Temp\scoped_dir6716_8737}, takesHeapSnapshot=true, databaseEnabled=false, handlesAlerts=true, hasTouchScreen=false, version=49.0.2623.87, platform=WIN8_1, browserConnectionEnabled=false, nativeEvents=true, acceptSslCerts=true, locationContextEnabled=true, webStorageEnabled=true, browserName=chrome, takesScreenshot=true, javascriptEnabled=true, cssSelectorsEnabled=true}]
Session ID: 2d734858d619c7e35495034676fe8514">
      <![CDATA[org.openqa.selenium.TimeoutException: Timed out after 120 seconds waiting for visibility of Proxy element for: DefaultElementLocator 'By.xpath: //div[@class='cimm_siteTableEnclosure']'
Build info: version: '2.52.0', revision: '4c2593cfc3689a7fcd7be52549167e5ccc93ad28', time: '2016-02-11 11:22:43'
System info: host: 'swuni-QA-04', ip: '192.168.2.251', os.name: 'Windows 8.1', os.arch: 'amd64', os.version: '6.3', java.version: '1.8.0_73'
Driver info: org.openqa.selenium.chrome.ChromeDriver
Capabilities [{applicationCacheEnabled=false, rotatable=false, mobileEmulationEnabled=false, chrome={userDataDir=C:\Users\hemanth\AppData\Local\Temp\scoped_dir6716_8737}, takesHeapSnapshot=true, databaseEnabled=false, handlesAlerts=true, hasTouchScreen=false, version=49.0.2623.87, platform=WIN8_1, browserConnectionEnabled=false, nativeEvents=true, acceptSslCerts=true, locationContextEnabled=true, webStorageEnabled=true, browserName=chrome, takesScreenshot=true, javascriptEnabled=true, cssSelectorsEnabled=true}]
Session ID: 2d734858d619c7e35495034676fe8514
	at org.openqa.selenium.support.ui.WebDriverWait.timeoutException(WebDriverWait.java:80)
	at org.openqa.selenium.support.ui.FluentWait.until(FluentWait.java:261)
	at org.hgh.utils.Waiting.explicitWaitVisibilityOfElement(Waiting.java:36)
	at org.hgh.customer.pageobjects.HGHMyAccountsPageObjects.verifyQuickCartPage(HGHMyAccountsPageObjects.java:307)
	at org.hgh.testmethods.HGHTestCustomer.tc013_HGH_cartFileUpload(HGHTestCustomer.java:623)
	at sun.reflect.NativeMethodAccessorImpl.invoke0(Native Method)
	at sun.reflect.NativeMethodAccessorImpl.invoke(Unknown Source)
	at sun.reflect.DelegatingMethodAccessorImpl.invoke(Unknown Source)
	at java.lang.reflect.Method.invoke(Unknown Source)
	at org.testng.internal.MethodInvocationHelper.invokeMethod(MethodInvocationHelper.java:86)
	at org.testng.internal.Invoker.invokeMethod(Invoker.java:645)
	at org.testng.internal.Invoker.invokeTestMethod(Invoker.java:822)
	at org.testng.internal.Invoker.invokeTestMethods(Invoker.java:1130)
	at org.testng.internal.TestMethodWorker.invokeTestMethods(TestMethodWorker.java:129)
	at org.testng.internal.TestMethodWorker.run(TestMethodWorker.java:112)
	at org.testng.TestRunner.privateRun(TestRunner.java:782)
	at org.testng.TestRunner.run(TestRunner.java:632)
	at org.testng.SuiteRunner.runTest(SuiteRunner.java:366)
	at org.testng.SuiteRunner.runSequentially(SuiteRunner.java:361)
	at org.testng.SuiteRunner.privateRun(SuiteRunner.java:319)
	at org.testng.SuiteRunner.run(SuiteRunner.java:268)
	at org.testng.SuiteRunnerWorker.runSuite(SuiteRunnerWorker.java:52)
	at org.testng.SuiteRunnerWorker.run(SuiteRunnerWorker.java:86)
	at org.testng.TestNG.runSuitesSequentially(TestNG.java:1244)
	at org.testng.TestNG.runSuitesLocally(TestNG.java:1169)
	at org.testng.TestNG.run(TestNG.java:1064)
	at org.testng.remote.RemoteTestNG.run(RemoteTestNG.java:113)
	at org.testng.remote.RemoteTestNG.initAndRun(RemoteTestNG.java:206)
	at org.testng.remote.RemoteTestNG.main(RemoteTestNG.java:177)
Caused by: org.openqa.selenium.NoSuchElementException: no such element: Unable to locate element: {"method":"xpath","selector":"//div[@class='cimm_siteTableEnclosure']"}
  (Session info: chrome=49.0.2623.87)
  (Driver info: chromedriver=2.20.353145 (343b531d31eeb933ec778dbcf7081628a1396067),platform=Windows NT 6.3 x86_64) (WARNING: The server did not provide any stacktrace information)
Command duration or timeout: 30.04 seconds
For documentation on this error, please visit: http://seleniumhq.org/exceptions/no_such_element.html
Build info: version: '2.52.0', revision: '4c2593cfc3689a7fcd7be52549167e5ccc93ad28', time: '2016-02-11 11:22:43'
System info: host: 'swuni-QA-04', ip: '192.168.2.251', os.name: 'Windows 8.1', os.arch: 'amd64', os.version: '6.3', java.version: '1.8.0_73'
Driver info: org.openqa.selenium.chrome.ChromeDriver
Capabilities [{applicationCacheEnabled=false, rotatable=false, mobileEmulationEnabled=false, chrome={userDataDir=C:\Users\hemanth\AppData\Local\Temp\scoped_dir6716_8737}, takesHeapSnapshot=true, databaseEnabled=false, handlesAlerts=true, hasTouchScreen=false, version=49.0.2623.87, platform=WIN8_1, browserConnectionEnabled=false, nativeEvents=true, acceptSslCerts=true, locationContextEnabled=true, webStorageEnabled=true, browserName=chrome, takesScreenshot=true, javascriptEnabled=true, cssSelectorsEnabled=true}]
Session ID: 2d734858d619c7e35495034676fe8514
*** Element info: {Using=xpath, value=//div[@class='cimm_siteTableEnclosure']}
	at sun.reflect.GeneratedConstructorAccessor16.newInstance(Unknown Source)
	at sun.reflect.DelegatingConstructorAccessorImpl.newInstance(Unknown Source)
	at java.lang.reflect.Constructor.newInstance(Unknown Source)
	at org.openqa.selenium.remote.ErrorHandler.createThrowable(ErrorHandler.java:206)
	at org.openqa.selenium.remote.ErrorHandler.throwIfResponseFailed(ErrorHandler.java:158)
	at org.openqa.selenium.remote.RemoteWebDriver.execute(RemoteWebDriver.java:678)
	at org.openqa.selenium.remote.RemoteWebDriver.findElement(RemoteWebDriver.java:363)
	at org.openqa.selenium.remote.RemoteWebDriver.findElementByXPath(RemoteWebDriver.java:500)
	at org.openqa.selenium.By$ByXPath.findElement(By.java:361)
	at org.openqa.selenium.remote.RemoteWebDriver.findElement(RemoteWebDriver.java:355)
	at org.openqa.selenium.support.pagefactory.DefaultElementLocator.findElement(DefaultElementLocator.java:69)
	at org.openqa.selenium.support.pagefactory.internal.LocatingElementHandler.invoke(LocatingElementHandler.java:38)
	at com.sun.proxy.$Proxy10.isDisplayed(Unknown Source)
	at org.openqa.selenium.support.ui.ExpectedConditions.elementIfVisible(ExpectedConditions.java:302)
	at org.openqa.selenium.support.ui.ExpectedConditions.access$100(ExpectedConditions.java:41)
	at org.openqa.selenium.support.ui.ExpectedConditions$10.apply(ExpectedConditions.java:288)
	at org.openqa.selenium.support.ui.ExpectedConditions$10.apply(ExpectedConditions.java:285)
	at org.openqa.selenium.support.ui.FluentWait.until(FluentWait.java:238)
	... 27 more
]]>
    </error>
  </testcase> <!-- tc013_HGH_cartFileUpload -->
  <testcase name="TS_ShoppingCart_001_TC_ShoppingCart_006_HGH_signedUser_DeleteLinkForDeletingTheItem" time="27.109" classname="org.hgh.testmethods.HGHTestCustomer"/>
  <testcase name="TS_Login_002_TC_HGH_Login_012_uncheckRememberMeWhenInAutoFillForm" time="24.063" classname="org.hgh.testmethods.HGHTestCustomer"/>
  <testcase name="tc011_HGH_AccountsDashboard" time="13.651" classname="org.hgh.testmethods.HGHTestCustomer"/>
  <testcase name="tc001_HGH_Registration_ErrorScenarios" time="9.166" classname="org.hgh.testmethods.HGHTestCustomer"/>
  <testcase name="tc001_HGH_Registration_ErrorScenarios" time="39.771" classname="org.hgh.testmethods.HGHTestCustomer"/>
  <testcase name="tc001_HGH_Registration_ErrorScenarios" time="11.429" classname="org.hgh.testmethods.HGHTestCustomer"/>
  <testcase name="tc001_HGH_Registration_ErrorScenarios" time="9.008" classname="org.hgh.testmethods.HGHTestCustomer"/>
  <testcase name="TS_ShoppingCart_001_TC_ShoppingCart_004_HGH_signedUser_ShoppingCartQuanitityUpdateWithZero" time="56.198" classname="org.hgh.testmethods.HGHTestCustomer"/>
  <testcase name="TS_Login_001_TC_HGH_Login_004_005_006_007_ErrorScenarios" time="5.391" classname="org.hgh.testmethods.HGHTestCustomer"/>
  <testcase name="tc001_HGH_Registration_ErrorScenarios" time="23.230" classname="org.hgh.testmethods.HGHTestCustomer"/>
  <testcase name="TS_ShoppingCart_001_TC_ShoppingCart_017_HGH_collapseViewAndExpandView" time="6.154" classname="org.hgh.testmethods.HGHTestCustomer">
    <failure type="java.lang.AssertionError" message="this feature is not present in the application expected [false] but found [true]">
      <![CDATA[java.lang.AssertionError: this feature is not present in the application expected [false] but found [true]
	at org.testng.Assert.fail(Assert.java:94)
	at org.testng.Assert.failNotEquals(Assert.java:513)
	at org.testng.Assert.assertEqualsImpl(Assert.java:135)
	at org.testng.Assert.assertEquals(Assert.java:116)
	at org.testng.Assert.assertEquals(Assert.java:305)
	at org.hgh.testmethods.HGHTestCustomer.TS_ShoppingCart_001_TC_ShoppingCart_017_HGH_collapseViewAndExpandView(HGHTestCustomer.java:547)
	at sun.reflect.NativeMethodAccessorImpl.invoke0(Native Method)
	at sun.reflect.NativeMethodAccessorImpl.invoke(Unknown Source)
	at sun.reflect.DelegatingMethodAccessorImpl.invoke(Unknown Source)
	at java.lang.reflect.Method.invoke(Unknown Source)
	at org.testng.internal.MethodInvocationHelper.invokeMethod(MethodInvocationHelper.java:86)
	at org.testng.internal.Invoker.invokeMethod(Invoker.java:645)
	at org.testng.internal.Invoker.invokeTestMethod(Invoker.java:822)
	at org.testng.internal.Invoker.invokeTestMethods(Invoker.java:1130)
	at org.testng.internal.TestMethodWorker.invokeTestMethods(TestMethodWorker.java:129)
	at org.testng.internal.TestMethodWorker.run(TestMethodWorker.java:112)
	at org.testng.TestRunner.privateRun(TestRunner.java:782)
	at org.testng.TestRunner.run(TestRunner.java:632)
	at org.testng.SuiteRunner.runTest(SuiteRunner.java:366)
	at org.testng.SuiteRunner.runSequentially(SuiteRunner.java:361)
	at org.testng.SuiteRunner.privateRun(SuiteRunner.java:319)
	at org.testng.SuiteRunner.run(SuiteRunner.java:268)
	at org.testng.SuiteRunnerWorker.runSuite(SuiteRunnerWorker.java:52)
	at org.testng.SuiteRunnerWorker.run(SuiteRunnerWorker.java:86)
	at org.testng.TestNG.runSuitesSequentially(TestNG.java:1244)
	at org.testng.TestNG.runSuitesLocally(TestNG.java:1169)
	at org.testng.TestNG.run(TestNG.java:1064)
	at org.testng.remote.RemoteTestNG.run(RemoteTestNG.java:113)
	at org.testng.remote.RemoteTestNG.initAndRun(RemoteTestNG.java:206)
	at org.testng.remote.RemoteTestNG.main(RemoteTestNG.java:177)
]]>
    </failure>
  </testcase> <!-- TS_ShoppingCart_001_TC_ShoppingCart_017_HGH_collapseViewAndExpandView -->
  <testcase name="tc004_HGH_generalSearch" time="9.005" classname="org.hgh.testmethods.HGHTestCustomer"/>
  <testcase name="TS_Login_002_TC_HGH_Login_009_010_RememberPassword_UserNameAndPasswordRefill" time="31.495" classname="org.hgh.testmethods.HGHTestCustomer"/>
  <testcase name="tc001_HGH_Registration_ErrorScenarios" time="12.302" classname="org.hgh.testmethods.HGHTestCustomer"/>
  <testcase name="tc001_HGH_Registration_ErrorScenarios" time="40.168" classname="org.hgh.testmethods.HGHTestCustomer"/>
  <testcase name="TS_ShoppingCart_001_TC_ShoppingCart_005_HGH_signedUser_ShoppingCartDeleteToolTip" time="22.013" classname="org.hgh.testmethods.HGHTestCustomer"/>
  <testcase name="tc001_HGH_Registration_ErrorScenarios" time="38.607" classname="org.hgh.testmethods.HGHTestCustomer"/>
  <testcase name="tc001_HGH_Registration_ErrorScenarios" time="40.924" classname="org.hgh.testmethods.HGHTestCustomer"/>
  <testcase name="TS_Login_001_TC_HGH_Login_004_005_006_007_ErrorScenarios" time="36.187" classname="org.hgh.testmethods.HGHTestCustomer"/>
  <testcase name="tc008_verifyHeaderAndFooter" time="2.997" classname="org.hgh.testmethods.HGHTestCustomer"/>
  <testcase name="TS_ShoppingCart_001_TC_ShoppingCart_015_HGH_refreshFunctionality" time="31.630" classname="org.hgh.testmethods.HGHTestCustomer"/>
</testsuite> <!-- org.hgh.testmethods.HGHTestCustomer -->
